<html>
<head>
<title>TestNG:  SMOKE TEST SUITE</title>
<link href="../testng.css" rel="stylesheet" type="text/css" />
<link href="../my-testng.css" rel="stylesheet" type="text/css" />

<style type="text/css">
.log { display: none;} 
.stack-trace { display: none;} 
</style>
<script type="text/javascript">
<!--
function flip(e) {
  current = e.style.display;
  if (current == 'block') {
    e.style.display = 'none';
    return 0;
  }
  else {
    e.style.display = 'block';
    return 1;
  }
}

function toggleBox(szDivId, elem, msg1, msg2)
{
  var res = -1;  if (document.getElementById) {
    res = flip(document.getElementById(szDivId));
  }
  else if (document.all) {
    // this is the way old msie versions work
    res = flip(document.all[szDivId]);
  }
  if(elem) {
    if(res == 0) elem.innerHTML = msg1; else elem.innerHTML = msg2;
  }

}

function toggleAllBoxes() {
  if (document.getElementsByTagName) {
    d = document.getElementsByTagName('div');
    for (i = 0; i < d.length; i++) {
      if (d[i].className == 'log') {
        flip(d[i]);
      }
    }
  }
}

// -->
</script>

</head>
<body>
<h2 align='center'>SMOKE TEST SUITE</h2><table border='1' align="center">
<tr>
<td>Tests passed/Failed/Skipped:</td><td>6/4/0</td>
</tr><tr>
<td>Started on:</td><td>Wed Sep 21 21:20:22 IST 2022</td>
</tr>
<tr><td>Total time:</td><td>360 seconds (360177 ms)</td>
</tr><tr>
<td>Included groups:</td><td></td>
</tr><tr>
<td>Excluded groups:</td><td></td>
</tr>
</table><p/>
<small><i>(Hover the method name to see the test class name)</i></small><p/>
<table width='100%' border='1' class='invocation-failed'>
<tr><td colspan='4' align='center'><b>FAILED TESTS</b></td></tr>
<tr><td><b>Test method</b></td>
<td width="30%"><b>Exception</b></td>
<td width="10%"><b>Time (seconds)</b></td>
<td><b>Instance</b></td>
</tr>
<tr>
<td title='com.Script.kotak.fcc.product.InwardRemittanceTest.TCID_FCC_CG_IRM_0008_VerifySearchCriteriaTransactions()'><b>TCID_FCC_CG_IRM_0008_VerifySearchCriteriaTransactions</b><br>Test class: com.Script.kotak.fcc.product.InwardRemittanceTest<br/>
<a href="#Output-1831633393" onClick='toggleBox("Output-1831633393", this, "Show output", "Hide output");'>Show output</a>

<a href="#Output-1831633393" onClick="toggleAllBoxes();">Show all outputs</a>
<div class='log' id="Output-1831633393">
Step Description--> Click Inward Remittance<br/>
Step Description--> Click DI Inward Remittance<br/>
Step Description--> clickFTInquiry<br/>
Step Description--> click Filter Button<br/>
Step Description--> check Portal RefId Displayed<br/>
Step Description--> check Customer Reference Displayed<br/>
<a href=C:\Users\Dilip\git\InwardRemittance/target/surefire-reports/ScreenShot/TCID_FCC_CG_IRM_0008_VerifySearchCriteriaTransactions	arget="_blank">Screenshot link</a><br/>
<br><br/>
<a href="C:\Users\Dilip\git\InwardRemittance/target/surefire-reports/ScreenShot/TCID_FCC_CG_IRM_0008_VerifySearchCriteriaTransactions" target="_blank"><img hight=200 width=200 src="C:\Users\Dilip\git\InwardRemittance/target/surefire-reports/ScreenShot/TCID_FCC_CG_IRM_0008_VerifySearchCriteriaTransactions"></a><br/>
Capturing Screenshot for the Failed test -- TCID_FCC_CG_IRM_0008_VerifySearchCriteriaTransactions<br/>
</div>
</td>
<td><div><pre>java.lang.AssertionError: expected [true] but found [false]
	at com.generic.Utilities.addAssertTakeScreenShot(Utilities.java:399)
	at com.generic.Utilities.logReporter(Utilities.java:341)
	at com.kotak.fcc.product.InwardRemittance.IR.checkCustomerReferenceDisplayed(IR.java:126)
	at com.kotak.fcc.product.InwardRemittance.IR.verifySearchCriteriaTransactions(IR.java:168)
	at com.Script.kotak.fcc.product.InwardRemittanceTest.TCID_FCC_CG_IRM_0008_VerifySearchCriteriaTransactions(InwardRemittanceTest.java:104)
... Removed 31 stack frames</pre></div><a href='#' onClick='toggleBox("stack-trace1831633393", this, "Click to show all stack frames", "Click to hide stack frames")'>Click to show all stack frames</a>
<div class='stack-trace' id='stack-trace1831633393'><pre>java.lang.AssertionError: expected [true] but found [false]
	at org.testng.Assert.fail(Assert.java:94)
	at org.testng.Assert.failNotEquals(Assert.java:513)
	at org.testng.Assert.assertTrue(Assert.java:42)
	at org.testng.Assert.assertTrue(Assert.java:52)
	at com.generic.Utilities.addAssertTakeScreenShot(Utilities.java:399)
	at com.generic.Utilities.logReporter(Utilities.java:341)
	at com.kotak.fcc.product.InwardRemittance.IR.checkCustomerReferenceDisplayed(IR.java:126)
	at com.kotak.fcc.product.InwardRemittance.IR.verifySearchCriteriaTransactions(IR.java:168)
	at com.Script.kotak.fcc.product.InwardRemittanceTest.TCID_FCC_CG_IRM_0008_VerifySearchCriteriaTransactions(InwardRemittanceTest.java:104)
	at sun.reflect.NativeMethodAccessorImpl.invoke0(Native Method)
	at sun.reflect.NativeMethodAccessorImpl.invoke(NativeMethodAccessorImpl.java:62)
	at sun.reflect.DelegatingMethodAccessorImpl.invoke(DelegatingMethodAccessorImpl.java:43)
	at java.lang.reflect.Method.invoke(Method.java:498)
	at org.testng.internal.MethodInvocationHelper.invokeMethod(MethodInvocationHelper.java:86)
	at org.testng.internal.Invoker.invokeMethod(Invoker.java:643)
	at org.testng.internal.Invoker.invokeTestMethod(Invoker.java:820)
	at org.testng.internal.Invoker.invokeTestMethods(Invoker.java:1128)
	at org.testng.internal.TestMethodWorker.invokeTestMethods(TestMethodWorker.java:129)
	at org.testng.internal.TestMethodWorker.run(TestMethodWorker.java:112)
	at org.testng.TestRunner.privateRun(TestRunner.java:782)
	at org.testng.TestRunner.run(TestRunner.java:632)
	at org.testng.SuiteRunner.runTest(SuiteRunner.java:366)
	at org.testng.SuiteRunner.runSequentially(SuiteRunner.java:361)
	at org.testng.SuiteRunner.privateRun(SuiteRunner.java:319)
	at org.testng.SuiteRunner.run(SuiteRunner.java:268)
	at org.testng.SuiteRunnerWorker.runSuite(SuiteRunnerWorker.java:52)
	at org.testng.SuiteRunnerWorker.run(SuiteRunnerWorker.java:86)
	at org.testng.TestNG.runSuitesSequentially(TestNG.java:1244)
	at org.testng.TestNG.runSuitesLocally(TestNG.java:1169)
	at org.testng.TestNG.run(TestNG.java:1064)
	at org.apache.maven.surefire.testng.TestNGExecutor.run(TestNGExecutor.java:282)
	at org.apache.maven.surefire.testng.TestNGXmlTestSuite.execute(TestNGXmlTestSuite.java:83)
	at org.apache.maven.surefire.testng.TestNGProvider.invoke(TestNGProvider.java:114)
	at org.apache.maven.surefire.booter.ForkedBooter.invokeProviderInSameClassLoader(ForkedBooter.java:286)
	at org.apache.maven.surefire.booter.ForkedBooter.runSuitesInProcess(ForkedBooter.java:240)
	at org.apache.maven.surefire.booter.ForkedBooter.main(ForkedBooter.java:121)
</pre></div></td>
<td>48</td>
<td>com.Script.kotak.fcc.product.InwardRemittanceTest@2de7fe0e</td></tr>
<tr>
<td title='com.Script.kotak.fcc.product.InwardRemittanceTest.TCID_FCC_CG_IRM_031_verifyPullBackMenuOptionsInFTI()'><b>TCID_FCC_CG_IRM_031_verifyPullBackMenuOptionsInFTI</b><br>Test class: com.Script.kotak.fcc.product.InwardRemittanceTest<br/>
<a href="#Output-2101811200" onClick='toggleBox("Output-2101811200", this, "Show output", "Hide output");'>Show output</a>

<a href="#Output-2101811200" onClick="toggleAllBoxes();">Show all outputs</a>
<div class='log' id="Output-2101811200">
Step Description--> click Nostro Utility<br/>
<a href=C:\Users\Dilip\git\InwardRemittance/target/surefire-reports/ScreenShot/TCID_FCC_CG_IRM_031_verifyPullBackMenuOptionsInFTI	arget="_blank">Screenshot link</a><br/>
<br><br/>
<a href="C:\Users\Dilip\git\InwardRemittance/target/surefire-reports/ScreenShot/TCID_FCC_CG_IRM_031_verifyPullBackMenuOptionsInFTI" target="_blank"><img hight=200 width=200 src="C:\Users\Dilip\git\InwardRemittance/target/surefire-reports/ScreenShot/TCID_FCC_CG_IRM_031_verifyPullBackMenuOptionsInFTI"></a><br/>
Capturing Screenshot for the Failed test -- TCID_FCC_CG_IRM_031_verifyPullBackMenuOptionsInFTI<br/>
</div>
</td>
<td><div><pre>java.lang.AssertionError: expected [true] but found [false]
	at com.generic.Utilities.addAssertTakeScreenShot(Utilities.java:399)
	at com.generic.Utilities.logReporter(Utilities.java:341)
	at com.kotak.fcc.product.InwardRemittance.FTI.clickNostroUtility(FTI.java:121)
	at com.Script.kotak.fcc.product.InwardRemittanceTest.TCID_FCC_CG_IRM_031_verifyPullBackMenuOptionsInFTI(InwardRemittanceTest.java:195)
... Removed 31 stack frames</pre></div><a href='#' onClick='toggleBox("stack-trace2101811200", this, "Click to show all stack frames", "Click to hide stack frames")'>Click to show all stack frames</a>
<div class='stack-trace' id='stack-trace2101811200'><pre>java.lang.AssertionError: expected [true] but found [false]
	at org.testng.Assert.fail(Assert.java:94)
	at org.testng.Assert.failNotEquals(Assert.java:513)
	at org.testng.Assert.assertTrue(Assert.java:42)
	at org.testng.Assert.assertTrue(Assert.java:52)
	at com.generic.Utilities.addAssertTakeScreenShot(Utilities.java:399)
	at com.generic.Utilities.logReporter(Utilities.java:341)
	at com.kotak.fcc.product.InwardRemittance.FTI.clickNostroUtility(FTI.java:121)
	at com.Script.kotak.fcc.product.InwardRemittanceTest.TCID_FCC_CG_IRM_031_verifyPullBackMenuOptionsInFTI(InwardRemittanceTest.java:195)
	at sun.reflect.NativeMethodAccessorImpl.invoke0(Native Method)
	at sun.reflect.NativeMethodAccessorImpl.invoke(NativeMethodAccessorImpl.java:62)
	at sun.reflect.DelegatingMethodAccessorImpl.invoke(DelegatingMethodAccessorImpl.java:43)
	at java.lang.reflect.Method.invoke(Method.java:498)
	at org.testng.internal.MethodInvocationHelper.invokeMethod(MethodInvocationHelper.java:86)
	at org.testng.internal.Invoker.invokeMethod(Invoker.java:643)
	at org.testng.internal.Invoker.invokeTestMethod(Invoker.java:820)
	at org.testng.internal.Invoker.invokeTestMethods(Invoker.java:1128)
	at org.testng.internal.TestMethodWorker.invokeTestMethods(TestMethodWorker.java:129)
	at org.testng.internal.TestMethodWorker.run(TestMethodWorker.java:112)
	at org.testng.TestRunner.privateRun(TestRunner.java:782)
	at org.testng.TestRunner.run(TestRunner.java:632)
	at org.testng.SuiteRunner.runTest(SuiteRunner.java:366)
	at org.testng.SuiteRunner.runSequentially(SuiteRunner.java:361)
	at org.testng.SuiteRunner.privateRun(SuiteRunner.java:319)
	at org.testng.SuiteRunner.run(SuiteRunner.java:268)
	at org.testng.SuiteRunnerWorker.runSuite(SuiteRunnerWorker.java:52)
	at org.testng.SuiteRunnerWorker.run(SuiteRunnerWorker.java:86)
	at org.testng.TestNG.runSuitesSequentially(TestNG.java:1244)
	at org.testng.TestNG.runSuitesLocally(TestNG.java:1169)
	at org.testng.TestNG.run(TestNG.java:1064)
	at org.apache.maven.surefire.testng.TestNGExecutor.run(TestNGExecutor.java:282)
	at org.apache.maven.surefire.testng.TestNGXmlTestSuite.execute(TestNGXmlTestSuite.java:83)
	at org.apache.maven.surefire.testng.TestNGProvider.invoke(TestNGProvider.java:114)
	at org.apache.maven.surefire.booter.ForkedBooter.invokeProviderInSameClassLoader(ForkedBooter.java:286)
	at org.apache.maven.surefire.booter.ForkedBooter.runSuitesInProcess(ForkedBooter.java:240)
	at org.apache.maven.surefire.booter.ForkedBooter.main(ForkedBooter.java:121)
</pre></div></td>
<td>22</td>
<td>com.Script.kotak.fcc.product.InwardRemittanceTest@2de7fe0e</td></tr>
<tr>
<td title='com.Script.kotak.fcc.product.InwardRemittanceTest.TCID_FCC_CG_IRM_032_verifyPullBackEnquirySubmenuInFTI()'><b>TCID_FCC_CG_IRM_032_verifyPullBackEnquirySubmenuInFTI</b><br>Test class: com.Script.kotak.fcc.product.InwardRemittanceTest<br/>
<a href="#Output-1039075386" onClick='toggleBox("Output-1039075386", this, "Show output", "Hide output");'>Show output</a>

<a href="#Output-1039075386" onClick="toggleAllBoxes();">Show all outputs</a>
<div class='log' id="Output-1039075386">
Step Description--> click Nostro Utility<br/>
<a href=C:\Users\Dilip\git\InwardRemittance/target/surefire-reports/ScreenShot/TCID_FCC_CG_IRM_032_verifyPullBackEnquirySubmenuInFTI	arget="_blank">Screenshot link</a><br/>
<br><br/>
<a href="C:\Users\Dilip\git\InwardRemittance/target/surefire-reports/ScreenShot/TCID_FCC_CG_IRM_032_verifyPullBackEnquirySubmenuInFTI" target="_blank"><img hight=200 width=200 src="C:\Users\Dilip\git\InwardRemittance/target/surefire-reports/ScreenShot/TCID_FCC_CG_IRM_032_verifyPullBackEnquirySubmenuInFTI"></a><br/>
Capturing Screenshot for the Failed test -- TCID_FCC_CG_IRM_032_verifyPullBackEnquirySubmenuInFTI<br/>
</div>
</td>
<td><div><pre>java.lang.AssertionError: expected [true] but found [false]
	at com.generic.Utilities.addAssertTakeScreenShot(Utilities.java:399)
	at com.generic.Utilities.logReporter(Utilities.java:341)
	at com.kotak.fcc.product.InwardRemittance.FTI.clickNostroUtility(FTI.java:121)
	at com.Script.kotak.fcc.product.InwardRemittanceTest.TCID_FCC_CG_IRM_032_verifyPullBackEnquirySubmenuInFTI(InwardRemittanceTest.java:209)
... Removed 31 stack frames</pre></div><a href='#' onClick='toggleBox("stack-trace1039075386", this, "Click to show all stack frames", "Click to hide stack frames")'>Click to show all stack frames</a>
<div class='stack-trace' id='stack-trace1039075386'><pre>java.lang.AssertionError: expected [true] but found [false]
	at org.testng.Assert.fail(Assert.java:94)
	at org.testng.Assert.failNotEquals(Assert.java:513)
	at org.testng.Assert.assertTrue(Assert.java:42)
	at org.testng.Assert.assertTrue(Assert.java:52)
	at com.generic.Utilities.addAssertTakeScreenShot(Utilities.java:399)
	at com.generic.Utilities.logReporter(Utilities.java:341)
	at com.kotak.fcc.product.InwardRemittance.FTI.clickNostroUtility(FTI.java:121)
	at com.Script.kotak.fcc.product.InwardRemittanceTest.TCID_FCC_CG_IRM_032_verifyPullBackEnquirySubmenuInFTI(InwardRemittanceTest.java:209)
	at sun.reflect.NativeMethodAccessorImpl.invoke0(Native Method)
	at sun.reflect.NativeMethodAccessorImpl.invoke(NativeMethodAccessorImpl.java:62)
	at sun.reflect.DelegatingMethodAccessorImpl.invoke(DelegatingMethodAccessorImpl.java:43)
	at java.lang.reflect.Method.invoke(Method.java:498)
	at org.testng.internal.MethodInvocationHelper.invokeMethod(MethodInvocationHelper.java:86)
	at org.testng.internal.Invoker.invokeMethod(Invoker.java:643)
	at org.testng.internal.Invoker.invokeTestMethod(Invoker.java:820)
	at org.testng.internal.Invoker.invokeTestMethods(Invoker.java:1128)
	at org.testng.internal.TestMethodWorker.invokeTestMethods(TestMethodWorker.java:129)
	at org.testng.internal.TestMethodWorker.run(TestMethodWorker.java:112)
	at org.testng.TestRunner.privateRun(TestRunner.java:782)
	at org.testng.TestRunner.run(TestRunner.java:632)
	at org.testng.SuiteRunner.runTest(SuiteRunner.java:366)
	at org.testng.SuiteRunner.runSequentially(SuiteRunner.java:361)
	at org.testng.SuiteRunner.privateRun(SuiteRunner.java:319)
	at org.testng.SuiteRunner.run(SuiteRunner.java:268)
	at org.testng.SuiteRunnerWorker.runSuite(SuiteRunnerWorker.java:52)
	at org.testng.SuiteRunnerWorker.run(SuiteRunnerWorker.java:86)
	at org.testng.TestNG.runSuitesSequentially(TestNG.java:1244)
	at org.testng.TestNG.runSuitesLocally(TestNG.java:1169)
	at org.testng.TestNG.run(TestNG.java:1064)
	at org.apache.maven.surefire.testng.TestNGExecutor.run(TestNGExecutor.java:282)
	at org.apache.maven.surefire.testng.TestNGXmlTestSuite.execute(TestNGXmlTestSuite.java:83)
	at org.apache.maven.surefire.testng.TestNGProvider.invoke(TestNGProvider.java:114)
	at org.apache.maven.surefire.booter.ForkedBooter.invokeProviderInSameClassLoader(ForkedBooter.java:286)
	at org.apache.maven.surefire.booter.ForkedBooter.runSuitesInProcess(ForkedBooter.java:240)
	at org.apache.maven.surefire.booter.ForkedBooter.main(ForkedBooter.java:121)
</pre></div></td>
<td>22</td>
<td>com.Script.kotak.fcc.product.InwardRemittanceTest@2de7fe0e</td></tr>
<tr>
<td title='com.Script.kotak.fcc.product.InwardRemittanceTest.TCID_FCC_CG_IRM_033_verifyFunctionalityOfPullBackFCCSubmenu()'><b>TCID_FCC_CG_IRM_033_verifyFunctionalityOfPullBackFCCSubmenu</b><br>Test class: com.Script.kotak.fcc.product.InwardRemittanceTest<br/>
<a href="#Output-235038634" onClick='toggleBox("Output-235038634", this, "Show output", "Hide output");'>Show output</a>

<a href="#Output-235038634" onClick="toggleAllBoxes();">Show all outputs</a>
<div class='log' id="Output-235038634">
Step Description--> click Nostro Utility<br/>
<a href=C:\Users\Dilip\git\InwardRemittance/target/surefire-reports/ScreenShot/TCID_FCC_CG_IRM_033_verifyFunctionalityOfPullBackFCCSubmenu	arget="_blank">Screenshot link</a><br/>
<br><br/>
<a href="C:\Users\Dilip\git\InwardRemittance/target/surefire-reports/ScreenShot/TCID_FCC_CG_IRM_033_verifyFunctionalityOfPullBackFCCSubmenu" target="_blank"><img hight=200 width=200 src="C:\Users\Dilip\git\InwardRemittance/target/surefire-reports/ScreenShot/TCID_FCC_CG_IRM_033_verifyFunctionalityOfPullBackFCCSubmenu"></a><br/>
Capturing Screenshot for the Failed test -- TCID_FCC_CG_IRM_033_verifyFunctionalityOfPullBackFCCSubmenu<br/>
</div>
</td>
<td><div><pre>java.lang.AssertionError: expected [true] but found [false]
	at com.generic.Utilities.addAssertTakeScreenShot(Utilities.java:399)
	at com.generic.Utilities.logReporter(Utilities.java:341)
	at com.kotak.fcc.product.InwardRemittance.FTI.clickNostroUtility(FTI.java:121)
	at com.Script.kotak.fcc.product.InwardRemittanceTest.TCID_FCC_CG_IRM_033_verifyFunctionalityOfPullBackFCCSubmenu(InwardRemittanceTest.java:227)
... Removed 31 stack frames</pre></div><a href='#' onClick='toggleBox("stack-trace235038634", this, "Click to show all stack frames", "Click to hide stack frames")'>Click to show all stack frames</a>
<div class='stack-trace' id='stack-trace235038634'><pre>java.lang.AssertionError: expected [true] but found [false]
	at org.testng.Assert.fail(Assert.java:94)
	at org.testng.Assert.failNotEquals(Assert.java:513)
	at org.testng.Assert.assertTrue(Assert.java:42)
	at org.testng.Assert.assertTrue(Assert.java:52)
	at com.generic.Utilities.addAssertTakeScreenShot(Utilities.java:399)
	at com.generic.Utilities.logReporter(Utilities.java:341)
	at com.kotak.fcc.product.InwardRemittance.FTI.clickNostroUtility(FTI.java:121)
	at com.Script.kotak.fcc.product.InwardRemittanceTest.TCID_FCC_CG_IRM_033_verifyFunctionalityOfPullBackFCCSubmenu(InwardRemittanceTest.java:227)
	at sun.reflect.NativeMethodAccessorImpl.invoke0(Native Method)
	at sun.reflect.NativeMethodAccessorImpl.invoke(NativeMethodAccessorImpl.java:62)
	at sun.reflect.DelegatingMethodAccessorImpl.invoke(DelegatingMethodAccessorImpl.java:43)
	at java.lang.reflect.Method.invoke(Method.java:498)
	at org.testng.internal.MethodInvocationHelper.invokeMethod(MethodInvocationHelper.java:86)
	at org.testng.internal.Invoker.invokeMethod(Invoker.java:643)
	at org.testng.internal.Invoker.invokeTestMethod(Invoker.java:820)
	at org.testng.internal.Invoker.invokeTestMethods(Invoker.java:1128)
	at org.testng.internal.TestMethodWorker.invokeTestMethods(TestMethodWorker.java:129)
	at org.testng.internal.TestMethodWorker.run(TestMethodWorker.java:112)
	at org.testng.TestRunner.privateRun(TestRunner.java:782)
	at org.testng.TestRunner.run(TestRunner.java:632)
	at org.testng.SuiteRunner.runTest(SuiteRunner.java:366)
	at org.testng.SuiteRunner.runSequentially(SuiteRunner.java:361)
	at org.testng.SuiteRunner.privateRun(SuiteRunner.java:319)
	at org.testng.SuiteRunner.run(SuiteRunner.java:268)
	at org.testng.SuiteRunnerWorker.runSuite(SuiteRunnerWorker.java:52)
	at org.testng.SuiteRunnerWorker.run(SuiteRunnerWorker.java:86)
	at org.testng.TestNG.runSuitesSequentially(TestNG.java:1244)
	at org.testng.TestNG.runSuitesLocally(TestNG.java:1169)
	at org.testng.TestNG.run(TestNG.java:1064)
	at org.apache.maven.surefire.testng.TestNGExecutor.run(TestNGExecutor.java:282)
	at org.apache.maven.surefire.testng.TestNGXmlTestSuite.execute(TestNGXmlTestSuite.java:83)
	at org.apache.maven.surefire.testng.TestNGProvider.invoke(TestNGProvider.java:114)
	at org.apache.maven.surefire.booter.ForkedBooter.invokeProviderInSameClassLoader(ForkedBooter.java:286)
	at org.apache.maven.surefire.booter.ForkedBooter.runSuitesInProcess(ForkedBooter.java:240)
	at org.apache.maven.surefire.booter.ForkedBooter.main(ForkedBooter.java:121)
</pre></div></td>
<td>23</td>
<td>com.Script.kotak.fcc.product.InwardRemittanceTest@2de7fe0e</td></tr>
</table><p>
<table width='100%' border='1' class='invocation-passed'>
<tr><td colspan='4' align='center'><b>PASSED TESTS</b></td></tr>
<tr><td><b>Test method</b></td>
<td width="30%"><b>Exception</b></td>
<td width="10%"><b>Time (seconds)</b></td>
<td><b>Instance</b></td>
</tr>
<tr>
<td title='com.Script.kotak.fcc.product.InwardRemittanceTest.TCID_FCC_CG_IRM_0010_VerifyMenuOptionsAvailable()'><b>TCID_FCC_CG_IRM_0010_VerifyMenuOptionsAvailable</b><br>Test class: com.Script.kotak.fcc.product.InwardRemittanceTest<br/>
<a href="#Output-1514064817" onClick='toggleBox("Output-1514064817", this, "Show output", "Hide output");'>Show output</a>

<a href="#Output-1514064817" onClick="toggleAllBoxes();">Show all outputs</a>
<div class='log' id="Output-1514064817">
Step Description--> Click Inward Remittance<br/>
Step Description--> Click DI Inward Remittance<br/>
Step Description--> check DI Inward Remittance Displayed<br/>
</div>
</td>
<td></td>
<td>7</td>
<td>com.Script.kotak.fcc.product.InwardRemittanceTest@2de7fe0e</td></tr>
<tr>
<td title='com.Script.kotak.fcc.product.InwardRemittanceTest.TCID_FCC_CG_IRM_0011_VerifyTransactionsReceivedFromNostroUtility()'><b>TCID_FCC_CG_IRM_0011_VerifyTransactionsReceivedFromNostroUtility</b><br>Test class: com.Script.kotak.fcc.product.InwardRemittanceTest<br/>
<a href="#Output-1292353677" onClick='toggleBox("Output-1292353677", this, "Show output", "Hide output");'>Show output</a>

<a href="#Output-1292353677" onClick="toggleAllBoxes();">Show all outputs</a>
<div class='log' id="Output-1292353677">
Step Description--> Click Inward Remittance<br/>
Step Description--> Click DI Inward Remittance<br/>
Step Description--> click Edit Transactions<br/>
Step Description--> check Transactions Received From Nostro Utility Displayed<br/>
</div>
</td>
<td></td>
<td>10</td>
<td>com.Script.kotak.fcc.product.InwardRemittanceTest@2de7fe0e</td></tr>
<tr>
<td title='com.Script.kotak.fcc.product.InwardRemittanceTest.TCID_FCC_CG_IRM_001_MessageToBank_MenuOptions_Verification()'><b>TCID_FCC_CG_IRM_001_MessageToBank_MenuOptions_Verification</b><br>Test class: com.Script.kotak.fcc.product.InwardRemittanceTest<br/>
<a href="#Output-1228544850" onClick='toggleBox("Output-1228544850", this, "Show output", "Hide output");'>Show output</a>

<a href="#Output-1228544850" onClick="toggleAllBoxes();">Show all outputs</a>
<div class='log' id="Output-1228544850">
Step Description--> open new URL <br/>
Step Description--> Open AUT URL -----> https://nbuat.kotak.com/knb2/<br/>
Step Description--> Set user name|| Input Value : 105360700<br/>
Step Description--> Click 'Next' button<br/>
Step Description--> Set password|| Input Value : Quality123<br/>
Step Description--> Click 'SecureLogin' button<br/>
Step Description--> Verify user login is successfull by using page title || Expected Result : Kotak Net Banking || Actual Result : Kotak Net Banking<br/>
Step Description--> Click 'Trade Link' <br/>
Step Description--> Click 'Trade Link' <br/>
Step Description--> Click Inward Remittance<br/>
Step Description--> Click DI Inward Remittance<br/>
Step Description--> check Edit Transactions Displayed<br/>
Step Description--> check Review Displayed<br/>
</div>
</td>
<td></td>
<td>90</td>
<td>com.Script.kotak.fcc.product.InwardRemittanceTest@2de7fe0e</td></tr>
<tr>
<td title='com.Script.kotak.fcc.product.InwardRemittanceTest.TCID_FCC_CG_IRM_0025_verifyAuditDetailsForInwardRemittanceTransaction()'><b>TCID_FCC_CG_IRM_0025_verifyAuditDetailsForInwardRemittanceTransaction</b><br>Test class: com.Script.kotak.fcc.product.InwardRemittanceTest<br/>
<a href="#Output-253709668" onClick='toggleBox("Output-253709668", this, "Show output", "Hide output");'>Show output</a>

<a href="#Output-253709668" onClick="toggleAllBoxes();">Show all outputs</a>
<div class='log' id="Output-253709668">
Step Description--> Click Inward Remittance<br/>
Step Description--> Click DI Inward Remittance<br/>
Step Description--> click On Details<br/>
Step Description--> click On Transction Button<br/>
</div>
</td>
<td></td>
<td>15</td>
<td>com.Script.kotak.fcc.product.InwardRemittanceTest@2de7fe0e</td></tr>
<tr>
<td title='com.Script.kotak.fcc.product.InwardRemittanceTest.TCID_FCC_CG_IRM_0026_verifyAuditDetailsForRemittanceCreditTransaction()'><b>TCID_FCC_CG_IRM_0026_verifyAuditDetailsForRemittanceCreditTransaction</b><br>Test class: com.Script.kotak.fcc.product.InwardRemittanceTest<br/>
<a href="#Output-1199461870" onClick='toggleBox("Output-1199461870", this, "Show output", "Hide output");'>Show output</a>

<a href="#Output-1199461870" onClick="toggleAllBoxes();">Show all outputs</a>
<div class='log' id="Output-1199461870">
Step Description--> Click Inward Remittance<br/>
Step Description--> Click DI Inward Remittance<br/>
Step Description--> click On Details<br/>
Step Description--> click On Transction Button<br/>
</div>
</td>
<td></td>
<td>11</td>
<td>com.Script.kotak.fcc.product.InwardRemittanceTest@2de7fe0e</td></tr>
<tr>
<td title='com.Script.kotak.fcc.product.InwardRemittanceTest.TCID_FCC_CG_IRM_0034_verifyTransactionCopyValidation()'><b>TCID_FCC_CG_IRM_0034_verifyTransactionCopyValidation</b><br>Test class: com.Script.kotak.fcc.product.InwardRemittanceTest<br/>
<a href="#Output-555959536" onClick='toggleBox("Output-555959536", this, "Show output", "Hide output");'>Show output</a>

<a href="#Output-555959536" onClick="toggleAllBoxes();">Show all outputs</a>
<div class='log' id="Output-555959536">
Step Description--> Click Inward Remittance<br/>
Step Description--> Click DI Inward Remittance<br/>
Step Description--> click On View<br/>
Step Description--> click On Download<br/>
Step Description--> Click Inward Remittance<br/>
Step Description--> Click DI Inward Remittance<br/>
</div>
</td>
<td></td>
<td>21</td>
<td>com.Script.kotak.fcc.product.InwardRemittanceTest@2de7fe0e</td></tr>
</table><p>
</body>
</html>