<!DOCTYPE html PUBLIC "-//W3C//DTD XHTML 1.1//EN" "http://www.w3.org/TR/xhtml11/DTD/xhtml11.dtd">
<html xmlns="http://www.w3.org/1999/xhtml"><head><title>TestNG Report</title><style type="text/css">table {margin-bottom:10px;border-collapse:collapse;empty-cells:show}th,td {border:1px solid #009;padding:.25em .5em}th {vertical-align:bottom}td {vertical-align:top}table a {font-weight:bold}.stripe td {background-color: #E6EBF9}.num {text-align:right}.passedodd td {background-color: #3F3}.passedeven td {background-color: #0A0}.skippedodd td {background-color: #DDD}.skippedeven td {background-color: #CCC}.failedodd td,.attn {background-color: #F33}.failedeven td,.stripe .attn {background-color: #D00}.stacktrace {white-space:pre;font-family:monospace}.totop {font-size:85%;text-align:center;border-bottom:2px solid #000}</style></head><body><table><tr><th>Test</th><th># Passed</th><th># Skipped</th><th># Failed</th><th>Time (ms)</th><th>Included Groups</th><th>Excluded Groups</th></tr><tr><th colspan="7">Kotak InwardRemittance</th></tr><tr><td><a href="#t0">SMOKE TEST SUITE</a></td><td class="num">7</td><td class="num">0</td><td class="num attn">8</td><td class="num">557,697</td><td></td><td></td></tr></table><table><thead><tr><th>Class</th><th>Method</th><th>Start</th><th>Time (ms)</th></tr></thead><tbody><tr><th colspan="4">Kotak InwardRemittance</th></tr></tbody><tbody id="t0"><tr><th colspan="4">SMOKE TEST SUITE &#8212; failed (configuration methods)</th></tr><tr class="failedeven"><td rowspan="1">com.Script.kotak.fcc.product.InwardRemittanceTest</td><td><a href="#m0">tearDownEnvironment</a></td><td rowspan="1">1663788361143</td><td rowspan="1">0</td></tr><tr><th colspan="4">SMOKE TEST SUITE &#8212; failed</th></tr><tr class="failedeven"><td rowspan="8">com.Script.kotak.fcc.product.InwardRemittanceTest</td><td><a href="#m1">FCC_CGIRM0017verifySubProductDisposalInstructions</a></td><td rowspan="1">1663788077359</td><td rowspan="1">49624</td></tr><tr class="failedeven"><td><a href="#m2">FCC_CGIRM0019verifyFieldValidationPurposeType</a></td><td rowspan="1">1663788132863</td><td rowspan="1">48853</td></tr><tr class="failedeven"><td><a href="#m3">FCC_CGIRM0020verifyverifyFieldValidationRealisatiopExportBillsInwardRemittance</a></td><td rowspan="1">1663788187005</td><td rowspan="1">36112</td></tr><tr class="failedeven"><td><a href="#m4">FCC_CGIRM0021verifyFieldValidationPurposeTypeOtherReceiptMISCInwardRemittance</a></td><td rowspan="1">1663788228534</td><td rowspan="1">20162</td></tr><tr class="failedeven"><td><a href="#m5">FCC_CGIRM0023verifyInwardRemittanceSwiftDetails</a></td><td rowspan="1">1663788254067</td><td rowspan="1">30187</td></tr><tr class="failedeven"><td><a href="#m6">TCID_FCCCGIRM031verifyPullBackMenuOptionsInFTI</a></td><td rowspan="1">1663788289643</td><td rowspan="1">20158</td></tr><tr class="failedeven"><td><a href="#m7">TCID_FCCCGIRM032verifyPullBackEnquirySubmenuInFTI</a></td><td rowspan="1">1663788315058</td><td rowspan="1">20153</td></tr><tr class="failedeven"><td><a href="#m8">TCID_FCCCGIRM033verifyFunctionalityOfPullBackFCCSubmenu</a></td><td rowspan="1">1663788340544</td><td rowspan="1">20261</td></tr><tr><th colspan="4">SMOKE TEST SUITE &#8212; passed</th></tr><tr class="passedeven"><td rowspan="7">com.Script.kotak.fcc.product.InwardRemittanceTest</td><td><a href="#m9">TCIDFCCCGIRM001MessageToBankMenuOptionsVerification</a></td><td rowspan="1">1663787826563</td><td rowspan="1">64699</td></tr><tr class="passedeven"><td><a href="#m10">TCID_FCCCGIRM0008VerifySearchCriteriaTransactions</a></td><td rowspan="1">1663787896299</td><td rowspan="1">34743</td></tr><tr class="passedeven"><td><a href="#m11">TCID_FCCCGIRM0010VerifyMenuOptionsAvailable</a></td><td rowspan="1">1663787937879</td><td rowspan="1">17408</td></tr><tr class="passedeven"><td><a href="#m12">TCID_FCCCGIRM0011VerifyTransactionsReceivedFromNostroUtility</a></td><td rowspan="1">1663787961299</td><td rowspan="1">19974</td></tr><tr class="passedeven"><td><a href="#m13">TCID_FCCCGIRM0025verifyAuditDetailsForInwardRemittanceTransaction</a></td><td rowspan="1">1663787986838</td><td rowspan="1">12703</td></tr><tr class="passedeven"><td><a href="#m14">TCID_FCCCGIRM0026verifyAuditDetailsForRemittanceCreditTransaction</a></td><td rowspan="1">1663788005256</td><td rowspan="1">21331</td></tr><tr class="passedeven"><td><a href="#m15">TCID_FCCCGIRM0034verifyTransactionCopyValidation</a></td><td rowspan="1">1663788032112</td><td rowspan="1">39866</td></tr></tbody></table><h2>SMOKE TEST SUITE</h2><h3 id="m0">com.Script.kotak.fcc.product.InwardRemittanceTest#tearDownEnvironment</h3><table class="result"><tr><th>Exception</th></tr><tr><td><div class="stacktrace">java.lang.NullPointerException
	at com.generic.BaseTest.tearDownWebEnvironment(BaseTest.java:199)
	at com.Script.kotak.fcc.product.InwardRemittanceTest.tearDownEnvironment(InwardRemittanceTest.java:60)
... Removed 27 stack frames</div></td></tr></table><p class="totop"><a href="#summary">back to summary</a></p><h3 id="m1">com.Script.kotak.fcc.product.InwardRemittanceTest#FCC_CGIRM0017verifySubProductDisposalInstructions</h3><table class="result"><tr><th>Messages</th></tr><tr><td><div class="messages">Step Description--&gt; Click DI Inward Remittance<br/>Step Description--&gt; Click DI Inward Remittance<br/>Step Description--&gt; click Edit Transactions<br/>Step Description--&gt; clickFTInquiry<br/>Step Description--&gt; click Next Button<br/>Step Description--&gt; click On type<br/>Step Description--&gt; click On Option<br/>&lt;a href=C:\Users\Dilip\git\InwardRemittance/target/surefire-reports/ScreenShot/FCC_CG_IRM_0017_verifySubProductDisposalInstructions	arget=&quot;_blank&quot;&gt;Screenshot link&lt;/a&gt;<br/>&lt;br&gt;<br/>&lt;a href=&quot;C:\Users\Dilip\git\InwardRemittance/target/surefire-reports/ScreenShot/FCC_CG_IRM_0017_verifySubProductDisposalInstructions&quot; target=&quot;_blank&quot;&gt;&lt;img hight=200 width=200 src=&quot;C:\Users\Dilip\git\InwardRemittance/target/surefire-reports/ScreenShot/FCC_CG_IRM_0017_verifySubProductDisposalInstructions&quot;&gt;&lt;/a&gt;<br/>Capturing Screenshot for the Failed test -- FCC_CGIRM0017verifySubProductDisposalInstructions</div></td></tr><tr><th>Exception</th></tr><tr><td><div class="stacktrace">java.lang.AssertionError: expected [true] but found [false]
	at com.generic.Utilities.addAssertTakeScreenShot(Utilities.java:399)
	at com.generic.Utilities.logReporter(Utilities.java:341)
	at com.kotak.fcc.product.InwardRemittance.IRDisposalInstructionDetails.verifySubProductDisposal(IRDisposalInstructionDetails.java:70)
	at com.view.kotak.fcc.product.InwardRemittanceView.verifySubProductDisposal_1(InwardRemittanceView.java:36)
	at com.Script.kotak.fcc.product.InwardRemittanceTest.FCC_CGIRM0017verifySubProductDisposalInstructions(InwardRemittanceTest.java:213)
... Removed 31 stack frames</div></td></tr></table><p class="totop"><a href="#summary">back to summary</a></p><h3 id="m2">com.Script.kotak.fcc.product.InwardRemittanceTest#FCC_CGIRM0019verifyFieldValidationPurposeType</h3><table class="result"><tr><th>Messages</th></tr><tr><td><div class="messages">Step Description--&gt; Click DI Inward Remittance<br/>Step Description--&gt; Click DI Inward Remittance<br/>Step Description--&gt; click Edit Transactions<br/>Step Description--&gt; clickFTInquiry<br/>Step Description--&gt; click Next Button<br/>Step Description--&gt; click On type<br/>Step Description--&gt; click On Option<br/>&lt;a href=C:\Users\Dilip\git\InwardRemittance/target/surefire-reports/ScreenShot/FCC_CG_IRM_0019_verifyFieldValidationPurposeType	arget=&quot;_blank&quot;&gt;Screenshot link&lt;/a&gt;<br/>&lt;br&gt;<br/>&lt;a href=&quot;C:\Users\Dilip\git\InwardRemittance/target/surefire-reports/ScreenShot/FCC_CG_IRM_0019_verifyFieldValidationPurposeType&quot; target=&quot;_blank&quot;&gt;&lt;img hight=200 width=200 src=&quot;C:\Users\Dilip\git\InwardRemittance/target/surefire-reports/ScreenShot/FCC_CG_IRM_0019_verifyFieldValidationPurposeType&quot;&gt;&lt;/a&gt;<br/>Capturing Screenshot for the Failed test -- FCC_CGIRM0019verifyFieldValidationPurposeType</div></td></tr><tr><th>Exception</th></tr><tr><td><div class="stacktrace">java.lang.AssertionError: expected [true] but found [false]
	at com.generic.Utilities.addAssertTakeScreenShot(Utilities.java:399)
	at com.generic.Utilities.logReporter(Utilities.java:341)
	at com.kotak.fcc.product.InwardRemittance.IRDisposalInstructionDetails.verifySubProductDisposal(IRDisposalInstructionDetails.java:70)
	at com.view.kotak.fcc.product.InwardRemittanceView.verifySubProductDisposal_1(InwardRemittanceView.java:36)
	at com.Script.kotak.fcc.product.InwardRemittanceTest.FCC_CGIRM0019verifyFieldValidationPurposeType(InwardRemittanceTest.java:239)
... Removed 31 stack frames</div></td></tr></table><p class="totop"><a href="#summary">back to summary</a></p><h3 id="m3">com.Script.kotak.fcc.product.InwardRemittanceTest#FCC_CGIRM0020verifyverifyFieldValidationRealisatiopExportBillsInwardRemittance</h3><table class="result"><tr><th>Messages</th></tr><tr><td><div class="messages">Step Description--&gt; Click DI Inward Remittance<br/>Step Description--&gt; Click DI Inward Remittance<br/>Step Description--&gt; click Edit Transactions<br/>&lt;a href=C:\Users\Dilip\git\InwardRemittance/target/surefire-reports/ScreenShot/FCC_CG_IRM_0020_verifyverifyFieldValidationRealisatiopExportBillsInwardRemittance	arget=&quot;_blank&quot;&gt;Screenshot link&lt;/a&gt;<br/>&lt;br&gt;<br/>&lt;a href=&quot;C:\Users\Dilip\git\InwardRemittance/target/surefire-reports/ScreenShot/FCC_CG_IRM_0020_verifyverifyFieldValidationRealisatiopExportBillsInwardRemittance&quot; target=&quot;_blank&quot;&gt;&lt;img hight=200 width=200 src=&quot;C:\Users\Dilip\git\InwardRemittance/target/surefire-reports/ScreenShot/FCC_CG_IRM_0020_verifyverifyFieldValidationRealisatiopExportBillsInwardRemittance&quot;&gt;&lt;/a&gt;<br/>Capturing Screenshot for the Failed test -- FCC_CGIRM0020verifyverifyFieldValidationRealisatiopExportBillsInwardRemittance</div></td></tr><tr><th>Exception</th></tr><tr><td><div class="stacktrace">org.openqa.selenium.NoSuchWindowException: no such window: target window already closed
from unknown error: web view not found
  (Session info: chrome=105.0.5195.127)
Build info: version: &apos;3.14.0&apos;, revision: &apos;aacccce0&apos;, time: &apos;2018-08-02T20:19:58.91Z&apos;
System info: host: &apos;DESKTOP-QM91UED&apos;, ip: &apos;192.168.244.145&apos;, os.name: &apos;Windows 10&apos;, os.arch: &apos;amd64&apos;, os.version: &apos;10.0&apos;, java.version: &apos;1.8.0_121&apos;
Driver info: org.openqa.selenium.chrome.ChromeDriver
Capabilities {acceptInsecureCerts: false, browserName: chrome, browserVersion: 105.0.5195.127, chrome: {chromedriverVersion: 105.0.5195.52 (412c95e51883..., userDataDir: C:\Users\Dilip\AppData\Loca...}, goog:chromeOptions: {debuggerAddress: localhost:55974}, javascriptEnabled: true, networkConnectionEnabled: false, pageLoadStrategy: normal, platform: WINDOWS, platformName: WINDOWS, proxy: Proxy(), setWindowRect: true, strictFileInteractability: false, timeouts: {implicit: 0, pageLoad: 300000, script: 30000}, unhandledPromptBehavior: dismiss and notify, webauthn:extension:credBlob: true, webauthn:extension:largeBlob: true, webauthn:virtualAuthenticators: true}
Session ID: 3b8fc49d89dfba42d3ec82f066f63274
	at org.openqa.selenium.remote.http.W3CHttpResponseCodec.createException(W3CHttpResponseCodec.java:187)
	at org.openqa.selenium.remote.http.W3CHttpResponseCodec.decode(W3CHttpResponseCodec.java:122)
	at org.openqa.selenium.remote.http.W3CHttpResponseCodec.decode(W3CHttpResponseCodec.java:49)
	at org.openqa.selenium.remote.HttpCommandExecutor.execute(HttpCommandExecutor.java:158)
	at org.openqa.selenium.remote.service.DriverCommandExecutor.execute(DriverCommandExecutor.java:83)
	at org.openqa.selenium.remote.RemoteWebDriver.execute(RemoteWebDriver.java:548)
	at org.openqa.selenium.remote.RemoteWebDriver.execute(RemoteWebDriver.java:605)
	at org.openqa.selenium.remote.RemoteWebDriver.getScreenshotAs(RemoteWebDriver.java:294)
	at com.generic.Utilities.takeScreenShot(Utilities.java:614)
	at com.generic.Utilities.addAssertTakeScreenShot(Utilities.java:398)
	at com.generic.Utilities.logReporter(Utilities.java:341)
	at com.kotak.fcc.product.InwardRemittance.IR.clickEditTransactions(IR.java:76)
	at com.Script.kotak.fcc.product.InwardRemittanceTest.FCC_CGIRM0020verifyverifyFieldValidationRealisatiopExportBillsInwardRemittance(InwardRemittanceTest.java:256)
... Removed 31 stack frames</div></td></tr></table><p class="totop"><a href="#summary">back to summary</a></p><h3 id="m4">com.Script.kotak.fcc.product.InwardRemittanceTest#FCC_CGIRM0021verifyFieldValidationPurposeTypeOtherReceiptMISCInwardRemittance</h3><table class="result"><tr><th>Messages</th></tr><tr><td><div class="messages">Step Description--&gt; click Edit Transactions<br/>&lt;a href=C:\Users\Dilip\git\InwardRemittance/target/surefire-reports/ScreenShot/FCC_CG_IRM_0020_verifyverifyFieldValidationRealisatiopExportBillsInwardRemittance	arget=&quot;_blank&quot;&gt;Screenshot link&lt;/a&gt;<br/>&lt;br&gt;<br/>&lt;a href=&quot;C:\Users\Dilip\git\InwardRemittance/target/surefire-reports/ScreenShot/FCC_CG_IRM_0020_verifyverifyFieldValidationRealisatiopExportBillsInwardRemittance&quot; target=&quot;_blank&quot;&gt;&lt;img hight=200 width=200 src=&quot;C:\Users\Dilip\git\InwardRemittance/target/surefire-reports/ScreenShot/FCC_CG_IRM_0020_verifyverifyFieldValidationRealisatiopExportBillsInwardRemittance&quot;&gt;&lt;/a&gt;<br/>Capturing Screenshot for the Failed test -- FCC_CGIRM0021verifyFieldValidationPurposeTypeOtherReceiptMISCInwardRemittance</div></td></tr><tr><th>Exception</th></tr><tr><td><div class="stacktrace">org.openqa.selenium.NoSuchWindowException: no such window: target window already closed
from unknown error: web view not found
  (Session info: chrome=105.0.5195.127)
Build info: version: &apos;3.14.0&apos;, revision: &apos;aacccce0&apos;, time: &apos;2018-08-02T20:19:58.91Z&apos;
System info: host: &apos;DESKTOP-QM91UED&apos;, ip: &apos;192.168.244.145&apos;, os.name: &apos;Windows 10&apos;, os.arch: &apos;amd64&apos;, os.version: &apos;10.0&apos;, java.version: &apos;1.8.0_121&apos;
Driver info: org.openqa.selenium.chrome.ChromeDriver
Capabilities {acceptInsecureCerts: false, browserName: chrome, browserVersion: 105.0.5195.127, chrome: {chromedriverVersion: 105.0.5195.52 (412c95e51883..., userDataDir: C:\Users\Dilip\AppData\Loca...}, goog:chromeOptions: {debuggerAddress: localhost:55974}, javascriptEnabled: true, networkConnectionEnabled: false, pageLoadStrategy: normal, platform: WINDOWS, platformName: WINDOWS, proxy: Proxy(), setWindowRect: true, strictFileInteractability: false, timeouts: {implicit: 0, pageLoad: 300000, script: 30000}, unhandledPromptBehavior: dismiss and notify, webauthn:extension:credBlob: true, webauthn:extension:largeBlob: true, webauthn:virtualAuthenticators: true}
Session ID: 3b8fc49d89dfba42d3ec82f066f63274
	at org.openqa.selenium.remote.http.W3CHttpResponseCodec.createException(W3CHttpResponseCodec.java:187)
	at org.openqa.selenium.remote.http.W3CHttpResponseCodec.decode(W3CHttpResponseCodec.java:122)
	at org.openqa.selenium.remote.http.W3CHttpResponseCodec.decode(W3CHttpResponseCodec.java:49)
	at org.openqa.selenium.remote.HttpCommandExecutor.execute(HttpCommandExecutor.java:158)
	at org.openqa.selenium.remote.service.DriverCommandExecutor.execute(DriverCommandExecutor.java:83)
	at org.openqa.selenium.remote.RemoteWebDriver.execute(RemoteWebDriver.java:548)
	at org.openqa.selenium.remote.RemoteWebDriver.execute(RemoteWebDriver.java:605)
	at org.openqa.selenium.remote.RemoteWebDriver.getScreenshotAs(RemoteWebDriver.java:294)
	at com.generic.Utilities.takeScreenShot(Utilities.java:614)
	at com.generic.Utilities.addAssertTakeScreenShot(Utilities.java:398)
	at com.generic.Utilities.logReporter(Utilities.java:341)
	at com.kotak.fcc.product.InwardRemittance.IR.clickEditTransactions(IR.java:76)
	at com.Script.kotak.fcc.product.InwardRemittanceTest.FCC_CGIRM0021verifyFieldValidationPurposeTypeOtherReceiptMISCInwardRemittance(InwardRemittanceTest.java:278)
... Removed 30 stack frames</div></td></tr></table><p class="totop"><a href="#summary">back to summary</a></p><h3 id="m5">com.Script.kotak.fcc.product.InwardRemittanceTest#FCC_CGIRM0023verifyInwardRemittanceSwiftDetails</h3><table class="result"><tr><th>Messages</th></tr><tr><td><div class="messages">Step Description--&gt; Click DI Inward Remittance<br/>&lt;a href=C:\Users\Dilip\git\InwardRemittance/target/surefire-reports/ScreenShot/FCC_CG_IRM_0020_verifyverifyFieldValidationRealisatiopExportBillsInwardRemittance	arget=&quot;_blank&quot;&gt;Screenshot link&lt;/a&gt;<br/>&lt;br&gt;<br/>&lt;a href=&quot;C:\Users\Dilip\git\InwardRemittance/target/surefire-reports/ScreenShot/FCC_CG_IRM_0020_verifyverifyFieldValidationRealisatiopExportBillsInwardRemittance&quot; target=&quot;_blank&quot;&gt;&lt;img hight=200 width=200 src=&quot;C:\Users\Dilip\git\InwardRemittance/target/surefire-reports/ScreenShot/FCC_CG_IRM_0020_verifyverifyFieldValidationRealisatiopExportBillsInwardRemittance&quot;&gt;&lt;/a&gt;<br/>Capturing Screenshot for the Failed test -- FCC_CGIRM0023verifyInwardRemittanceSwiftDetails</div></td></tr><tr><th>Exception</th></tr><tr><td><div class="stacktrace">org.openqa.selenium.NoSuchWindowException: no such window: target window already closed
from unknown error: web view not found
  (Session info: chrome=105.0.5195.127)
Build info: version: &apos;3.14.0&apos;, revision: &apos;aacccce0&apos;, time: &apos;2018-08-02T20:19:58.91Z&apos;
System info: host: &apos;DESKTOP-QM91UED&apos;, ip: &apos;192.168.244.145&apos;, os.name: &apos;Windows 10&apos;, os.arch: &apos;amd64&apos;, os.version: &apos;10.0&apos;, java.version: &apos;1.8.0_121&apos;
Driver info: org.openqa.selenium.chrome.ChromeDriver
Capabilities {acceptInsecureCerts: false, browserName: chrome, browserVersion: 105.0.5195.127, chrome: {chromedriverVersion: 105.0.5195.52 (412c95e51883..., userDataDir: C:\Users\Dilip\AppData\Loca...}, goog:chromeOptions: {debuggerAddress: localhost:55974}, javascriptEnabled: true, networkConnectionEnabled: false, pageLoadStrategy: normal, platform: WINDOWS, platformName: WINDOWS, proxy: Proxy(), setWindowRect: true, strictFileInteractability: false, timeouts: {implicit: 0, pageLoad: 300000, script: 30000}, unhandledPromptBehavior: dismiss and notify, webauthn:extension:credBlob: true, webauthn:extension:largeBlob: true, webauthn:virtualAuthenticators: true}
Session ID: 3b8fc49d89dfba42d3ec82f066f63274
	at org.openqa.selenium.remote.http.W3CHttpResponseCodec.createException(W3CHttpResponseCodec.java:187)
	at org.openqa.selenium.remote.http.W3CHttpResponseCodec.decode(W3CHttpResponseCodec.java:122)
	at org.openqa.selenium.remote.http.W3CHttpResponseCodec.decode(W3CHttpResponseCodec.java:49)
	at org.openqa.selenium.remote.HttpCommandExecutor.execute(HttpCommandExecutor.java:158)
	at org.openqa.selenium.remote.service.DriverCommandExecutor.execute(DriverCommandExecutor.java:83)
	at org.openqa.selenium.remote.RemoteWebDriver.execute(RemoteWebDriver.java:548)
	at org.openqa.selenium.remote.RemoteWebDriver.execute(RemoteWebDriver.java:605)
	at org.openqa.selenium.remote.RemoteWebDriver.getScreenshotAs(RemoteWebDriver.java:294)
	at com.generic.Utilities.takeScreenShot(Utilities.java:614)
	at com.generic.Utilities.addAssertTakeScreenShot(Utilities.java:398)
	at com.generic.Utilities.logReporter(Utilities.java:341)
	at com.flows.commonFlows.CommonFlow.navigateToDIInwardRemittance(CommonFlow.java:76)
	at com.Script.kotak.fcc.product.InwardRemittanceTest.FCC_CGIRM0023verifyInwardRemittanceSwiftDetails(InwardRemittanceTest.java:300)
... Removed 30 stack frames</div></td></tr></table><p class="totop"><a href="#summary">back to summary</a></p><h3 id="m6">com.Script.kotak.fcc.product.InwardRemittanceTest#TCID_FCCCGIRM031verifyPullBackMenuOptionsInFTI</h3><table class="result"><tr><th>Messages</th></tr><tr><td><div class="messages">Step Description--&gt; click Nostro Utility<br/>&lt;a href=C:\Users\Dilip\git\InwardRemittance/target/surefire-reports/ScreenShot/FCC_CG_IRM_0020_verifyverifyFieldValidationRealisatiopExportBillsInwardRemittance	arget=&quot;_blank&quot;&gt;Screenshot link&lt;/a&gt;<br/>&lt;br&gt;<br/>&lt;a href=&quot;C:\Users\Dilip\git\InwardRemittance/target/surefire-reports/ScreenShot/FCC_CG_IRM_0020_verifyverifyFieldValidationRealisatiopExportBillsInwardRemittance&quot; target=&quot;_blank&quot;&gt;&lt;img hight=200 width=200 src=&quot;C:\Users\Dilip\git\InwardRemittance/target/surefire-reports/ScreenShot/FCC_CG_IRM_0020_verifyverifyFieldValidationRealisatiopExportBillsInwardRemittance&quot;&gt;&lt;/a&gt;<br/>Capturing Screenshot for the Failed test -- TCID_FCCCGIRM031verifyPullBackMenuOptionsInFTI</div></td></tr><tr><th>Exception</th></tr><tr><td><div class="stacktrace">org.openqa.selenium.NoSuchWindowException: no such window: target window already closed
from unknown error: web view not found
  (Session info: chrome=105.0.5195.127)
Build info: version: &apos;3.14.0&apos;, revision: &apos;aacccce0&apos;, time: &apos;2018-08-02T20:19:58.91Z&apos;
System info: host: &apos;DESKTOP-QM91UED&apos;, ip: &apos;192.168.244.145&apos;, os.name: &apos;Windows 10&apos;, os.arch: &apos;amd64&apos;, os.version: &apos;10.0&apos;, java.version: &apos;1.8.0_121&apos;
Driver info: org.openqa.selenium.chrome.ChromeDriver
Capabilities {acceptInsecureCerts: false, browserName: chrome, browserVersion: 105.0.5195.127, chrome: {chromedriverVersion: 105.0.5195.52 (412c95e51883..., userDataDir: C:\Users\Dilip\AppData\Loca...}, goog:chromeOptions: {debuggerAddress: localhost:55974}, javascriptEnabled: true, networkConnectionEnabled: false, pageLoadStrategy: normal, platform: WINDOWS, platformName: WINDOWS, proxy: Proxy(), setWindowRect: true, strictFileInteractability: false, timeouts: {implicit: 0, pageLoad: 300000, script: 30000}, unhandledPromptBehavior: dismiss and notify, webauthn:extension:credBlob: true, webauthn:extension:largeBlob: true, webauthn:virtualAuthenticators: true}
Session ID: 3b8fc49d89dfba42d3ec82f066f63274
	at org.openqa.selenium.remote.http.W3CHttpResponseCodec.createException(W3CHttpResponseCodec.java:187)
	at org.openqa.selenium.remote.http.W3CHttpResponseCodec.decode(W3CHttpResponseCodec.java:122)
	at org.openqa.selenium.remote.http.W3CHttpResponseCodec.decode(W3CHttpResponseCodec.java:49)
	at org.openqa.selenium.remote.HttpCommandExecutor.execute(HttpCommandExecutor.java:158)
	at org.openqa.selenium.remote.service.DriverCommandExecutor.execute(DriverCommandExecutor.java:83)
	at org.openqa.selenium.remote.RemoteWebDriver.execute(RemoteWebDriver.java:548)
	at org.openqa.selenium.remote.RemoteWebDriver.execute(RemoteWebDriver.java:605)
	at org.openqa.selenium.remote.RemoteWebDriver.getScreenshotAs(RemoteWebDriver.java:294)
	at com.generic.Utilities.takeScreenShot(Utilities.java:614)
	at com.generic.Utilities.addAssertTakeScreenShot(Utilities.java:398)
	at com.generic.Utilities.logReporter(Utilities.java:341)
	at com.kotak.fcc.product.InwardRemittance.FTI.clickNostroUtility(FTI.java:121)
	at com.Script.kotak.fcc.product.InwardRemittanceTest.TCID_FCCCGIRM031verifyPullBackMenuOptionsInFTI(InwardRemittanceTest.java:316)
... Removed 30 stack frames</div></td></tr></table><p class="totop"><a href="#summary">back to summary</a></p><h3 id="m7">com.Script.kotak.fcc.product.InwardRemittanceTest#TCID_FCCCGIRM032verifyPullBackEnquirySubmenuInFTI</h3><table class="result"><tr><th>Messages</th></tr><tr><td><div class="messages">Step Description--&gt; click Nostro Utility<br/>&lt;a href=C:\Users\Dilip\git\InwardRemittance/target/surefire-reports/ScreenShot/FCC_CG_IRM_0020_verifyverifyFieldValidationRealisatiopExportBillsInwardRemittance	arget=&quot;_blank&quot;&gt;Screenshot link&lt;/a&gt;<br/>&lt;br&gt;<br/>&lt;a href=&quot;C:\Users\Dilip\git\InwardRemittance/target/surefire-reports/ScreenShot/FCC_CG_IRM_0020_verifyverifyFieldValidationRealisatiopExportBillsInwardRemittance&quot; target=&quot;_blank&quot;&gt;&lt;img hight=200 width=200 src=&quot;C:\Users\Dilip\git\InwardRemittance/target/surefire-reports/ScreenShot/FCC_CG_IRM_0020_verifyverifyFieldValidationRealisatiopExportBillsInwardRemittance&quot;&gt;&lt;/a&gt;<br/>Capturing Screenshot for the Failed test -- TCID_FCCCGIRM032verifyPullBackEnquirySubmenuInFTI</div></td></tr><tr><th>Exception</th></tr><tr><td><div class="stacktrace">org.openqa.selenium.NoSuchWindowException: no such window: target window already closed
from unknown error: web view not found
  (Session info: chrome=105.0.5195.127)
Build info: version: &apos;3.14.0&apos;, revision: &apos;aacccce0&apos;, time: &apos;2018-08-02T20:19:58.91Z&apos;
System info: host: &apos;DESKTOP-QM91UED&apos;, ip: &apos;192.168.244.145&apos;, os.name: &apos;Windows 10&apos;, os.arch: &apos;amd64&apos;, os.version: &apos;10.0&apos;, java.version: &apos;1.8.0_121&apos;
Driver info: org.openqa.selenium.chrome.ChromeDriver
Capabilities {acceptInsecureCerts: false, browserName: chrome, browserVersion: 105.0.5195.127, chrome: {chromedriverVersion: 105.0.5195.52 (412c95e51883..., userDataDir: C:\Users\Dilip\AppData\Loca...}, goog:chromeOptions: {debuggerAddress: localhost:55974}, javascriptEnabled: true, networkConnectionEnabled: false, pageLoadStrategy: normal, platform: WINDOWS, platformName: WINDOWS, proxy: Proxy(), setWindowRect: true, strictFileInteractability: false, timeouts: {implicit: 0, pageLoad: 300000, script: 30000}, unhandledPromptBehavior: dismiss and notify, webauthn:extension:credBlob: true, webauthn:extension:largeBlob: true, webauthn:virtualAuthenticators: true}
Session ID: 3b8fc49d89dfba42d3ec82f066f63274
	at org.openqa.selenium.remote.http.W3CHttpResponseCodec.createException(W3CHttpResponseCodec.java:187)
	at org.openqa.selenium.remote.http.W3CHttpResponseCodec.decode(W3CHttpResponseCodec.java:122)
	at org.openqa.selenium.remote.http.W3CHttpResponseCodec.decode(W3CHttpResponseCodec.java:49)
	at org.openqa.selenium.remote.HttpCommandExecutor.execute(HttpCommandExecutor.java:158)
	at org.openqa.selenium.remote.service.DriverCommandExecutor.execute(DriverCommandExecutor.java:83)
	at org.openqa.selenium.remote.RemoteWebDriver.execute(RemoteWebDriver.java:548)
	at org.openqa.selenium.remote.RemoteWebDriver.execute(RemoteWebDriver.java:605)
	at org.openqa.selenium.remote.RemoteWebDriver.getScreenshotAs(RemoteWebDriver.java:294)
	at com.generic.Utilities.takeScreenShot(Utilities.java:614)
	at com.generic.Utilities.addAssertTakeScreenShot(Utilities.java:398)
	at com.generic.Utilities.logReporter(Utilities.java:341)
	at com.kotak.fcc.product.InwardRemittance.FTI.clickNostroUtility(FTI.java:121)
	at com.Script.kotak.fcc.product.InwardRemittanceTest.TCID_FCCCGIRM032verifyPullBackEnquirySubmenuInFTI(InwardRemittanceTest.java:330)
... Removed 30 stack frames</div></td></tr></table><p class="totop"><a href="#summary">back to summary</a></p><h3 id="m8">com.Script.kotak.fcc.product.InwardRemittanceTest#TCID_FCCCGIRM033verifyFunctionalityOfPullBackFCCSubmenu</h3><table class="result"><tr><th>Messages</th></tr><tr><td><div class="messages">Step Description--&gt; click Nostro Utility<br/>&lt;a href=C:\Users\Dilip\git\InwardRemittance/target/surefire-reports/ScreenShot/FCC_CG_IRM_0020_verifyverifyFieldValidationRealisatiopExportBillsInwardRemittance	arget=&quot;_blank&quot;&gt;Screenshot link&lt;/a&gt;<br/>&lt;br&gt;<br/>&lt;a href=&quot;C:\Users\Dilip\git\InwardRemittance/target/surefire-reports/ScreenShot/FCC_CG_IRM_0020_verifyverifyFieldValidationRealisatiopExportBillsInwardRemittance&quot; target=&quot;_blank&quot;&gt;&lt;img hight=200 width=200 src=&quot;C:\Users\Dilip\git\InwardRemittance/target/surefire-reports/ScreenShot/FCC_CG_IRM_0020_verifyverifyFieldValidationRealisatiopExportBillsInwardRemittance&quot;&gt;&lt;/a&gt;<br/>Capturing Screenshot for the Failed test -- TCID_FCCCGIRM033verifyFunctionalityOfPullBackFCCSubmenu</div></td></tr><tr><th>Exception</th></tr><tr><td><div class="stacktrace">org.openqa.selenium.NoSuchWindowException: no such window: target window already closed
from unknown error: web view not found
  (Session info: chrome=105.0.5195.127)
Build info: version: &apos;3.14.0&apos;, revision: &apos;aacccce0&apos;, time: &apos;2018-08-02T20:19:58.91Z&apos;
System info: host: &apos;DESKTOP-QM91UED&apos;, ip: &apos;192.168.244.145&apos;, os.name: &apos;Windows 10&apos;, os.arch: &apos;amd64&apos;, os.version: &apos;10.0&apos;, java.version: &apos;1.8.0_121&apos;
Driver info: org.openqa.selenium.chrome.ChromeDriver
Capabilities {acceptInsecureCerts: false, browserName: chrome, browserVersion: 105.0.5195.127, chrome: {chromedriverVersion: 105.0.5195.52 (412c95e51883..., userDataDir: C:\Users\Dilip\AppData\Loca...}, goog:chromeOptions: {debuggerAddress: localhost:55974}, javascriptEnabled: true, networkConnectionEnabled: false, pageLoadStrategy: normal, platform: WINDOWS, platformName: WINDOWS, proxy: Proxy(), setWindowRect: true, strictFileInteractability: false, timeouts: {implicit: 0, pageLoad: 300000, script: 30000}, unhandledPromptBehavior: dismiss and notify, webauthn:extension:credBlob: true, webauthn:extension:largeBlob: true, webauthn:virtualAuthenticators: true}
Session ID: 3b8fc49d89dfba42d3ec82f066f63274
	at org.openqa.selenium.remote.http.W3CHttpResponseCodec.createException(W3CHttpResponseCodec.java:187)
	at org.openqa.selenium.remote.http.W3CHttpResponseCodec.decode(W3CHttpResponseCodec.java:122)
	at org.openqa.selenium.remote.http.W3CHttpResponseCodec.decode(W3CHttpResponseCodec.java:49)
	at org.openqa.selenium.remote.HttpCommandExecutor.execute(HttpCommandExecutor.java:158)
	at org.openqa.selenium.remote.service.DriverCommandExecutor.execute(DriverCommandExecutor.java:83)
	at org.openqa.selenium.remote.RemoteWebDriver.execute(RemoteWebDriver.java:548)
	at org.openqa.selenium.remote.RemoteWebDriver.execute(RemoteWebDriver.java:605)
	at org.openqa.selenium.remote.RemoteWebDriver.getScreenshotAs(RemoteWebDriver.java:294)
	at com.generic.Utilities.takeScreenShot(Utilities.java:614)
	at com.generic.Utilities.addAssertTakeScreenShot(Utilities.java:398)
	at com.generic.Utilities.logReporter(Utilities.java:341)
	at com.kotak.fcc.product.InwardRemittance.FTI.clickNostroUtility(FTI.java:121)
	at com.Script.kotak.fcc.product.InwardRemittanceTest.TCID_FCCCGIRM033verifyFunctionalityOfPullBackFCCSubmenu(InwardRemittanceTest.java:348)
... Removed 30 stack frames</div></td></tr></table><p class="totop"><a href="#summary">back to summary</a></p><h3 id="m9">com.Script.kotak.fcc.product.InwardRemittanceTest#TCIDFCCCGIRM001MessageToBankMenuOptionsVerification</h3><table class="result"><tr><th>Messages</th></tr><tr><td><div class="messages">Step Description--&gt; open new URL <br/>Step Description--&gt; Open AUT URL -----&gt; https://nbuat.kotak.com/knb2/<br/>Step Description--&gt; Set user name|| Input Value : 105360700<br/>Step Description--&gt; Click &apos;Next&apos; button<br/>Step Description--&gt; Set password|| Input Value : Quality123<br/>Step Description--&gt; Click &apos;SecureLogin&apos; button<br/>Step Description--&gt; Verify user login is successfull by using page title || Expected Result : Kotak Net Banking || Actual Result : Kotak Net Banking<br/>Step Description--&gt; Click &apos;Trade Link&apos; <br/>Step Description--&gt; Click &apos;Trade Link&apos; <br/>Step Description--&gt; Click DI Inward Remittance<br/>Step Description--&gt; Click DI Inward Remittance<br/>Step Description--&gt; check Edit Transactions Displayed<br/>Step Description--&gt; check Review Displayed</div></td></tr></table><p class="totop"><a href="#summary">back to summary</a></p><h3 id="m10">com.Script.kotak.fcc.product.InwardRemittanceTest#TCID_FCCCGIRM0008VerifySearchCriteriaTransactions</h3><table class="result"><tr><th>Messages</th></tr><tr><td><div class="messages">Step Description--&gt; Click Inward Remittance<br/>Step Description--&gt; Click DI Inward Remittance<br/>Step Description--&gt; clickFTInquiry<br/>Step Description--&gt; click Filter Button<br/>Step Description--&gt; check Portal RefId Displayed<br/>Step Description--&gt; check Customer Reference Displayed<br/>Step Description--&gt; check Beneficiary Name Displayed<br/>Step Description--&gt; check Applicant Account No Displayed<br/>Step Description--&gt; check Status Displayed<br/>Step Description--&gt; check CCY Displayed</div></td></tr></table><p class="totop"><a href="#summary">back to summary</a></p><h3 id="m11">com.Script.kotak.fcc.product.InwardRemittanceTest#TCID_FCCCGIRM0010VerifyMenuOptionsAvailable</h3><table class="result"><tr><th>Messages</th></tr><tr><td><div class="messages">Step Description--&gt; Click DI Inward Remittance<br/>Step Description--&gt; Click DI Inward Remittance<br/>Step Description--&gt; check DI Inward Remittance Displayed</div></td></tr></table><p class="totop"><a href="#summary">back to summary</a></p><h3 id="m12">com.Script.kotak.fcc.product.InwardRemittanceTest#TCID_FCCCGIRM0011VerifyTransactionsReceivedFromNostroUtility</h3><table class="result"><tr><th>Messages</th></tr><tr><td><div class="messages">Step Description--&gt; Click DI Inward Remittance<br/>Step Description--&gt; Click DI Inward Remittance<br/>Step Description--&gt; click Edit Transactions<br/>Step Description--&gt; check Transactions Received From Nostro Utility Displayed</div></td></tr></table><p class="totop"><a href="#summary">back to summary</a></p><h3 id="m13">com.Script.kotak.fcc.product.InwardRemittanceTest#TCID_FCCCGIRM0025verifyAuditDetailsForInwardRemittanceTransaction</h3><table class="result"><tr><th>Messages</th></tr><tr><td><div class="messages">Step Description--&gt; Click Inward Remittance<br/>Step Description--&gt; Click DI Inward Remittance<br/>Step Description--&gt; click On Details<br/>Step Description--&gt; click On Transction Button</div></td></tr></table><p class="totop"><a href="#summary">back to summary</a></p><h3 id="m14">com.Script.kotak.fcc.product.InwardRemittanceTest#TCID_FCCCGIRM0026verifyAuditDetailsForRemittanceCreditTransaction</h3><table class="result"><tr><th>Messages</th></tr><tr><td><div class="messages">Step Description--&gt; Click DI Inward Remittance<br/>Step Description--&gt; Click DI Inward Remittance<br/>Step Description--&gt; click On Details<br/>Step Description--&gt; click On Transction Button</div></td></tr></table><p class="totop"><a href="#summary">back to summary</a></p><h3 id="m15">com.Script.kotak.fcc.product.InwardRemittanceTest#TCID_FCCCGIRM0034verifyTransactionCopyValidation</h3><table class="result"><tr><th>Messages</th></tr><tr><td><div class="messages">Step Description--&gt; Click DI Inward Remittance<br/>Step Description--&gt; Click DI Inward Remittance<br/>Step Description--&gt; click On View<br/>Step Description--&gt; click On Download<br/>Step Description--&gt; Click DI Inward Remittance<br/>Step Description--&gt; Click DI Inward Remittance</div></td></tr></table><p class="totop"><a href="#summary">back to summary</a></p></body></html>