<?xml version="1.0" encoding="UTF-8"?>
<testng-results skipped="0" failed="8" total="15" passed="7">
  <reporter-output>
    <line>
      <![CDATA[Step Description--> open new URL ]]>
    </line>
    <line>
      <![CDATA[Step Description--> Open AUT URL -----> https://nbuat.kotak.com/knb2/]]>
    </line>
    <line>
      <![CDATA[Step Description--> Set user name|| Input Value : 105360700]]>
    </line>
    <line>
      <![CDATA[Step Description--> Click 'Next' button]]>
    </line>
    <line>
      <![CDATA[Step Description--> Set password|| Input Value : Quality123]]>
    </line>
    <line>
      <![CDATA[Step Description--> Click 'SecureLogin' button]]>
    </line>
    <line>
      <![CDATA[Step Description--> Verify user login is successfull by using page title || Expected Result : Kotak Net Banking || Actual Result : Kotak Net Banking]]>
    </line>
    <line>
      <![CDATA[Step Description--> Click 'Trade Link' ]]>
    </line>
    <line>
      <![CDATA[Step Description--> Click 'Trade Link' ]]>
    </line>
    <line>
      <![CDATA[Step Description--> Click DI Inward Remittance]]>
    </line>
    <line>
      <![CDATA[Step Description--> Click DI Inward Remittance]]>
    </line>
    <line>
      <![CDATA[Step Description--> check Edit Transactions Displayed]]>
    </line>
    <line>
      <![CDATA[Step Description--> check Review Displayed]]>
    </line>
    <line>
      <![CDATA[Step Description--> Click Inward Remittance]]>
    </line>
    <line>
      <![CDATA[Step Description--> Click DI Inward Remittance]]>
    </line>
    <line>
      <![CDATA[Step Description--> clickFTInquiry]]>
    </line>
    <line>
      <![CDATA[Step Description--> click Filter Button]]>
    </line>
    <line>
      <![CDATA[Step Description--> check Portal RefId Displayed]]>
    </line>
    <line>
      <![CDATA[Step Description--> check Customer Reference Displayed]]>
    </line>
    <line>
      <![CDATA[Step Description--> check Beneficiary Name Displayed]]>
    </line>
    <line>
      <![CDATA[Step Description--> check Applicant Account No Displayed]]>
    </line>
    <line>
      <![CDATA[Step Description--> check Status Displayed]]>
    </line>
    <line>
      <![CDATA[Step Description--> check CCY Displayed]]>
    </line>
    <line>
      <![CDATA[Step Description--> Click DI Inward Remittance]]>
    </line>
    <line>
      <![CDATA[Step Description--> Click DI Inward Remittance]]>
    </line>
    <line>
      <![CDATA[Step Description--> check DI Inward Remittance Displayed]]>
    </line>
    <line>
      <![CDATA[Step Description--> Click DI Inward Remittance]]>
    </line>
    <line>
      <![CDATA[Step Description--> Click DI Inward Remittance]]>
    </line>
    <line>
      <![CDATA[Step Description--> click Edit Transactions]]>
    </line>
    <line>
      <![CDATA[Step Description--> check Transactions Received From Nostro Utility Displayed]]>
    </line>
    <line>
      <![CDATA[Step Description--> Click Inward Remittance]]>
    </line>
    <line>
      <![CDATA[Step Description--> Click DI Inward Remittance]]>
    </line>
    <line>
      <![CDATA[Step Description--> click On Details]]>
    </line>
    <line>
      <![CDATA[Step Description--> click On Transction Button]]>
    </line>
    <line>
      <![CDATA[Step Description--> Click DI Inward Remittance]]>
    </line>
    <line>
      <![CDATA[Step Description--> Click DI Inward Remittance]]>
    </line>
    <line>
      <![CDATA[Step Description--> click On Details]]>
    </line>
    <line>
      <![CDATA[Step Description--> click On Transction Button]]>
    </line>
    <line>
      <![CDATA[Step Description--> Click DI Inward Remittance]]>
    </line>
    <line>
      <![CDATA[Step Description--> Click DI Inward Remittance]]>
    </line>
    <line>
      <![CDATA[Step Description--> click On View]]>
    </line>
    <line>
      <![CDATA[Step Description--> click On Download]]>
    </line>
    <line>
      <![CDATA[Step Description--> Click DI Inward Remittance]]>
    </line>
    <line>
      <![CDATA[Step Description--> Click DI Inward Remittance]]>
    </line>
    <line>
      <![CDATA[Step Description--> Click DI Inward Remittance]]>
    </line>
    <line>
      <![CDATA[Step Description--> Click DI Inward Remittance]]>
    </line>
    <line>
      <![CDATA[Step Description--> click Edit Transactions]]>
    </line>
    <line>
      <![CDATA[Step Description--> clickFTInquiry]]>
    </line>
    <line>
      <![CDATA[Step Description--> click Next Button]]>
    </line>
    <line>
      <![CDATA[Step Description--> click On type]]>
    </line>
    <line>
      <![CDATA[Step Description--> click On Option]]>
    </line>
    <line>
      <![CDATA[<a href=C:\Users\Dilip\git\InwardRemittance/target/surefire-reports/ScreenShot/FCC_CG_IRM_0017_verifySubProductDisposalInstructions	arget="_blank">Screenshot link</a>]]>
    </line>
    <line>
      <![CDATA[<br>]]>
    </line>
    <line>
      <![CDATA[<a href="C:\Users\Dilip\git\InwardRemittance/target/surefire-reports/ScreenShot/FCC_CG_IRM_0017_verifySubProductDisposalInstructions" target="_blank"><img hight=200 width=200 src="C:\Users\Dilip\git\InwardRemittance/target/surefire-reports/ScreenShot/FCC_CG_IRM_0017_verifySubProductDisposalInstructions"></a>]]>
    </line>
    <line>
      <![CDATA[Capturing Screenshot for the Failed test -- FCC_CGIRM0017verifySubProductDisposalInstructions]]>
    </line>
    <line>
      <![CDATA[Step Description--> Click DI Inward Remittance]]>
    </line>
    <line>
      <![CDATA[Step Description--> Click DI Inward Remittance]]>
    </line>
    <line>
      <![CDATA[Step Description--> click Edit Transactions]]>
    </line>
    <line>
      <![CDATA[Step Description--> clickFTInquiry]]>
    </line>
    <line>
      <![CDATA[Step Description--> click Next Button]]>
    </line>
    <line>
      <![CDATA[Step Description--> click On type]]>
    </line>
    <line>
      <![CDATA[Step Description--> click On Option]]>
    </line>
    <line>
      <![CDATA[<a href=C:\Users\Dilip\git\InwardRemittance/target/surefire-reports/ScreenShot/FCC_CG_IRM_0019_verifyFieldValidationPurposeType	arget="_blank">Screenshot link</a>]]>
    </line>
    <line>
      <![CDATA[<br>]]>
    </line>
    <line>
      <![CDATA[<a href="C:\Users\Dilip\git\InwardRemittance/target/surefire-reports/ScreenShot/FCC_CG_IRM_0019_verifyFieldValidationPurposeType" target="_blank"><img hight=200 width=200 src="C:\Users\Dilip\git\InwardRemittance/target/surefire-reports/ScreenShot/FCC_CG_IRM_0019_verifyFieldValidationPurposeType"></a>]]>
    </line>
    <line>
      <![CDATA[Capturing Screenshot for the Failed test -- FCC_CGIRM0019verifyFieldValidationPurposeType]]>
    </line>
    <line>
      <![CDATA[Step Description--> Click DI Inward Remittance]]>
    </line>
    <line>
      <![CDATA[Step Description--> Click DI Inward Remittance]]>
    </line>
    <line>
      <![CDATA[Step Description--> click Edit Transactions]]>
    </line>
    <line>
      <![CDATA[<a href=C:\Users\Dilip\git\InwardRemittance/target/surefire-reports/ScreenShot/FCC_CG_IRM_0020_verifyverifyFieldValidationRealisatiopExportBillsInwardRemittance	arget="_blank">Screenshot link</a>]]>
    </line>
    <line>
      <![CDATA[<br>]]>
    </line>
    <line>
      <![CDATA[<a href="C:\Users\Dilip\git\InwardRemittance/target/surefire-reports/ScreenShot/FCC_CG_IRM_0020_verifyverifyFieldValidationRealisatiopExportBillsInwardRemittance" target="_blank"><img hight=200 width=200 src="C:\Users\Dilip\git\InwardRemittance/target/surefire-reports/ScreenShot/FCC_CG_IRM_0020_verifyverifyFieldValidationRealisatiopExportBillsInwardRemittance"></a>]]>
    </line>
    <line>
      <![CDATA[Capturing Screenshot for the Failed test -- FCC_CGIRM0020verifyverifyFieldValidationRealisatiopExportBillsInwardRemittance]]>
    </line>
    <line>
      <![CDATA[Step Description--> click Edit Transactions]]>
    </line>
    <line>
      <![CDATA[<a href=C:\Users\Dilip\git\InwardRemittance/target/surefire-reports/ScreenShot/FCC_CG_IRM_0020_verifyverifyFieldValidationRealisatiopExportBillsInwardRemittance	arget="_blank">Screenshot link</a>]]>
    </line>
    <line>
      <![CDATA[<br>]]>
    </line>
    <line>
      <![CDATA[<a href="C:\Users\Dilip\git\InwardRemittance/target/surefire-reports/ScreenShot/FCC_CG_IRM_0020_verifyverifyFieldValidationRealisatiopExportBillsInwardRemittance" target="_blank"><img hight=200 width=200 src="C:\Users\Dilip\git\InwardRemittance/target/surefire-reports/ScreenShot/FCC_CG_IRM_0020_verifyverifyFieldValidationRealisatiopExportBillsInwardRemittance"></a>]]>
    </line>
    <line>
      <![CDATA[Capturing Screenshot for the Failed test -- FCC_CGIRM0021verifyFieldValidationPurposeTypeOtherReceiptMISCInwardRemittance]]>
    </line>
    <line>
      <![CDATA[Step Description--> Click DI Inward Remittance]]>
    </line>
    <line>
      <![CDATA[<a href=C:\Users\Dilip\git\InwardRemittance/target/surefire-reports/ScreenShot/FCC_CG_IRM_0020_verifyverifyFieldValidationRealisatiopExportBillsInwardRemittance	arget="_blank">Screenshot link</a>]]>
    </line>
    <line>
      <![CDATA[<br>]]>
    </line>
    <line>
      <![CDATA[<a href="C:\Users\Dilip\git\InwardRemittance/target/surefire-reports/ScreenShot/FCC_CG_IRM_0020_verifyverifyFieldValidationRealisatiopExportBillsInwardRemittance" target="_blank"><img hight=200 width=200 src="C:\Users\Dilip\git\InwardRemittance/target/surefire-reports/ScreenShot/FCC_CG_IRM_0020_verifyverifyFieldValidationRealisatiopExportBillsInwardRemittance"></a>]]>
    </line>
    <line>
      <![CDATA[Capturing Screenshot for the Failed test -- FCC_CGIRM0023verifyInwardRemittanceSwiftDetails]]>
    </line>
    <line>
      <![CDATA[Step Description--> click Nostro Utility]]>
    </line>
    <line>
      <![CDATA[<a href=C:\Users\Dilip\git\InwardRemittance/target/surefire-reports/ScreenShot/FCC_CG_IRM_0020_verifyverifyFieldValidationRealisatiopExportBillsInwardRemittance	arget="_blank">Screenshot link</a>]]>
    </line>
    <line>
      <![CDATA[<br>]]>
    </line>
    <line>
      <![CDATA[<a href="C:\Users\Dilip\git\InwardRemittance/target/surefire-reports/ScreenShot/FCC_CG_IRM_0020_verifyverifyFieldValidationRealisatiopExportBillsInwardRemittance" target="_blank"><img hight=200 width=200 src="C:\Users\Dilip\git\InwardRemittance/target/surefire-reports/ScreenShot/FCC_CG_IRM_0020_verifyverifyFieldValidationRealisatiopExportBillsInwardRemittance"></a>]]>
    </line>
    <line>
      <![CDATA[Capturing Screenshot for the Failed test -- TCID_FCCCGIRM031verifyPullBackMenuOptionsInFTI]]>
    </line>
    <line>
      <![CDATA[Step Description--> click Nostro Utility]]>
    </line>
    <line>
      <![CDATA[<a href=C:\Users\Dilip\git\InwardRemittance/target/surefire-reports/ScreenShot/FCC_CG_IRM_0020_verifyverifyFieldValidationRealisatiopExportBillsInwardRemittance	arget="_blank">Screenshot link</a>]]>
    </line>
    <line>
      <![CDATA[<br>]]>
    </line>
    <line>
      <![CDATA[<a href="C:\Users\Dilip\git\InwardRemittance/target/surefire-reports/ScreenShot/FCC_CG_IRM_0020_verifyverifyFieldValidationRealisatiopExportBillsInwardRemittance" target="_blank"><img hight=200 width=200 src="C:\Users\Dilip\git\InwardRemittance/target/surefire-reports/ScreenShot/FCC_CG_IRM_0020_verifyverifyFieldValidationRealisatiopExportBillsInwardRemittance"></a>]]>
    </line>
    <line>
      <![CDATA[Capturing Screenshot for the Failed test -- TCID_FCCCGIRM032verifyPullBackEnquirySubmenuInFTI]]>
    </line>
    <line>
      <![CDATA[Step Description--> click Nostro Utility]]>
    </line>
    <line>
      <![CDATA[<a href=C:\Users\Dilip\git\InwardRemittance/target/surefire-reports/ScreenShot/FCC_CG_IRM_0020_verifyverifyFieldValidationRealisatiopExportBillsInwardRemittance	arget="_blank">Screenshot link</a>]]>
    </line>
    <line>
      <![CDATA[<br>]]>
    </line>
    <line>
      <![CDATA[<a href="C:\Users\Dilip\git\InwardRemittance/target/surefire-reports/ScreenShot/FCC_CG_IRM_0020_verifyverifyFieldValidationRealisatiopExportBillsInwardRemittance" target="_blank"><img hight=200 width=200 src="C:\Users\Dilip\git\InwardRemittance/target/surefire-reports/ScreenShot/FCC_CG_IRM_0020_verifyverifyFieldValidationRealisatiopExportBillsInwardRemittance"></a>]]>
    </line>
    <line>
      <![CDATA[Capturing Screenshot for the Failed test -- TCID_FCCCGIRM033verifyFunctionalityOfPullBackFCCSubmenu]]>
    </line>
  </reporter-output>
  <suite name="Kotak InwardRemittance" duration-ms="557697" started-at="2022-09-21T19:16:50Z" finished-at="2022-09-21T19:26:08Z">
    <groups>
      <group name="InwardRemittance_Verification">
        <method signature="InwardRemittanceTest.FCC_CGIRM0017verifySubProductDisposalInstructions()[pri:8, instance:com.Script.kotak.fcc.product.InwardRemittanceTest@4037cdb0]" name="FCC_CGIRM0017verifySubProductDisposalInstructions" class="com.Script.kotak.fcc.product.InwardRemittanceTest"/>
        <method signature="InwardRemittanceTest.FCC_CGIRM0019verifyFieldValidationPurposeType()[pri:9, instance:com.Script.kotak.fcc.product.InwardRemittanceTest@4037cdb0]" name="FCC_CGIRM0019verifyFieldValidationPurposeType" class="com.Script.kotak.fcc.product.InwardRemittanceTest"/>
        <method signature="InwardRemittanceTest.FCC_CGIRM0020verifyverifyFieldValidationRealisatiopExportBillsInwardRemittance()[pri:10, instance:com.Script.kotak.fcc.product.InwardRemittanceTest@4037cdb0]" name="FCC_CGIRM0020verifyverifyFieldValidationRealisatiopExportBillsInwardRemittance" class="com.Script.kotak.fcc.product.InwardRemittanceTest"/>
        <method signature="InwardRemittanceTest.FCC_CGIRM0021verifyFieldValidationPurposeTypeOtherReceiptMISCInwardRemittance()[pri:11, instance:com.Script.kotak.fcc.product.InwardRemittanceTest@4037cdb0]" name="FCC_CGIRM0021verifyFieldValidationPurposeTypeOtherReceiptMISCInwardRemittance" class="com.Script.kotak.fcc.product.InwardRemittanceTest"/>
        <method signature="InwardRemittanceTest.FCC_CGIRM0023verifyInwardRemittanceSwiftDetails()[pri:12, instance:com.Script.kotak.fcc.product.InwardRemittanceTest@4037cdb0]" name="FCC_CGIRM0023verifyInwardRemittanceSwiftDetails" class="com.Script.kotak.fcc.product.InwardRemittanceTest"/>
        <method signature="InwardRemittanceTest.TCIDFCCCGIRM001MessageToBankMenuOptionsVerification()[pri:1, instance:com.Script.kotak.fcc.product.InwardRemittanceTest@4037cdb0]" name="TCIDFCCCGIRM001MessageToBankMenuOptionsVerification" class="com.Script.kotak.fcc.product.InwardRemittanceTest"/>
        <method signature="InwardRemittanceTest.TCID_FCCCGIRM0008VerifySearchCriteriaTransactions()[pri:2, instance:com.Script.kotak.fcc.product.InwardRemittanceTest@4037cdb0]" name="TCID_FCCCGIRM0008VerifySearchCriteriaTransactions" class="com.Script.kotak.fcc.product.InwardRemittanceTest"/>
        <method signature="InwardRemittanceTest.TCID_FCCCGIRM0010VerifyMenuOptionsAvailable()[pri:3, instance:com.Script.kotak.fcc.product.InwardRemittanceTest@4037cdb0]" name="TCID_FCCCGIRM0010VerifyMenuOptionsAvailable" class="com.Script.kotak.fcc.product.InwardRemittanceTest"/>
        <method signature="InwardRemittanceTest.TCID_FCCCGIRM0011VerifyTransactionsReceivedFromNostroUtility()[pri:4, instance:com.Script.kotak.fcc.product.InwardRemittanceTest@4037cdb0]" name="TCID_FCCCGIRM0011VerifyTransactionsReceivedFromNostroUtility" class="com.Script.kotak.fcc.product.InwardRemittanceTest"/>
        <method signature="InwardRemittanceTest.TCID_FCCCGIRM0025verifyAuditDetailsForInwardRemittanceTransaction()[pri:5, instance:com.Script.kotak.fcc.product.InwardRemittanceTest@4037cdb0]" name="TCID_FCCCGIRM0025verifyAuditDetailsForInwardRemittanceTransaction" class="com.Script.kotak.fcc.product.InwardRemittanceTest"/>
        <method signature="InwardRemittanceTest.TCID_FCCCGIRM0026verifyAuditDetailsForRemittanceCreditTransaction()[pri:6, instance:com.Script.kotak.fcc.product.InwardRemittanceTest@4037cdb0]" name="TCID_FCCCGIRM0026verifyAuditDetailsForRemittanceCreditTransaction" class="com.Script.kotak.fcc.product.InwardRemittanceTest"/>
        <method signature="InwardRemittanceTest.TCID_FCCCGIRM0034verifyTransactionCopyValidation()[pri:7, instance:com.Script.kotak.fcc.product.InwardRemittanceTest@4037cdb0]" name="TCID_FCCCGIRM0034verifyTransactionCopyValidation" class="com.Script.kotak.fcc.product.InwardRemittanceTest"/>
        <method signature="InwardRemittanceTest.TCID_FCCCGIRM031verifyPullBackMenuOptionsInFTI()[pri:16, instance:com.Script.kotak.fcc.product.InwardRemittanceTest@4037cdb0]" name="TCID_FCCCGIRM031verifyPullBackMenuOptionsInFTI" class="com.Script.kotak.fcc.product.InwardRemittanceTest"/>
        <method signature="InwardRemittanceTest.TCID_FCCCGIRM032verifyPullBackEnquirySubmenuInFTI()[pri:17, instance:com.Script.kotak.fcc.product.InwardRemittanceTest@4037cdb0]" name="TCID_FCCCGIRM032verifyPullBackEnquirySubmenuInFTI" class="com.Script.kotak.fcc.product.InwardRemittanceTest"/>
        <method signature="InwardRemittanceTest.TCID_FCCCGIRM033verifyFunctionalityOfPullBackFCCSubmenu()[pri:19, instance:com.Script.kotak.fcc.product.InwardRemittanceTest@4037cdb0]" name="TCID_FCCCGIRM033verifyFunctionalityOfPullBackFCCSubmenu" class="com.Script.kotak.fcc.product.InwardRemittanceTest"/>
      </group> <!-- InwardRemittance_Verification -->
    </groups>
    <test name="SMOKE TEST SUITE" duration-ms="557697" started-at="2022-09-21T19:16:50Z" finished-at="2022-09-21T19:26:08Z">
      <class name="com.Script.kotak.fcc.product.InwardRemittanceTest">
        <test-method status="PASS" signature="initializeEnvironment()[pri:0, instance:com.Script.kotak.fcc.product.InwardRemittanceTest@4037cdb0]" name="initializeEnvironment" is-config="true" duration-ms="10783" started-at="2022-09-22T00:46:50Z" finished-at="2022-09-22T00:47:01Z">
          <reporter-output>
          </reporter-output>
        </test-method> <!-- initializeEnvironment -->
        <test-method status="PASS" signature="redirect_Me_To_HomePage_On_FCC_Application(java.lang.reflect.Method)[pri:0, instance:com.Script.kotak.fcc.product.InwardRemittanceTest@4037cdb0]" name="redirect_Me_To_HomePage_On_FCC_Application" is-config="true" duration-ms="5232" started-at="2022-09-22T00:47:01Z" finished-at="2022-09-22T00:47:06Z">
          <params>
            <param index="0">
              <value>
                <![CDATA[public void com.Script.kotak.fcc.product.InwardRemittanceTest.TCIDFCCCGIRM001MessageToBankMenuOptionsVerification()]]>
              </value>
            </param>
          </params>
          <reporter-output>
          </reporter-output>
        </test-method> <!-- redirect_Me_To_HomePage_On_FCC_Application -->
        <test-method status="PASS" signature="TCIDFCCCGIRM001MessageToBankMenuOptionsVerification()[pri:1, instance:com.Script.kotak.fcc.product.InwardRemittanceTest@4037cdb0]" name="TCIDFCCCGIRM001MessageToBankMenuOptionsVerification" duration-ms="64699" started-at="2022-09-22T00:47:06Z" finished-at="2022-09-22T00:48:11Z">
          <reporter-output>
            <line>
              <![CDATA[Step Description--> open new URL ]]>
            </line>
            <line>
              <![CDATA[Step Description--> Open AUT URL -----> https://nbuat.kotak.com/knb2/]]>
            </line>
            <line>
              <![CDATA[Step Description--> Set user name|| Input Value : 105360700]]>
            </line>
            <line>
              <![CDATA[Step Description--> Click 'Next' button]]>
            </line>
            <line>
              <![CDATA[Step Description--> Set password|| Input Value : Quality123]]>
            </line>
            <line>
              <![CDATA[Step Description--> Click 'SecureLogin' button]]>
            </line>
            <line>
              <![CDATA[Step Description--> Verify user login is successfull by using page title || Expected Result : Kotak Net Banking || Actual Result : Kotak Net Banking]]>
            </line>
            <line>
              <![CDATA[Step Description--> Click 'Trade Link' ]]>
            </line>
            <line>
              <![CDATA[Step Description--> Click 'Trade Link' ]]>
            </line>
            <line>
              <![CDATA[Step Description--> Click DI Inward Remittance]]>
            </line>
            <line>
              <![CDATA[Step Description--> Click DI Inward Remittance]]>
            </line>
            <line>
              <![CDATA[Step Description--> check Edit Transactions Displayed]]>
            </line>
            <line>
              <![CDATA[Step Description--> check Review Displayed]]>
            </line>
          </reporter-output>
        </test-method> <!-- TCIDFCCCGIRM001MessageToBankMenuOptionsVerification -->
        <test-method status="PASS" signature="redirect_Me_To_HomePage_On_FCC_Application(java.lang.reflect.Method)[pri:0, instance:com.Script.kotak.fcc.product.InwardRemittanceTest@4037cdb0]" name="redirect_Me_To_HomePage_On_FCC_Application" is-config="true" duration-ms="5016" started-at="2022-09-22T00:48:11Z" finished-at="2022-09-22T00:48:16Z">
          <params>
            <param index="0">
              <value>
                <![CDATA[public void com.Script.kotak.fcc.product.InwardRemittanceTest.TCID_FCCCGIRM0008VerifySearchCriteriaTransactions()]]>
              </value>
            </param>
          </params>
          <reporter-output>
          </reporter-output>
        </test-method> <!-- redirect_Me_To_HomePage_On_FCC_Application -->
        <test-method status="PASS" signature="TCID_FCCCGIRM0008VerifySearchCriteriaTransactions()[pri:2, instance:com.Script.kotak.fcc.product.InwardRemittanceTest@4037cdb0]" name="TCID_FCCCGIRM0008VerifySearchCriteriaTransactions" duration-ms="34743" started-at="2022-09-22T00:48:16Z" finished-at="2022-09-22T00:48:51Z">
          <reporter-output>
            <line>
              <![CDATA[Step Description--> Click Inward Remittance]]>
            </line>
            <line>
              <![CDATA[Step Description--> Click DI Inward Remittance]]>
            </line>
            <line>
              <![CDATA[Step Description--> clickFTInquiry]]>
            </line>
            <line>
              <![CDATA[Step Description--> click Filter Button]]>
            </line>
            <line>
              <![CDATA[Step Description--> check Portal RefId Displayed]]>
            </line>
            <line>
              <![CDATA[Step Description--> check Customer Reference Displayed]]>
            </line>
            <line>
              <![CDATA[Step Description--> check Beneficiary Name Displayed]]>
            </line>
            <line>
              <![CDATA[Step Description--> check Applicant Account No Displayed]]>
            </line>
            <line>
              <![CDATA[Step Description--> check Status Displayed]]>
            </line>
            <line>
              <![CDATA[Step Description--> check CCY Displayed]]>
            </line>
          </reporter-output>
        </test-method> <!-- TCID_FCCCGIRM0008VerifySearchCriteriaTransactions -->
        <test-method status="PASS" signature="redirect_Me_To_HomePage_On_FCC_Application(java.lang.reflect.Method)[pri:0, instance:com.Script.kotak.fcc.product.InwardRemittanceTest@4037cdb0]" name="redirect_Me_To_HomePage_On_FCC_Application" is-config="true" duration-ms="5022" started-at="2022-09-22T00:48:52Z" finished-at="2022-09-22T00:48:57Z">
          <params>
            <param index="0">
              <value>
                <![CDATA[public void com.Script.kotak.fcc.product.InwardRemittanceTest.TCID_FCCCGIRM0010VerifyMenuOptionsAvailable()]]>
              </value>
            </param>
          </params>
          <reporter-output>
          </reporter-output>
        </test-method> <!-- redirect_Me_To_HomePage_On_FCC_Application -->
        <test-method status="PASS" signature="TCID_FCCCGIRM0010VerifyMenuOptionsAvailable()[pri:3, instance:com.Script.kotak.fcc.product.InwardRemittanceTest@4037cdb0]" name="TCID_FCCCGIRM0010VerifyMenuOptionsAvailable" duration-ms="17408" started-at="2022-09-22T00:48:57Z" finished-at="2022-09-22T00:49:15Z">
          <reporter-output>
            <line>
              <![CDATA[Step Description--> Click DI Inward Remittance]]>
            </line>
            <line>
              <![CDATA[Step Description--> Click DI Inward Remittance]]>
            </line>
            <line>
              <![CDATA[Step Description--> check DI Inward Remittance Displayed]]>
            </line>
          </reporter-output>
        </test-method> <!-- TCID_FCCCGIRM0010VerifyMenuOptionsAvailable -->
        <test-method status="PASS" signature="redirect_Me_To_HomePage_On_FCC_Application(java.lang.reflect.Method)[pri:0, instance:com.Script.kotak.fcc.product.InwardRemittanceTest@4037cdb0]" name="redirect_Me_To_HomePage_On_FCC_Application" is-config="true" duration-ms="5158" started-at="2022-09-22T00:49:15Z" finished-at="2022-09-22T00:49:20Z">
          <params>
            <param index="0">
              <value>
                <![CDATA[public void com.Script.kotak.fcc.product.InwardRemittanceTest.TCID_FCCCGIRM0011VerifyTransactionsReceivedFromNostroUtility()]]>
              </value>
            </param>
          </params>
          <reporter-output>
          </reporter-output>
        </test-method> <!-- redirect_Me_To_HomePage_On_FCC_Application -->
        <test-method status="PASS" signature="TCID_FCCCGIRM0011VerifyTransactionsReceivedFromNostroUtility()[pri:4, instance:com.Script.kotak.fcc.product.InwardRemittanceTest@4037cdb0]" name="TCID_FCCCGIRM0011VerifyTransactionsReceivedFromNostroUtility" duration-ms="19974" started-at="2022-09-22T00:49:21Z" finished-at="2022-09-22T00:49:41Z">
          <reporter-output>
            <line>
              <![CDATA[Step Description--> Click DI Inward Remittance]]>
            </line>
            <line>
              <![CDATA[Step Description--> Click DI Inward Remittance]]>
            </line>
            <line>
              <![CDATA[Step Description--> click Edit Transactions]]>
            </line>
            <line>
              <![CDATA[Step Description--> check Transactions Received From Nostro Utility Displayed]]>
            </line>
          </reporter-output>
        </test-method> <!-- TCID_FCCCGIRM0011VerifyTransactionsReceivedFromNostroUtility -->
        <test-method status="PASS" signature="redirect_Me_To_HomePage_On_FCC_Application(java.lang.reflect.Method)[pri:0, instance:com.Script.kotak.fcc.product.InwardRemittanceTest@4037cdb0]" name="redirect_Me_To_HomePage_On_FCC_Application" is-config="true" duration-ms="5164" started-at="2022-09-22T00:49:41Z" finished-at="2022-09-22T00:49:46Z">
          <params>
            <param index="0">
              <value>
                <![CDATA[public void com.Script.kotak.fcc.product.InwardRemittanceTest.TCID_FCCCGIRM0025verifyAuditDetailsForInwardRemittanceTransaction()]]>
              </value>
            </param>
          </params>
          <reporter-output>
          </reporter-output>
        </test-method> <!-- redirect_Me_To_HomePage_On_FCC_Application -->
        <test-method status="PASS" signature="TCID_FCCCGIRM0025verifyAuditDetailsForInwardRemittanceTransaction()[pri:5, instance:com.Script.kotak.fcc.product.InwardRemittanceTest@4037cdb0]" name="TCID_FCCCGIRM0025verifyAuditDetailsForInwardRemittanceTransaction" duration-ms="12703" started-at="2022-09-22T00:49:46Z" finished-at="2022-09-22T00:49:59Z">
          <reporter-output>
            <line>
              <![CDATA[Step Description--> Click Inward Remittance]]>
            </line>
            <line>
              <![CDATA[Step Description--> Click DI Inward Remittance]]>
            </line>
            <line>
              <![CDATA[Step Description--> click On Details]]>
            </line>
            <line>
              <![CDATA[Step Description--> click On Transction Button]]>
            </line>
          </reporter-output>
        </test-method> <!-- TCID_FCCCGIRM0025verifyAuditDetailsForInwardRemittanceTransaction -->
        <test-method status="PASS" signature="redirect_Me_To_HomePage_On_FCC_Application(java.lang.reflect.Method)[pri:0, instance:com.Script.kotak.fcc.product.InwardRemittanceTest@4037cdb0]" name="redirect_Me_To_HomePage_On_FCC_Application" is-config="true" duration-ms="5191" started-at="2022-09-22T00:50:00Z" finished-at="2022-09-22T00:50:05Z">
          <params>
            <param index="0">
              <value>
                <![CDATA[public void com.Script.kotak.fcc.product.InwardRemittanceTest.TCID_FCCCGIRM0026verifyAuditDetailsForRemittanceCreditTransaction()]]>
              </value>
            </param>
          </params>
          <reporter-output>
          </reporter-output>
        </test-method> <!-- redirect_Me_To_HomePage_On_FCC_Application -->
        <test-method status="PASS" signature="TCID_FCCCGIRM0026verifyAuditDetailsForRemittanceCreditTransaction()[pri:6, instance:com.Script.kotak.fcc.product.InwardRemittanceTest@4037cdb0]" name="TCID_FCCCGIRM0026verifyAuditDetailsForRemittanceCreditTransaction" duration-ms="21331" started-at="2022-09-22T00:50:05Z" finished-at="2022-09-22T00:50:26Z">
          <reporter-output>
            <line>
              <![CDATA[Step Description--> Click DI Inward Remittance]]>
            </line>
            <line>
              <![CDATA[Step Description--> Click DI Inward Remittance]]>
            </line>
            <line>
              <![CDATA[Step Description--> click On Details]]>
            </line>
            <line>
              <![CDATA[Step Description--> click On Transction Button]]>
            </line>
          </reporter-output>
        </test-method> <!-- TCID_FCCCGIRM0026verifyAuditDetailsForRemittanceCreditTransaction -->
        <test-method status="PASS" signature="redirect_Me_To_HomePage_On_FCC_Application(java.lang.reflect.Method)[pri:0, instance:com.Script.kotak.fcc.product.InwardRemittanceTest@4037cdb0]" name="redirect_Me_To_HomePage_On_FCC_Application" is-config="true" duration-ms="5097" started-at="2022-09-22T00:50:27Z" finished-at="2022-09-22T00:50:32Z">
          <params>
            <param index="0">
              <value>
                <![CDATA[public void com.Script.kotak.fcc.product.InwardRemittanceTest.TCID_FCCCGIRM0034verifyTransactionCopyValidation()]]>
              </value>
            </param>
          </params>
          <reporter-output>
          </reporter-output>
        </test-method> <!-- redirect_Me_To_HomePage_On_FCC_Application -->
        <test-method status="PASS" signature="TCID_FCCCGIRM0034verifyTransactionCopyValidation()[pri:7, instance:com.Script.kotak.fcc.product.InwardRemittanceTest@4037cdb0]" name="TCID_FCCCGIRM0034verifyTransactionCopyValidation" duration-ms="39866" started-at="2022-09-22T00:50:32Z" finished-at="2022-09-22T00:51:11Z">
          <reporter-output>
            <line>
              <![CDATA[Step Description--> Click DI Inward Remittance]]>
            </line>
            <line>
              <![CDATA[Step Description--> Click DI Inward Remittance]]>
            </line>
            <line>
              <![CDATA[Step Description--> click On View]]>
            </line>
            <line>
              <![CDATA[Step Description--> click On Download]]>
            </line>
            <line>
              <![CDATA[Step Description--> Click DI Inward Remittance]]>
            </line>
            <line>
              <![CDATA[Step Description--> Click DI Inward Remittance]]>
            </line>
          </reporter-output>
        </test-method> <!-- TCID_FCCCGIRM0034verifyTransactionCopyValidation -->
        <test-method status="PASS" signature="redirect_Me_To_HomePage_On_FCC_Application(java.lang.reflect.Method)[pri:0, instance:com.Script.kotak.fcc.product.InwardRemittanceTest@4037cdb0]" name="redirect_Me_To_HomePage_On_FCC_Application" is-config="true" duration-ms="5038" started-at="2022-09-22T00:51:12Z" finished-at="2022-09-22T00:51:17Z">
          <params>
            <param index="0">
              <value>
                <![CDATA[public void com.Script.kotak.fcc.product.InwardRemittanceTest.FCC_CGIRM0017verifySubProductDisposalInstructions()]]>
              </value>
            </param>
          </params>
          <reporter-output>
          </reporter-output>
        </test-method> <!-- redirect_Me_To_HomePage_On_FCC_Application -->
        <test-method status="FAIL" signature="FCC_CGIRM0017verifySubProductDisposalInstructions()[pri:8, instance:com.Script.kotak.fcc.product.InwardRemittanceTest@4037cdb0]" name="FCC_CGIRM0017verifySubProductDisposalInstructions" duration-ms="49624" started-at="2022-09-22T00:51:17Z" finished-at="2022-09-22T00:52:06Z">
          <exception class="java.lang.AssertionError">
            <message>
              <![CDATA[expected [true] but found [false]]]>
            </message>
            <full-stacktrace>
              <![CDATA[java.lang.AssertionError: expected [true] but found [false]
	at org.testng.Assert.fail(Assert.java:94)
	at org.testng.Assert.failNotEquals(Assert.java:513)
	at org.testng.Assert.assertTrue(Assert.java:42)
	at org.testng.Assert.assertTrue(Assert.java:52)
	at com.generic.Utilities.addAssertTakeScreenShot(Utilities.java:399)
	at com.generic.Utilities.logReporter(Utilities.java:341)
	at com.kotak.fcc.product.InwardRemittance.IRDisposalInstructionDetails.verifySubProductDisposal(IRDisposalInstructionDetails.java:70)
	at com.view.kotak.fcc.product.InwardRemittanceView.verifySubProductDisposal_1(InwardRemittanceView.java:36)
	at com.Script.kotak.fcc.product.InwardRemittanceTest.FCC_CGIRM0017verifySubProductDisposalInstructions(InwardRemittanceTest.java:213)
	at sun.reflect.NativeMethodAccessorImpl.invoke0(Native Method)
	at sun.reflect.NativeMethodAccessorImpl.invoke(NativeMethodAccessorImpl.java:62)
	at sun.reflect.DelegatingMethodAccessorImpl.invoke(DelegatingMethodAccessorImpl.java:43)
	at java.lang.reflect.Method.invoke(Method.java:498)
	at org.testng.internal.MethodInvocationHelper.invokeMethod(MethodInvocationHelper.java:86)
	at org.testng.internal.Invoker.invokeMethod(Invoker.java:643)
	at org.testng.internal.Invoker.invokeTestMethod(Invoker.java:820)
	at org.testng.internal.Invoker.invokeTestMethods(Invoker.java:1128)
	at org.testng.internal.TestMethodWorker.invokeTestMethods(TestMethodWorker.java:129)
	at org.testng.internal.TestMethodWorker.run(TestMethodWorker.java:112)
	at org.testng.TestRunner.privateRun(TestRunner.java:782)
	at org.testng.TestRunner.run(TestRunner.java:632)
	at org.testng.SuiteRunner.runTest(SuiteRunner.java:366)
	at org.testng.SuiteRunner.runSequentially(SuiteRunner.java:361)
	at org.testng.SuiteRunner.privateRun(SuiteRunner.java:319)
	at org.testng.SuiteRunner.run(SuiteRunner.java:268)
	at org.testng.SuiteRunnerWorker.runSuite(SuiteRunnerWorker.java:52)
	at org.testng.SuiteRunnerWorker.run(SuiteRunnerWorker.java:86)
	at org.testng.TestNG.runSuitesSequentially(TestNG.java:1244)
	at org.testng.TestNG.runSuitesLocally(TestNG.java:1169)
	at org.testng.TestNG.run(TestNG.java:1064)
	at org.apache.maven.surefire.testng.TestNGExecutor.run(TestNGExecutor.java:282)
	at org.apache.maven.surefire.testng.TestNGXmlTestSuite.execute(TestNGXmlTestSuite.java:83)
	at org.apache.maven.surefire.testng.TestNGProvider.invoke(TestNGProvider.java:114)
	at org.apache.maven.surefire.booter.ForkedBooter.invokeProviderInSameClassLoader(ForkedBooter.java:286)
	at org.apache.maven.surefire.booter.ForkedBooter.runSuitesInProcess(ForkedBooter.java:240)
	at org.apache.maven.surefire.booter.ForkedBooter.main(ForkedBooter.java:121)
]]>
            </full-stacktrace>
          </exception> <!-- java.lang.AssertionError -->
          <reporter-output>
            <line>
              <![CDATA[Step Description--> Click DI Inward Remittance]]>
            </line>
            <line>
              <![CDATA[Step Description--> Click DI Inward Remittance]]>
            </line>
            <line>
              <![CDATA[Step Description--> click Edit Transactions]]>
            </line>
            <line>
              <![CDATA[Step Description--> clickFTInquiry]]>
            </line>
            <line>
              <![CDATA[Step Description--> click Next Button]]>
            </line>
            <line>
              <![CDATA[Step Description--> click On type]]>
            </line>
            <line>
              <![CDATA[Step Description--> click On Option]]>
            </line>
            <line>
              <![CDATA[<a href=C:\Users\Dilip\git\InwardRemittance/target/surefire-reports/ScreenShot/FCC_CG_IRM_0017_verifySubProductDisposalInstructions	arget="_blank">Screenshot link</a>]]>
            </line>
            <line>
              <![CDATA[<br>]]>
            </line>
            <line>
              <![CDATA[<a href="C:\Users\Dilip\git\InwardRemittance/target/surefire-reports/ScreenShot/FCC_CG_IRM_0017_verifySubProductDisposalInstructions" target="_blank"><img hight=200 width=200 src="C:\Users\Dilip\git\InwardRemittance/target/surefire-reports/ScreenShot/FCC_CG_IRM_0017_verifySubProductDisposalInstructions"></a>]]>
            </line>
            <line>
              <![CDATA[Capturing Screenshot for the Failed test -- FCC_CGIRM0017verifySubProductDisposalInstructions]]>
            </line>
          </reporter-output>
        </test-method> <!-- FCC_CGIRM0017verifySubProductDisposalInstructions -->
        <test-method status="PASS" signature="redirect_Me_To_HomePage_On_FCC_Application(java.lang.reflect.Method)[pri:0, instance:com.Script.kotak.fcc.product.InwardRemittanceTest@4037cdb0]" name="redirect_Me_To_HomePage_On_FCC_Application" is-config="true" duration-ms="5034" started-at="2022-09-22T00:52:07Z" finished-at="2022-09-22T00:52:12Z">
          <params>
            <param index="0">
              <value>
                <![CDATA[public void com.Script.kotak.fcc.product.InwardRemittanceTest.FCC_CGIRM0019verifyFieldValidationPurposeType()]]>
              </value>
            </param>
          </params>
          <reporter-output>
          </reporter-output>
        </test-method> <!-- redirect_Me_To_HomePage_On_FCC_Application -->
        <test-method status="FAIL" signature="FCC_CGIRM0019verifyFieldValidationPurposeType()[pri:9, instance:com.Script.kotak.fcc.product.InwardRemittanceTest@4037cdb0]" name="FCC_CGIRM0019verifyFieldValidationPurposeType" duration-ms="48853" started-at="2022-09-22T00:52:12Z" finished-at="2022-09-22T00:53:01Z">
          <exception class="java.lang.AssertionError">
            <message>
              <![CDATA[expected [true] but found [false]]]>
            </message>
            <full-stacktrace>
              <![CDATA[java.lang.AssertionError: expected [true] but found [false]
	at org.testng.Assert.fail(Assert.java:94)
	at org.testng.Assert.failNotEquals(Assert.java:513)
	at org.testng.Assert.assertTrue(Assert.java:42)
	at org.testng.Assert.assertTrue(Assert.java:52)
	at com.generic.Utilities.addAssertTakeScreenShot(Utilities.java:399)
	at com.generic.Utilities.logReporter(Utilities.java:341)
	at com.kotak.fcc.product.InwardRemittance.IRDisposalInstructionDetails.verifySubProductDisposal(IRDisposalInstructionDetails.java:70)
	at com.view.kotak.fcc.product.InwardRemittanceView.verifySubProductDisposal_1(InwardRemittanceView.java:36)
	at com.Script.kotak.fcc.product.InwardRemittanceTest.FCC_CGIRM0019verifyFieldValidationPurposeType(InwardRemittanceTest.java:239)
	at sun.reflect.NativeMethodAccessorImpl.invoke0(Native Method)
	at sun.reflect.NativeMethodAccessorImpl.invoke(NativeMethodAccessorImpl.java:62)
	at sun.reflect.DelegatingMethodAccessorImpl.invoke(DelegatingMethodAccessorImpl.java:43)
	at java.lang.reflect.Method.invoke(Method.java:498)
	at org.testng.internal.MethodInvocationHelper.invokeMethod(MethodInvocationHelper.java:86)
	at org.testng.internal.Invoker.invokeMethod(Invoker.java:643)
	at org.testng.internal.Invoker.invokeTestMethod(Invoker.java:820)
	at org.testng.internal.Invoker.invokeTestMethods(Invoker.java:1128)
	at org.testng.internal.TestMethodWorker.invokeTestMethods(TestMethodWorker.java:129)
	at org.testng.internal.TestMethodWorker.run(TestMethodWorker.java:112)
	at org.testng.TestRunner.privateRun(TestRunner.java:782)
	at org.testng.TestRunner.run(TestRunner.java:632)
	at org.testng.SuiteRunner.runTest(SuiteRunner.java:366)
	at org.testng.SuiteRunner.runSequentially(SuiteRunner.java:361)
	at org.testng.SuiteRunner.privateRun(SuiteRunner.java:319)
	at org.testng.SuiteRunner.run(SuiteRunner.java:268)
	at org.testng.SuiteRunnerWorker.runSuite(SuiteRunnerWorker.java:52)
	at org.testng.SuiteRunnerWorker.run(SuiteRunnerWorker.java:86)
	at org.testng.TestNG.runSuitesSequentially(TestNG.java:1244)
	at org.testng.TestNG.runSuitesLocally(TestNG.java:1169)
	at org.testng.TestNG.run(TestNG.java:1064)
	at org.apache.maven.surefire.testng.TestNGExecutor.run(TestNGExecutor.java:282)
	at org.apache.maven.surefire.testng.TestNGXmlTestSuite.execute(TestNGXmlTestSuite.java:83)
	at org.apache.maven.surefire.testng.TestNGProvider.invoke(TestNGProvider.java:114)
	at org.apache.maven.surefire.booter.ForkedBooter.invokeProviderInSameClassLoader(ForkedBooter.java:286)
	at org.apache.maven.surefire.booter.ForkedBooter.runSuitesInProcess(ForkedBooter.java:240)
	at org.apache.maven.surefire.booter.ForkedBooter.main(ForkedBooter.java:121)
]]>
            </full-stacktrace>
          </exception> <!-- java.lang.AssertionError -->
          <reporter-output>
            <line>
              <![CDATA[Step Description--> Click DI Inward Remittance]]>
            </line>
            <line>
              <![CDATA[Step Description--> Click DI Inward Remittance]]>
            </line>
            <line>
              <![CDATA[Step Description--> click Edit Transactions]]>
            </line>
            <line>
              <![CDATA[Step Description--> clickFTInquiry]]>
            </line>
            <line>
              <![CDATA[Step Description--> click Next Button]]>
            </line>
            <line>
              <![CDATA[Step Description--> click On type]]>
            </line>
            <line>
              <![CDATA[Step Description--> click On Option]]>
            </line>
            <line>
              <![CDATA[<a href=C:\Users\Dilip\git\InwardRemittance/target/surefire-reports/ScreenShot/FCC_CG_IRM_0019_verifyFieldValidationPurposeType	arget="_blank">Screenshot link</a>]]>
            </line>
            <line>
              <![CDATA[<br>]]>
            </line>
            <line>
              <![CDATA[<a href="C:\Users\Dilip\git\InwardRemittance/target/surefire-reports/ScreenShot/FCC_CG_IRM_0019_verifyFieldValidationPurposeType" target="_blank"><img hight=200 width=200 src="C:\Users\Dilip\git\InwardRemittance/target/surefire-reports/ScreenShot/FCC_CG_IRM_0019_verifyFieldValidationPurposeType"></a>]]>
            </line>
            <line>
              <![CDATA[Capturing Screenshot for the Failed test -- FCC_CGIRM0019verifyFieldValidationPurposeType]]>
            </line>
          </reporter-output>
        </test-method> <!-- FCC_CGIRM0019verifyFieldValidationPurposeType -->
        <test-method status="PASS" signature="redirect_Me_To_HomePage_On_FCC_Application(java.lang.reflect.Method)[pri:0, instance:com.Script.kotak.fcc.product.InwardRemittanceTest@4037cdb0]" name="redirect_Me_To_HomePage_On_FCC_Application" is-config="true" duration-ms="5024" started-at="2022-09-22T00:53:01Z" finished-at="2022-09-22T00:53:07Z">
          <params>
            <param index="0">
              <value>
                <![CDATA[public void com.Script.kotak.fcc.product.InwardRemittanceTest.FCC_CGIRM0020verifyverifyFieldValidationRealisatiopExportBillsInwardRemittance()]]>
              </value>
            </param>
          </params>
          <reporter-output>
          </reporter-output>
        </test-method> <!-- redirect_Me_To_HomePage_On_FCC_Application -->
        <test-method status="FAIL" signature="FCC_CGIRM0020verifyverifyFieldValidationRealisatiopExportBillsInwardRemittance()[pri:10, instance:com.Script.kotak.fcc.product.InwardRemittanceTest@4037cdb0]" name="FCC_CGIRM0020verifyverifyFieldValidationRealisatiopExportBillsInwardRemittance" duration-ms="36112" started-at="2022-09-22T00:53:07Z" finished-at="2022-09-22T00:53:43Z">
          <exception class="org.openqa.selenium.NoSuchWindowException">
            <message>
              <![CDATA[no such window: target window already closed
from unknown error: web view not found
  (Session info: chrome=105.0.5195.127)
Build info: version: '3.14.0', revision: 'aacccce0', time: '2018-08-02T20:19:58.91Z'
System info: host: 'DESKTOP-QM91UED', ip: '192.168.244.145', os.name: 'Windows 10', os.arch: 'amd64', os.version: '10.0', java.version: '1.8.0_121'
Driver info: org.openqa.selenium.chrome.ChromeDriver
Capabilities {acceptInsecureCerts: false, browserName: chrome, browserVersion: 105.0.5195.127, chrome: {chromedriverVersion: 105.0.5195.52 (412c95e51883..., userDataDir: C:\Users\Dilip\AppData\Loca...}, goog:chromeOptions: {debuggerAddress: localhost:55974}, javascriptEnabled: true, networkConnectionEnabled: false, pageLoadStrategy: normal, platform: WINDOWS, platformName: WINDOWS, proxy: Proxy(), setWindowRect: true, strictFileInteractability: false, timeouts: {implicit: 0, pageLoad: 300000, script: 30000}, unhandledPromptBehavior: dismiss and notify, webauthn:extension:credBlob: true, webauthn:extension:largeBlob: true, webauthn:virtualAuthenticators: true}
Session ID: 3b8fc49d89dfba42d3ec82f066f63274]]>
            </message>
            <full-stacktrace>
              <![CDATA[org.openqa.selenium.NoSuchWindowException: no such window: target window already closed
from unknown error: web view not found
  (Session info: chrome=105.0.5195.127)
Build info: version: '3.14.0', revision: 'aacccce0', time: '2018-08-02T20:19:58.91Z'
System info: host: 'DESKTOP-QM91UED', ip: '192.168.244.145', os.name: 'Windows 10', os.arch: 'amd64', os.version: '10.0', java.version: '1.8.0_121'
Driver info: org.openqa.selenium.chrome.ChromeDriver
Capabilities {acceptInsecureCerts: false, browserName: chrome, browserVersion: 105.0.5195.127, chrome: {chromedriverVersion: 105.0.5195.52 (412c95e51883..., userDataDir: C:\Users\Dilip\AppData\Loca...}, goog:chromeOptions: {debuggerAddress: localhost:55974}, javascriptEnabled: true, networkConnectionEnabled: false, pageLoadStrategy: normal, platform: WINDOWS, platformName: WINDOWS, proxy: Proxy(), setWindowRect: true, strictFileInteractability: false, timeouts: {implicit: 0, pageLoad: 300000, script: 30000}, unhandledPromptBehavior: dismiss and notify, webauthn:extension:credBlob: true, webauthn:extension:largeBlob: true, webauthn:virtualAuthenticators: true}
Session ID: 3b8fc49d89dfba42d3ec82f066f63274
	at sun.reflect.NativeConstructorAccessorImpl.newInstance0(Native Method)
	at sun.reflect.NativeConstructorAccessorImpl.newInstance(NativeConstructorAccessorImpl.java:62)
	at sun.reflect.DelegatingConstructorAccessorImpl.newInstance(DelegatingConstructorAccessorImpl.java:45)
	at java.lang.reflect.Constructor.newInstance(Constructor.java:423)
	at org.openqa.selenium.remote.http.W3CHttpResponseCodec.createException(W3CHttpResponseCodec.java:187)
	at org.openqa.selenium.remote.http.W3CHttpResponseCodec.decode(W3CHttpResponseCodec.java:122)
	at org.openqa.selenium.remote.http.W3CHttpResponseCodec.decode(W3CHttpResponseCodec.java:49)
	at org.openqa.selenium.remote.HttpCommandExecutor.execute(HttpCommandExecutor.java:158)
	at org.openqa.selenium.remote.service.DriverCommandExecutor.execute(DriverCommandExecutor.java:83)
	at org.openqa.selenium.remote.RemoteWebDriver.execute(RemoteWebDriver.java:548)
	at org.openqa.selenium.remote.RemoteWebDriver.execute(RemoteWebDriver.java:605)
	at org.openqa.selenium.remote.RemoteWebDriver.getScreenshotAs(RemoteWebDriver.java:294)
	at com.generic.Utilities.takeScreenShot(Utilities.java:614)
	at com.generic.Utilities.addAssertTakeScreenShot(Utilities.java:398)
	at com.generic.Utilities.logReporter(Utilities.java:341)
	at com.kotak.fcc.product.InwardRemittance.IR.clickEditTransactions(IR.java:76)
	at com.Script.kotak.fcc.product.InwardRemittanceTest.FCC_CGIRM0020verifyverifyFieldValidationRealisatiopExportBillsInwardRemittance(InwardRemittanceTest.java:256)
	at sun.reflect.NativeMethodAccessorImpl.invoke0(Native Method)
	at sun.reflect.NativeMethodAccessorImpl.invoke(NativeMethodAccessorImpl.java:62)
	at sun.reflect.DelegatingMethodAccessorImpl.invoke(DelegatingMethodAccessorImpl.java:43)
	at java.lang.reflect.Method.invoke(Method.java:498)
	at org.testng.internal.MethodInvocationHelper.invokeMethod(MethodInvocationHelper.java:86)
	at org.testng.internal.Invoker.invokeMethod(Invoker.java:643)
	at org.testng.internal.Invoker.invokeTestMethod(Invoker.java:820)
	at org.testng.internal.Invoker.invokeTestMethods(Invoker.java:1128)
	at org.testng.internal.TestMethodWorker.invokeTestMethods(TestMethodWorker.java:129)
	at org.testng.internal.TestMethodWorker.run(TestMethodWorker.java:112)
	at org.testng.TestRunner.privateRun(TestRunner.java:782)
	at org.testng.TestRunner.run(TestRunner.java:632)
	at org.testng.SuiteRunner.runTest(SuiteRunner.java:366)
	at org.testng.SuiteRunner.runSequentially(SuiteRunner.java:361)
	at org.testng.SuiteRunner.privateRun(SuiteRunner.java:319)
	at org.testng.SuiteRunner.run(SuiteRunner.java:268)
	at org.testng.SuiteRunnerWorker.runSuite(SuiteRunnerWorker.java:52)
	at org.testng.SuiteRunnerWorker.run(SuiteRunnerWorker.java:86)
	at org.testng.TestNG.runSuitesSequentially(TestNG.java:1244)
	at org.testng.TestNG.runSuitesLocally(TestNG.java:1169)
	at org.testng.TestNG.run(TestNG.java:1064)
	at org.apache.maven.surefire.testng.TestNGExecutor.run(TestNGExecutor.java:282)
	at org.apache.maven.surefire.testng.TestNGXmlTestSuite.execute(TestNGXmlTestSuite.java:83)
	at org.apache.maven.surefire.testng.TestNGProvider.invoke(TestNGProvider.java:114)
	at org.apache.maven.surefire.booter.ForkedBooter.invokeProviderInSameClassLoader(ForkedBooter.java:286)
	at org.apache.maven.surefire.booter.ForkedBooter.runSuitesInProcess(ForkedBooter.java:240)
	at org.apache.maven.surefire.booter.ForkedBooter.main(ForkedBooter.java:121)
]]>
            </full-stacktrace>
          </exception> <!-- org.openqa.selenium.NoSuchWindowException -->
          <reporter-output>
            <line>
              <![CDATA[Step Description--> Click DI Inward Remittance]]>
            </line>
            <line>
              <![CDATA[Step Description--> Click DI Inward Remittance]]>
            </line>
            <line>
              <![CDATA[Step Description--> click Edit Transactions]]>
            </line>
            <line>
              <![CDATA[<a href=C:\Users\Dilip\git\InwardRemittance/target/surefire-reports/ScreenShot/FCC_CG_IRM_0020_verifyverifyFieldValidationRealisatiopExportBillsInwardRemittance	arget="_blank">Screenshot link</a>]]>
            </line>
            <line>
              <![CDATA[<br>]]>
            </line>
            <line>
              <![CDATA[<a href="C:\Users\Dilip\git\InwardRemittance/target/surefire-reports/ScreenShot/FCC_CG_IRM_0020_verifyverifyFieldValidationRealisatiopExportBillsInwardRemittance" target="_blank"><img hight=200 width=200 src="C:\Users\Dilip\git\InwardRemittance/target/surefire-reports/ScreenShot/FCC_CG_IRM_0020_verifyverifyFieldValidationRealisatiopExportBillsInwardRemittance"></a>]]>
            </line>
            <line>
              <![CDATA[Capturing Screenshot for the Failed test -- FCC_CGIRM0020verifyverifyFieldValidationRealisatiopExportBillsInwardRemittance]]>
            </line>
          </reporter-output>
        </test-method> <!-- FCC_CGIRM0020verifyverifyFieldValidationRealisatiopExportBillsInwardRemittance -->
        <test-method status="PASS" signature="redirect_Me_To_HomePage_On_FCC_Application(java.lang.reflect.Method)[pri:0, instance:com.Script.kotak.fcc.product.InwardRemittanceTest@4037cdb0]" name="redirect_Me_To_HomePage_On_FCC_Application" is-config="true" duration-ms="5064" started-at="2022-09-22T00:53:43Z" finished-at="2022-09-22T00:53:48Z">
          <params>
            <param index="0">
              <value>
                <![CDATA[public void com.Script.kotak.fcc.product.InwardRemittanceTest.FCC_CGIRM0021verifyFieldValidationPurposeTypeOtherReceiptMISCInwardRemittance()]]>
              </value>
            </param>
          </params>
          <reporter-output>
          </reporter-output>
        </test-method> <!-- redirect_Me_To_HomePage_On_FCC_Application -->
        <test-method status="FAIL" signature="FCC_CGIRM0021verifyFieldValidationPurposeTypeOtherReceiptMISCInwardRemittance()[pri:11, instance:com.Script.kotak.fcc.product.InwardRemittanceTest@4037cdb0]" name="FCC_CGIRM0021verifyFieldValidationPurposeTypeOtherReceiptMISCInwardRemittance" duration-ms="20162" started-at="2022-09-22T00:53:48Z" finished-at="2022-09-22T00:54:08Z">
          <exception class="org.openqa.selenium.NoSuchWindowException">
            <message>
              <![CDATA[no such window: target window already closed
from unknown error: web view not found
  (Session info: chrome=105.0.5195.127)
Build info: version: '3.14.0', revision: 'aacccce0', time: '2018-08-02T20:19:58.91Z'
System info: host: 'DESKTOP-QM91UED', ip: '192.168.244.145', os.name: 'Windows 10', os.arch: 'amd64', os.version: '10.0', java.version: '1.8.0_121'
Driver info: org.openqa.selenium.chrome.ChromeDriver
Capabilities {acceptInsecureCerts: false, browserName: chrome, browserVersion: 105.0.5195.127, chrome: {chromedriverVersion: 105.0.5195.52 (412c95e51883..., userDataDir: C:\Users\Dilip\AppData\Loca...}, goog:chromeOptions: {debuggerAddress: localhost:55974}, javascriptEnabled: true, networkConnectionEnabled: false, pageLoadStrategy: normal, platform: WINDOWS, platformName: WINDOWS, proxy: Proxy(), setWindowRect: true, strictFileInteractability: false, timeouts: {implicit: 0, pageLoad: 300000, script: 30000}, unhandledPromptBehavior: dismiss and notify, webauthn:extension:credBlob: true, webauthn:extension:largeBlob: true, webauthn:virtualAuthenticators: true}
Session ID: 3b8fc49d89dfba42d3ec82f066f63274]]>
            </message>
            <full-stacktrace>
              <![CDATA[org.openqa.selenium.NoSuchWindowException: no such window: target window already closed
from unknown error: web view not found
  (Session info: chrome=105.0.5195.127)
Build info: version: '3.14.0', revision: 'aacccce0', time: '2018-08-02T20:19:58.91Z'
System info: host: 'DESKTOP-QM91UED', ip: '192.168.244.145', os.name: 'Windows 10', os.arch: 'amd64', os.version: '10.0', java.version: '1.8.0_121'
Driver info: org.openqa.selenium.chrome.ChromeDriver
Capabilities {acceptInsecureCerts: false, browserName: chrome, browserVersion: 105.0.5195.127, chrome: {chromedriverVersion: 105.0.5195.52 (412c95e51883..., userDataDir: C:\Users\Dilip\AppData\Loca...}, goog:chromeOptions: {debuggerAddress: localhost:55974}, javascriptEnabled: true, networkConnectionEnabled: false, pageLoadStrategy: normal, platform: WINDOWS, platformName: WINDOWS, proxy: Proxy(), setWindowRect: true, strictFileInteractability: false, timeouts: {implicit: 0, pageLoad: 300000, script: 30000}, unhandledPromptBehavior: dismiss and notify, webauthn:extension:credBlob: true, webauthn:extension:largeBlob: true, webauthn:virtualAuthenticators: true}
Session ID: 3b8fc49d89dfba42d3ec82f066f63274
	at sun.reflect.GeneratedConstructorAccessor56.newInstance(Unknown Source)
	at sun.reflect.DelegatingConstructorAccessorImpl.newInstance(DelegatingConstructorAccessorImpl.java:45)
	at java.lang.reflect.Constructor.newInstance(Constructor.java:423)
	at org.openqa.selenium.remote.http.W3CHttpResponseCodec.createException(W3CHttpResponseCodec.java:187)
	at org.openqa.selenium.remote.http.W3CHttpResponseCodec.decode(W3CHttpResponseCodec.java:122)
	at org.openqa.selenium.remote.http.W3CHttpResponseCodec.decode(W3CHttpResponseCodec.java:49)
	at org.openqa.selenium.remote.HttpCommandExecutor.execute(HttpCommandExecutor.java:158)
	at org.openqa.selenium.remote.service.DriverCommandExecutor.execute(DriverCommandExecutor.java:83)
	at org.openqa.selenium.remote.RemoteWebDriver.execute(RemoteWebDriver.java:548)
	at org.openqa.selenium.remote.RemoteWebDriver.execute(RemoteWebDriver.java:605)
	at org.openqa.selenium.remote.RemoteWebDriver.getScreenshotAs(RemoteWebDriver.java:294)
	at com.generic.Utilities.takeScreenShot(Utilities.java:614)
	at com.generic.Utilities.addAssertTakeScreenShot(Utilities.java:398)
	at com.generic.Utilities.logReporter(Utilities.java:341)
	at com.kotak.fcc.product.InwardRemittance.IR.clickEditTransactions(IR.java:76)
	at com.Script.kotak.fcc.product.InwardRemittanceTest.FCC_CGIRM0021verifyFieldValidationPurposeTypeOtherReceiptMISCInwardRemittance(InwardRemittanceTest.java:278)
	at sun.reflect.NativeMethodAccessorImpl.invoke0(Native Method)
	at sun.reflect.NativeMethodAccessorImpl.invoke(NativeMethodAccessorImpl.java:62)
	at sun.reflect.DelegatingMethodAccessorImpl.invoke(DelegatingMethodAccessorImpl.java:43)
	at java.lang.reflect.Method.invoke(Method.java:498)
	at org.testng.internal.MethodInvocationHelper.invokeMethod(MethodInvocationHelper.java:86)
	at org.testng.internal.Invoker.invokeMethod(Invoker.java:643)
	at org.testng.internal.Invoker.invokeTestMethod(Invoker.java:820)
	at org.testng.internal.Invoker.invokeTestMethods(Invoker.java:1128)
	at org.testng.internal.TestMethodWorker.invokeTestMethods(TestMethodWorker.java:129)
	at org.testng.internal.TestMethodWorker.run(TestMethodWorker.java:112)
	at org.testng.TestRunner.privateRun(TestRunner.java:782)
	at org.testng.TestRunner.run(TestRunner.java:632)
	at org.testng.SuiteRunner.runTest(SuiteRunner.java:366)
	at org.testng.SuiteRunner.runSequentially(SuiteRunner.java:361)
	at org.testng.SuiteRunner.privateRun(SuiteRunner.java:319)
	at org.testng.SuiteRunner.run(SuiteRunner.java:268)
	at org.testng.SuiteRunnerWorker.runSuite(SuiteRunnerWorker.java:52)
	at org.testng.SuiteRunnerWorker.run(SuiteRunnerWorker.java:86)
	at org.testng.TestNG.runSuitesSequentially(TestNG.java:1244)
	at org.testng.TestNG.runSuitesLocally(TestNG.java:1169)
	at org.testng.TestNG.run(TestNG.java:1064)
	at org.apache.maven.surefire.testng.TestNGExecutor.run(TestNGExecutor.java:282)
	at org.apache.maven.surefire.testng.TestNGXmlTestSuite.execute(TestNGXmlTestSuite.java:83)
	at org.apache.maven.surefire.testng.TestNGProvider.invoke(TestNGProvider.java:114)
	at org.apache.maven.surefire.booter.ForkedBooter.invokeProviderInSameClassLoader(ForkedBooter.java:286)
	at org.apache.maven.surefire.booter.ForkedBooter.runSuitesInProcess(ForkedBooter.java:240)
	at org.apache.maven.surefire.booter.ForkedBooter.main(ForkedBooter.java:121)
]]>
            </full-stacktrace>
          </exception> <!-- org.openqa.selenium.NoSuchWindowException -->
          <reporter-output>
            <line>
              <![CDATA[Step Description--> click Edit Transactions]]>
            </line>
            <line>
              <![CDATA[<a href=C:\Users\Dilip\git\InwardRemittance/target/surefire-reports/ScreenShot/FCC_CG_IRM_0020_verifyverifyFieldValidationRealisatiopExportBillsInwardRemittance	arget="_blank">Screenshot link</a>]]>
            </line>
            <line>
              <![CDATA[<br>]]>
            </line>
            <line>
              <![CDATA[<a href="C:\Users\Dilip\git\InwardRemittance/target/surefire-reports/ScreenShot/FCC_CG_IRM_0020_verifyverifyFieldValidationRealisatiopExportBillsInwardRemittance" target="_blank"><img hight=200 width=200 src="C:\Users\Dilip\git\InwardRemittance/target/surefire-reports/ScreenShot/FCC_CG_IRM_0020_verifyverifyFieldValidationRealisatiopExportBillsInwardRemittance"></a>]]>
            </line>
            <line>
              <![CDATA[Capturing Screenshot for the Failed test -- FCC_CGIRM0021verifyFieldValidationPurposeTypeOtherReceiptMISCInwardRemittance]]>
            </line>
          </reporter-output>
        </test-method> <!-- FCC_CGIRM0021verifyFieldValidationPurposeTypeOtherReceiptMISCInwardRemittance -->
        <test-method status="PASS" signature="redirect_Me_To_HomePage_On_FCC_Application(java.lang.reflect.Method)[pri:0, instance:com.Script.kotak.fcc.product.InwardRemittanceTest@4037cdb0]" name="redirect_Me_To_HomePage_On_FCC_Application" is-config="true" duration-ms="5072" started-at="2022-09-22T00:54:08Z" finished-at="2022-09-22T00:54:14Z">
          <params>
            <param index="0">
              <value>
                <![CDATA[public void com.Script.kotak.fcc.product.InwardRemittanceTest.FCC_CGIRM0023verifyInwardRemittanceSwiftDetails()]]>
              </value>
            </param>
          </params>
          <reporter-output>
          </reporter-output>
        </test-method> <!-- redirect_Me_To_HomePage_On_FCC_Application -->
        <test-method status="FAIL" signature="FCC_CGIRM0023verifyInwardRemittanceSwiftDetails()[pri:12, instance:com.Script.kotak.fcc.product.InwardRemittanceTest@4037cdb0]" name="FCC_CGIRM0023verifyInwardRemittanceSwiftDetails" duration-ms="30187" started-at="2022-09-22T00:54:14Z" finished-at="2022-09-22T00:54:44Z">
          <exception class="org.openqa.selenium.NoSuchWindowException">
            <message>
              <![CDATA[no such window: target window already closed
from unknown error: web view not found
  (Session info: chrome=105.0.5195.127)
Build info: version: '3.14.0', revision: 'aacccce0', time: '2018-08-02T20:19:58.91Z'
System info: host: 'DESKTOP-QM91UED', ip: '192.168.244.145', os.name: 'Windows 10', os.arch: 'amd64', os.version: '10.0', java.version: '1.8.0_121'
Driver info: org.openqa.selenium.chrome.ChromeDriver
Capabilities {acceptInsecureCerts: false, browserName: chrome, browserVersion: 105.0.5195.127, chrome: {chromedriverVersion: 105.0.5195.52 (412c95e51883..., userDataDir: C:\Users\Dilip\AppData\Loca...}, goog:chromeOptions: {debuggerAddress: localhost:55974}, javascriptEnabled: true, networkConnectionEnabled: false, pageLoadStrategy: normal, platform: WINDOWS, platformName: WINDOWS, proxy: Proxy(), setWindowRect: true, strictFileInteractability: false, timeouts: {implicit: 0, pageLoad: 300000, script: 30000}, unhandledPromptBehavior: dismiss and notify, webauthn:extension:credBlob: true, webauthn:extension:largeBlob: true, webauthn:virtualAuthenticators: true}
Session ID: 3b8fc49d89dfba42d3ec82f066f63274]]>
            </message>
            <full-stacktrace>
              <![CDATA[org.openqa.selenium.NoSuchWindowException: no such window: target window already closed
from unknown error: web view not found
  (Session info: chrome=105.0.5195.127)
Build info: version: '3.14.0', revision: 'aacccce0', time: '2018-08-02T20:19:58.91Z'
System info: host: 'DESKTOP-QM91UED', ip: '192.168.244.145', os.name: 'Windows 10', os.arch: 'amd64', os.version: '10.0', java.version: '1.8.0_121'
Driver info: org.openqa.selenium.chrome.ChromeDriver
Capabilities {acceptInsecureCerts: false, browserName: chrome, browserVersion: 105.0.5195.127, chrome: {chromedriverVersion: 105.0.5195.52 (412c95e51883..., userDataDir: C:\Users\Dilip\AppData\Loca...}, goog:chromeOptions: {debuggerAddress: localhost:55974}, javascriptEnabled: true, networkConnectionEnabled: false, pageLoadStrategy: normal, platform: WINDOWS, platformName: WINDOWS, proxy: Proxy(), setWindowRect: true, strictFileInteractability: false, timeouts: {implicit: 0, pageLoad: 300000, script: 30000}, unhandledPromptBehavior: dismiss and notify, webauthn:extension:credBlob: true, webauthn:extension:largeBlob: true, webauthn:virtualAuthenticators: true}
Session ID: 3b8fc49d89dfba42d3ec82f066f63274
	at sun.reflect.GeneratedConstructorAccessor56.newInstance(Unknown Source)
	at sun.reflect.DelegatingConstructorAccessorImpl.newInstance(DelegatingConstructorAccessorImpl.java:45)
	at java.lang.reflect.Constructor.newInstance(Constructor.java:423)
	at org.openqa.selenium.remote.http.W3CHttpResponseCodec.createException(W3CHttpResponseCodec.java:187)
	at org.openqa.selenium.remote.http.W3CHttpResponseCodec.decode(W3CHttpResponseCodec.java:122)
	at org.openqa.selenium.remote.http.W3CHttpResponseCodec.decode(W3CHttpResponseCodec.java:49)
	at org.openqa.selenium.remote.HttpCommandExecutor.execute(HttpCommandExecutor.java:158)
	at org.openqa.selenium.remote.service.DriverCommandExecutor.execute(DriverCommandExecutor.java:83)
	at org.openqa.selenium.remote.RemoteWebDriver.execute(RemoteWebDriver.java:548)
	at org.openqa.selenium.remote.RemoteWebDriver.execute(RemoteWebDriver.java:605)
	at org.openqa.selenium.remote.RemoteWebDriver.getScreenshotAs(RemoteWebDriver.java:294)
	at com.generic.Utilities.takeScreenShot(Utilities.java:614)
	at com.generic.Utilities.addAssertTakeScreenShot(Utilities.java:398)
	at com.generic.Utilities.logReporter(Utilities.java:341)
	at com.flows.commonFlows.CommonFlow.navigateToDIInwardRemittance(CommonFlow.java:76)
	at com.Script.kotak.fcc.product.InwardRemittanceTest.FCC_CGIRM0023verifyInwardRemittanceSwiftDetails(InwardRemittanceTest.java:300)
	at sun.reflect.NativeMethodAccessorImpl.invoke0(Native Method)
	at sun.reflect.NativeMethodAccessorImpl.invoke(NativeMethodAccessorImpl.java:62)
	at sun.reflect.DelegatingMethodAccessorImpl.invoke(DelegatingMethodAccessorImpl.java:43)
	at java.lang.reflect.Method.invoke(Method.java:498)
	at org.testng.internal.MethodInvocationHelper.invokeMethod(MethodInvocationHelper.java:86)
	at org.testng.internal.Invoker.invokeMethod(Invoker.java:643)
	at org.testng.internal.Invoker.invokeTestMethod(Invoker.java:820)
	at org.testng.internal.Invoker.invokeTestMethods(Invoker.java:1128)
	at org.testng.internal.TestMethodWorker.invokeTestMethods(TestMethodWorker.java:129)
	at org.testng.internal.TestMethodWorker.run(TestMethodWorker.java:112)
	at org.testng.TestRunner.privateRun(TestRunner.java:782)
	at org.testng.TestRunner.run(TestRunner.java:632)
	at org.testng.SuiteRunner.runTest(SuiteRunner.java:366)
	at org.testng.SuiteRunner.runSequentially(SuiteRunner.java:361)
	at org.testng.SuiteRunner.privateRun(SuiteRunner.java:319)
	at org.testng.SuiteRunner.run(SuiteRunner.java:268)
	at org.testng.SuiteRunnerWorker.runSuite(SuiteRunnerWorker.java:52)
	at org.testng.SuiteRunnerWorker.run(SuiteRunnerWorker.java:86)
	at org.testng.TestNG.runSuitesSequentially(TestNG.java:1244)
	at org.testng.TestNG.runSuitesLocally(TestNG.java:1169)
	at org.testng.TestNG.run(TestNG.java:1064)
	at org.apache.maven.surefire.testng.TestNGExecutor.run(TestNGExecutor.java:282)
	at org.apache.maven.surefire.testng.TestNGXmlTestSuite.execute(TestNGXmlTestSuite.java:83)
	at org.apache.maven.surefire.testng.TestNGProvider.invoke(TestNGProvider.java:114)
	at org.apache.maven.surefire.booter.ForkedBooter.invokeProviderInSameClassLoader(ForkedBooter.java:286)
	at org.apache.maven.surefire.booter.ForkedBooter.runSuitesInProcess(ForkedBooter.java:240)
	at org.apache.maven.surefire.booter.ForkedBooter.main(ForkedBooter.java:121)
]]>
            </full-stacktrace>
          </exception> <!-- org.openqa.selenium.NoSuchWindowException -->
          <reporter-output>
            <line>
              <![CDATA[Step Description--> Click DI Inward Remittance]]>
            </line>
            <line>
              <![CDATA[<a href=C:\Users\Dilip\git\InwardRemittance/target/surefire-reports/ScreenShot/FCC_CG_IRM_0020_verifyverifyFieldValidationRealisatiopExportBillsInwardRemittance	arget="_blank">Screenshot link</a>]]>
            </line>
            <line>
              <![CDATA[<br>]]>
            </line>
            <line>
              <![CDATA[<a href="C:\Users\Dilip\git\InwardRemittance/target/surefire-reports/ScreenShot/FCC_CG_IRM_0020_verifyverifyFieldValidationRealisatiopExportBillsInwardRemittance" target="_blank"><img hight=200 width=200 src="C:\Users\Dilip\git\InwardRemittance/target/surefire-reports/ScreenShot/FCC_CG_IRM_0020_verifyverifyFieldValidationRealisatiopExportBillsInwardRemittance"></a>]]>
            </line>
            <line>
              <![CDATA[Capturing Screenshot for the Failed test -- FCC_CGIRM0023verifyInwardRemittanceSwiftDetails]]>
            </line>
          </reporter-output>
        </test-method> <!-- FCC_CGIRM0023verifyInwardRemittanceSwiftDetails -->
        <test-method status="PASS" signature="redirect_Me_To_HomePage_On_FCC_Application(java.lang.reflect.Method)[pri:0, instance:com.Script.kotak.fcc.product.InwardRemittanceTest@4037cdb0]" name="redirect_Me_To_HomePage_On_FCC_Application" is-config="true" duration-ms="5061" started-at="2022-09-22T00:54:44Z" finished-at="2022-09-22T00:54:49Z">
          <params>
            <param index="0">
              <value>
                <![CDATA[public void com.Script.kotak.fcc.product.InwardRemittanceTest.TCID_FCCCGIRM031verifyPullBackMenuOptionsInFTI()]]>
              </value>
            </param>
          </params>
          <reporter-output>
          </reporter-output>
        </test-method> <!-- redirect_Me_To_HomePage_On_FCC_Application -->
        <test-method status="FAIL" signature="TCID_FCCCGIRM031verifyPullBackMenuOptionsInFTI()[pri:16, instance:com.Script.kotak.fcc.product.InwardRemittanceTest@4037cdb0]" name="TCID_FCCCGIRM031verifyPullBackMenuOptionsInFTI" duration-ms="20158" started-at="2022-09-22T00:54:49Z" finished-at="2022-09-22T00:55:09Z">
          <exception class="org.openqa.selenium.NoSuchWindowException">
            <message>
              <![CDATA[no such window: target window already closed
from unknown error: web view not found
  (Session info: chrome=105.0.5195.127)
Build info: version: '3.14.0', revision: 'aacccce0', time: '2018-08-02T20:19:58.91Z'
System info: host: 'DESKTOP-QM91UED', ip: '192.168.244.145', os.name: 'Windows 10', os.arch: 'amd64', os.version: '10.0', java.version: '1.8.0_121'
Driver info: org.openqa.selenium.chrome.ChromeDriver
Capabilities {acceptInsecureCerts: false, browserName: chrome, browserVersion: 105.0.5195.127, chrome: {chromedriverVersion: 105.0.5195.52 (412c95e51883..., userDataDir: C:\Users\Dilip\AppData\Loca...}, goog:chromeOptions: {debuggerAddress: localhost:55974}, javascriptEnabled: true, networkConnectionEnabled: false, pageLoadStrategy: normal, platform: WINDOWS, platformName: WINDOWS, proxy: Proxy(), setWindowRect: true, strictFileInteractability: false, timeouts: {implicit: 0, pageLoad: 300000, script: 30000}, unhandledPromptBehavior: dismiss and notify, webauthn:extension:credBlob: true, webauthn:extension:largeBlob: true, webauthn:virtualAuthenticators: true}
Session ID: 3b8fc49d89dfba42d3ec82f066f63274]]>
            </message>
            <full-stacktrace>
              <![CDATA[org.openqa.selenium.NoSuchWindowException: no such window: target window already closed
from unknown error: web view not found
  (Session info: chrome=105.0.5195.127)
Build info: version: '3.14.0', revision: 'aacccce0', time: '2018-08-02T20:19:58.91Z'
System info: host: 'DESKTOP-QM91UED', ip: '192.168.244.145', os.name: 'Windows 10', os.arch: 'amd64', os.version: '10.0', java.version: '1.8.0_121'
Driver info: org.openqa.selenium.chrome.ChromeDriver
Capabilities {acceptInsecureCerts: false, browserName: chrome, browserVersion: 105.0.5195.127, chrome: {chromedriverVersion: 105.0.5195.52 (412c95e51883..., userDataDir: C:\Users\Dilip\AppData\Loca...}, goog:chromeOptions: {debuggerAddress: localhost:55974}, javascriptEnabled: true, networkConnectionEnabled: false, pageLoadStrategy: normal, platform: WINDOWS, platformName: WINDOWS, proxy: Proxy(), setWindowRect: true, strictFileInteractability: false, timeouts: {implicit: 0, pageLoad: 300000, script: 30000}, unhandledPromptBehavior: dismiss and notify, webauthn:extension:credBlob: true, webauthn:extension:largeBlob: true, webauthn:virtualAuthenticators: true}
Session ID: 3b8fc49d89dfba42d3ec82f066f63274
	at sun.reflect.GeneratedConstructorAccessor56.newInstance(Unknown Source)
	at sun.reflect.DelegatingConstructorAccessorImpl.newInstance(DelegatingConstructorAccessorImpl.java:45)
	at java.lang.reflect.Constructor.newInstance(Constructor.java:423)
	at org.openqa.selenium.remote.http.W3CHttpResponseCodec.createException(W3CHttpResponseCodec.java:187)
	at org.openqa.selenium.remote.http.W3CHttpResponseCodec.decode(W3CHttpResponseCodec.java:122)
	at org.openqa.selenium.remote.http.W3CHttpResponseCodec.decode(W3CHttpResponseCodec.java:49)
	at org.openqa.selenium.remote.HttpCommandExecutor.execute(HttpCommandExecutor.java:158)
	at org.openqa.selenium.remote.service.DriverCommandExecutor.execute(DriverCommandExecutor.java:83)
	at org.openqa.selenium.remote.RemoteWebDriver.execute(RemoteWebDriver.java:548)
	at org.openqa.selenium.remote.RemoteWebDriver.execute(RemoteWebDriver.java:605)
	at org.openqa.selenium.remote.RemoteWebDriver.getScreenshotAs(RemoteWebDriver.java:294)
	at com.generic.Utilities.takeScreenShot(Utilities.java:614)
	at com.generic.Utilities.addAssertTakeScreenShot(Utilities.java:398)
	at com.generic.Utilities.logReporter(Utilities.java:341)
	at com.kotak.fcc.product.InwardRemittance.FTI.clickNostroUtility(FTI.java:121)
	at com.Script.kotak.fcc.product.InwardRemittanceTest.TCID_FCCCGIRM031verifyPullBackMenuOptionsInFTI(InwardRemittanceTest.java:316)
	at sun.reflect.NativeMethodAccessorImpl.invoke0(Native Method)
	at sun.reflect.NativeMethodAccessorImpl.invoke(NativeMethodAccessorImpl.java:62)
	at sun.reflect.DelegatingMethodAccessorImpl.invoke(DelegatingMethodAccessorImpl.java:43)
	at java.lang.reflect.Method.invoke(Method.java:498)
	at org.testng.internal.MethodInvocationHelper.invokeMethod(MethodInvocationHelper.java:86)
	at org.testng.internal.Invoker.invokeMethod(Invoker.java:643)
	at org.testng.internal.Invoker.invokeTestMethod(Invoker.java:820)
	at org.testng.internal.Invoker.invokeTestMethods(Invoker.java:1128)
	at org.testng.internal.TestMethodWorker.invokeTestMethods(TestMethodWorker.java:129)
	at org.testng.internal.TestMethodWorker.run(TestMethodWorker.java:112)
	at org.testng.TestRunner.privateRun(TestRunner.java:782)
	at org.testng.TestRunner.run(TestRunner.java:632)
	at org.testng.SuiteRunner.runTest(SuiteRunner.java:366)
	at org.testng.SuiteRunner.runSequentially(SuiteRunner.java:361)
	at org.testng.SuiteRunner.privateRun(SuiteRunner.java:319)
	at org.testng.SuiteRunner.run(SuiteRunner.java:268)
	at org.testng.SuiteRunnerWorker.runSuite(SuiteRunnerWorker.java:52)
	at org.testng.SuiteRunnerWorker.run(SuiteRunnerWorker.java:86)
	at org.testng.TestNG.runSuitesSequentially(TestNG.java:1244)
	at org.testng.TestNG.runSuitesLocally(TestNG.java:1169)
	at org.testng.TestNG.run(TestNG.java:1064)
	at org.apache.maven.surefire.testng.TestNGExecutor.run(TestNGExecutor.java:282)
	at org.apache.maven.surefire.testng.TestNGXmlTestSuite.execute(TestNGXmlTestSuite.java:83)
	at org.apache.maven.surefire.testng.TestNGProvider.invoke(TestNGProvider.java:114)
	at org.apache.maven.surefire.booter.ForkedBooter.invokeProviderInSameClassLoader(ForkedBooter.java:286)
	at org.apache.maven.surefire.booter.ForkedBooter.runSuitesInProcess(ForkedBooter.java:240)
	at org.apache.maven.surefire.booter.ForkedBooter.main(ForkedBooter.java:121)
]]>
            </full-stacktrace>
          </exception> <!-- org.openqa.selenium.NoSuchWindowException -->
          <reporter-output>
            <line>
              <![CDATA[Step Description--> click Nostro Utility]]>
            </line>
            <line>
              <![CDATA[<a href=C:\Users\Dilip\git\InwardRemittance/target/surefire-reports/ScreenShot/FCC_CG_IRM_0020_verifyverifyFieldValidationRealisatiopExportBillsInwardRemittance	arget="_blank">Screenshot link</a>]]>
            </line>
            <line>
              <![CDATA[<br>]]>
            </line>
            <line>
              <![CDATA[<a href="C:\Users\Dilip\git\InwardRemittance/target/surefire-reports/ScreenShot/FCC_CG_IRM_0020_verifyverifyFieldValidationRealisatiopExportBillsInwardRemittance" target="_blank"><img hight=200 width=200 src="C:\Users\Dilip\git\InwardRemittance/target/surefire-reports/ScreenShot/FCC_CG_IRM_0020_verifyverifyFieldValidationRealisatiopExportBillsInwardRemittance"></a>]]>
            </line>
            <line>
              <![CDATA[Capturing Screenshot for the Failed test -- TCID_FCCCGIRM031verifyPullBackMenuOptionsInFTI]]>
            </line>
          </reporter-output>
        </test-method> <!-- TCID_FCCCGIRM031verifyPullBackMenuOptionsInFTI -->
        <test-method status="PASS" signature="redirect_Me_To_HomePage_On_FCC_Application(java.lang.reflect.Method)[pri:0, instance:com.Script.kotak.fcc.product.InwardRemittanceTest@4037cdb0]" name="redirect_Me_To_HomePage_On_FCC_Application" is-config="true" duration-ms="5024" started-at="2022-09-22T00:55:10Z" finished-at="2022-09-22T00:55:15Z">
          <params>
            <param index="0">
              <value>
                <![CDATA[public void com.Script.kotak.fcc.product.InwardRemittanceTest.TCID_FCCCGIRM032verifyPullBackEnquirySubmenuInFTI()]]>
              </value>
            </param>
          </params>
          <reporter-output>
          </reporter-output>
        </test-method> <!-- redirect_Me_To_HomePage_On_FCC_Application -->
        <test-method status="FAIL" signature="TCID_FCCCGIRM032verifyPullBackEnquirySubmenuInFTI()[pri:17, instance:com.Script.kotak.fcc.product.InwardRemittanceTest@4037cdb0]" name="TCID_FCCCGIRM032verifyPullBackEnquirySubmenuInFTI" duration-ms="20153" started-at="2022-09-22T00:55:15Z" finished-at="2022-09-22T00:55:35Z">
          <exception class="org.openqa.selenium.NoSuchWindowException">
            <message>
              <![CDATA[no such window: target window already closed
from unknown error: web view not found
  (Session info: chrome=105.0.5195.127)
Build info: version: '3.14.0', revision: 'aacccce0', time: '2018-08-02T20:19:58.91Z'
System info: host: 'DESKTOP-QM91UED', ip: '192.168.244.145', os.name: 'Windows 10', os.arch: 'amd64', os.version: '10.0', java.version: '1.8.0_121'
Driver info: org.openqa.selenium.chrome.ChromeDriver
Capabilities {acceptInsecureCerts: false, browserName: chrome, browserVersion: 105.0.5195.127, chrome: {chromedriverVersion: 105.0.5195.52 (412c95e51883..., userDataDir: C:\Users\Dilip\AppData\Loca...}, goog:chromeOptions: {debuggerAddress: localhost:55974}, javascriptEnabled: true, networkConnectionEnabled: false, pageLoadStrategy: normal, platform: WINDOWS, platformName: WINDOWS, proxy: Proxy(), setWindowRect: true, strictFileInteractability: false, timeouts: {implicit: 0, pageLoad: 300000, script: 30000}, unhandledPromptBehavior: dismiss and notify, webauthn:extension:credBlob: true, webauthn:extension:largeBlob: true, webauthn:virtualAuthenticators: true}
Session ID: 3b8fc49d89dfba42d3ec82f066f63274]]>
            </message>
            <full-stacktrace>
              <![CDATA[org.openqa.selenium.NoSuchWindowException: no such window: target window already closed
from unknown error: web view not found
  (Session info: chrome=105.0.5195.127)
Build info: version: '3.14.0', revision: 'aacccce0', time: '2018-08-02T20:19:58.91Z'
System info: host: 'DESKTOP-QM91UED', ip: '192.168.244.145', os.name: 'Windows 10', os.arch: 'amd64', os.version: '10.0', java.version: '1.8.0_121'
Driver info: org.openqa.selenium.chrome.ChromeDriver
Capabilities {acceptInsecureCerts: false, browserName: chrome, browserVersion: 105.0.5195.127, chrome: {chromedriverVersion: 105.0.5195.52 (412c95e51883..., userDataDir: C:\Users\Dilip\AppData\Loca...}, goog:chromeOptions: {debuggerAddress: localhost:55974}, javascriptEnabled: true, networkConnectionEnabled: false, pageLoadStrategy: normal, platform: WINDOWS, platformName: WINDOWS, proxy: Proxy(), setWindowRect: true, strictFileInteractability: false, timeouts: {implicit: 0, pageLoad: 300000, script: 30000}, unhandledPromptBehavior: dismiss and notify, webauthn:extension:credBlob: true, webauthn:extension:largeBlob: true, webauthn:virtualAuthenticators: true}
Session ID: 3b8fc49d89dfba42d3ec82f066f63274
	at sun.reflect.GeneratedConstructorAccessor56.newInstance(Unknown Source)
	at sun.reflect.DelegatingConstructorAccessorImpl.newInstance(DelegatingConstructorAccessorImpl.java:45)
	at java.lang.reflect.Constructor.newInstance(Constructor.java:423)
	at org.openqa.selenium.remote.http.W3CHttpResponseCodec.createException(W3CHttpResponseCodec.java:187)
	at org.openqa.selenium.remote.http.W3CHttpResponseCodec.decode(W3CHttpResponseCodec.java:122)
	at org.openqa.selenium.remote.http.W3CHttpResponseCodec.decode(W3CHttpResponseCodec.java:49)
	at org.openqa.selenium.remote.HttpCommandExecutor.execute(HttpCommandExecutor.java:158)
	at org.openqa.selenium.remote.service.DriverCommandExecutor.execute(DriverCommandExecutor.java:83)
	at org.openqa.selenium.remote.RemoteWebDriver.execute(RemoteWebDriver.java:548)
	at org.openqa.selenium.remote.RemoteWebDriver.execute(RemoteWebDriver.java:605)
	at org.openqa.selenium.remote.RemoteWebDriver.getScreenshotAs(RemoteWebDriver.java:294)
	at com.generic.Utilities.takeScreenShot(Utilities.java:614)
	at com.generic.Utilities.addAssertTakeScreenShot(Utilities.java:398)
	at com.generic.Utilities.logReporter(Utilities.java:341)
	at com.kotak.fcc.product.InwardRemittance.FTI.clickNostroUtility(FTI.java:121)
	at com.Script.kotak.fcc.product.InwardRemittanceTest.TCID_FCCCGIRM032verifyPullBackEnquirySubmenuInFTI(InwardRemittanceTest.java:330)
	at sun.reflect.NativeMethodAccessorImpl.invoke0(Native Method)
	at sun.reflect.NativeMethodAccessorImpl.invoke(NativeMethodAccessorImpl.java:62)
	at sun.reflect.DelegatingMethodAccessorImpl.invoke(DelegatingMethodAccessorImpl.java:43)
	at java.lang.reflect.Method.invoke(Method.java:498)
	at org.testng.internal.MethodInvocationHelper.invokeMethod(MethodInvocationHelper.java:86)
	at org.testng.internal.Invoker.invokeMethod(Invoker.java:643)
	at org.testng.internal.Invoker.invokeTestMethod(Invoker.java:820)
	at org.testng.internal.Invoker.invokeTestMethods(Invoker.java:1128)
	at org.testng.internal.TestMethodWorker.invokeTestMethods(TestMethodWorker.java:129)
	at org.testng.internal.TestMethodWorker.run(TestMethodWorker.java:112)
	at org.testng.TestRunner.privateRun(TestRunner.java:782)
	at org.testng.TestRunner.run(TestRunner.java:632)
	at org.testng.SuiteRunner.runTest(SuiteRunner.java:366)
	at org.testng.SuiteRunner.runSequentially(SuiteRunner.java:361)
	at org.testng.SuiteRunner.privateRun(SuiteRunner.java:319)
	at org.testng.SuiteRunner.run(SuiteRunner.java:268)
	at org.testng.SuiteRunnerWorker.runSuite(SuiteRunnerWorker.java:52)
	at org.testng.SuiteRunnerWorker.run(SuiteRunnerWorker.java:86)
	at org.testng.TestNG.runSuitesSequentially(TestNG.java:1244)
	at org.testng.TestNG.runSuitesLocally(TestNG.java:1169)
	at org.testng.TestNG.run(TestNG.java:1064)
	at org.apache.maven.surefire.testng.TestNGExecutor.run(TestNGExecutor.java:282)
	at org.apache.maven.surefire.testng.TestNGXmlTestSuite.execute(TestNGXmlTestSuite.java:83)
	at org.apache.maven.surefire.testng.TestNGProvider.invoke(TestNGProvider.java:114)
	at org.apache.maven.surefire.booter.ForkedBooter.invokeProviderInSameClassLoader(ForkedBooter.java:286)
	at org.apache.maven.surefire.booter.ForkedBooter.runSuitesInProcess(ForkedBooter.java:240)
	at org.apache.maven.surefire.booter.ForkedBooter.main(ForkedBooter.java:121)
]]>
            </full-stacktrace>
          </exception> <!-- org.openqa.selenium.NoSuchWindowException -->
          <reporter-output>
            <line>
              <![CDATA[Step Description--> click Nostro Utility]]>
            </line>
            <line>
              <![CDATA[<a href=C:\Users\Dilip\git\InwardRemittance/target/surefire-reports/ScreenShot/FCC_CG_IRM_0020_verifyverifyFieldValidationRealisatiopExportBillsInwardRemittance	arget="_blank">Screenshot link</a>]]>
            </line>
            <line>
              <![CDATA[<br>]]>
            </line>
            <line>
              <![CDATA[<a href="C:\Users\Dilip\git\InwardRemittance/target/surefire-reports/ScreenShot/FCC_CG_IRM_0020_verifyverifyFieldValidationRealisatiopExportBillsInwardRemittance" target="_blank"><img hight=200 width=200 src="C:\Users\Dilip\git\InwardRemittance/target/surefire-reports/ScreenShot/FCC_CG_IRM_0020_verifyverifyFieldValidationRealisatiopExportBillsInwardRemittance"></a>]]>
            </line>
            <line>
              <![CDATA[Capturing Screenshot for the Failed test -- TCID_FCCCGIRM032verifyPullBackEnquirySubmenuInFTI]]>
            </line>
          </reporter-output>
        </test-method> <!-- TCID_FCCCGIRM032verifyPullBackEnquirySubmenuInFTI -->
        <test-method status="PASS" signature="redirect_Me_To_HomePage_On_FCC_Application(java.lang.reflect.Method)[pri:0, instance:com.Script.kotak.fcc.product.InwardRemittanceTest@4037cdb0]" name="redirect_Me_To_HomePage_On_FCC_Application" is-config="true" duration-ms="5038" started-at="2022-09-22T00:55:35Z" finished-at="2022-09-22T00:55:40Z">
          <params>
            <param index="0">
              <value>
                <![CDATA[public void com.Script.kotak.fcc.product.InwardRemittanceTest.TCID_FCCCGIRM033verifyFunctionalityOfPullBackFCCSubmenu()]]>
              </value>
            </param>
          </params>
          <reporter-output>
          </reporter-output>
        </test-method> <!-- redirect_Me_To_HomePage_On_FCC_Application -->
        <test-method status="FAIL" signature="TCID_FCCCGIRM033verifyFunctionalityOfPullBackFCCSubmenu()[pri:19, instance:com.Script.kotak.fcc.product.InwardRemittanceTest@4037cdb0]" name="TCID_FCCCGIRM033verifyFunctionalityOfPullBackFCCSubmenu" duration-ms="20261" started-at="2022-09-22T00:55:40Z" finished-at="2022-09-22T00:56:00Z">
          <exception class="org.openqa.selenium.NoSuchWindowException">
            <message>
              <![CDATA[no such window: target window already closed
from unknown error: web view not found
  (Session info: chrome=105.0.5195.127)
Build info: version: '3.14.0', revision: 'aacccce0', time: '2018-08-02T20:19:58.91Z'
System info: host: 'DESKTOP-QM91UED', ip: '192.168.244.145', os.name: 'Windows 10', os.arch: 'amd64', os.version: '10.0', java.version: '1.8.0_121'
Driver info: org.openqa.selenium.chrome.ChromeDriver
Capabilities {acceptInsecureCerts: false, browserName: chrome, browserVersion: 105.0.5195.127, chrome: {chromedriverVersion: 105.0.5195.52 (412c95e51883..., userDataDir: C:\Users\Dilip\AppData\Loca...}, goog:chromeOptions: {debuggerAddress: localhost:55974}, javascriptEnabled: true, networkConnectionEnabled: false, pageLoadStrategy: normal, platform: WINDOWS, platformName: WINDOWS, proxy: Proxy(), setWindowRect: true, strictFileInteractability: false, timeouts: {implicit: 0, pageLoad: 300000, script: 30000}, unhandledPromptBehavior: dismiss and notify, webauthn:extension:credBlob: true, webauthn:extension:largeBlob: true, webauthn:virtualAuthenticators: true}
Session ID: 3b8fc49d89dfba42d3ec82f066f63274]]>
            </message>
            <full-stacktrace>
              <![CDATA[org.openqa.selenium.NoSuchWindowException: no such window: target window already closed
from unknown error: web view not found
  (Session info: chrome=105.0.5195.127)
Build info: version: '3.14.0', revision: 'aacccce0', time: '2018-08-02T20:19:58.91Z'
System info: host: 'DESKTOP-QM91UED', ip: '192.168.244.145', os.name: 'Windows 10', os.arch: 'amd64', os.version: '10.0', java.version: '1.8.0_121'
Driver info: org.openqa.selenium.chrome.ChromeDriver
Capabilities {acceptInsecureCerts: false, browserName: chrome, browserVersion: 105.0.5195.127, chrome: {chromedriverVersion: 105.0.5195.52 (412c95e51883..., userDataDir: C:\Users\Dilip\AppData\Loca...}, goog:chromeOptions: {debuggerAddress: localhost:55974}, javascriptEnabled: true, networkConnectionEnabled: false, pageLoadStrategy: normal, platform: WINDOWS, platformName: WINDOWS, proxy: Proxy(), setWindowRect: true, strictFileInteractability: false, timeouts: {implicit: 0, pageLoad: 300000, script: 30000}, unhandledPromptBehavior: dismiss and notify, webauthn:extension:credBlob: true, webauthn:extension:largeBlob: true, webauthn:virtualAuthenticators: true}
Session ID: 3b8fc49d89dfba42d3ec82f066f63274
	at sun.reflect.GeneratedConstructorAccessor56.newInstance(Unknown Source)
	at sun.reflect.DelegatingConstructorAccessorImpl.newInstance(DelegatingConstructorAccessorImpl.java:45)
	at java.lang.reflect.Constructor.newInstance(Constructor.java:423)
	at org.openqa.selenium.remote.http.W3CHttpResponseCodec.createException(W3CHttpResponseCodec.java:187)
	at org.openqa.selenium.remote.http.W3CHttpResponseCodec.decode(W3CHttpResponseCodec.java:122)
	at org.openqa.selenium.remote.http.W3CHttpResponseCodec.decode(W3CHttpResponseCodec.java:49)
	at org.openqa.selenium.remote.HttpCommandExecutor.execute(HttpCommandExecutor.java:158)
	at org.openqa.selenium.remote.service.DriverCommandExecutor.execute(DriverCommandExecutor.java:83)
	at org.openqa.selenium.remote.RemoteWebDriver.execute(RemoteWebDriver.java:548)
	at org.openqa.selenium.remote.RemoteWebDriver.execute(RemoteWebDriver.java:605)
	at org.openqa.selenium.remote.RemoteWebDriver.getScreenshotAs(RemoteWebDriver.java:294)
	at com.generic.Utilities.takeScreenShot(Utilities.java:614)
	at com.generic.Utilities.addAssertTakeScreenShot(Utilities.java:398)
	at com.generic.Utilities.logReporter(Utilities.java:341)
	at com.kotak.fcc.product.InwardRemittance.FTI.clickNostroUtility(FTI.java:121)
	at com.Script.kotak.fcc.product.InwardRemittanceTest.TCID_FCCCGIRM033verifyFunctionalityOfPullBackFCCSubmenu(InwardRemittanceTest.java:348)
	at sun.reflect.NativeMethodAccessorImpl.invoke0(Native Method)
	at sun.reflect.NativeMethodAccessorImpl.invoke(NativeMethodAccessorImpl.java:62)
	at sun.reflect.DelegatingMethodAccessorImpl.invoke(DelegatingMethodAccessorImpl.java:43)
	at java.lang.reflect.Method.invoke(Method.java:498)
	at org.testng.internal.MethodInvocationHelper.invokeMethod(MethodInvocationHelper.java:86)
	at org.testng.internal.Invoker.invokeMethod(Invoker.java:643)
	at org.testng.internal.Invoker.invokeTestMethod(Invoker.java:820)
	at org.testng.internal.Invoker.invokeTestMethods(Invoker.java:1128)
	at org.testng.internal.TestMethodWorker.invokeTestMethods(TestMethodWorker.java:129)
	at org.testng.internal.TestMethodWorker.run(TestMethodWorker.java:112)
	at org.testng.TestRunner.privateRun(TestRunner.java:782)
	at org.testng.TestRunner.run(TestRunner.java:632)
	at org.testng.SuiteRunner.runTest(SuiteRunner.java:366)
	at org.testng.SuiteRunner.runSequentially(SuiteRunner.java:361)
	at org.testng.SuiteRunner.privateRun(SuiteRunner.java:319)
	at org.testng.SuiteRunner.run(SuiteRunner.java:268)
	at org.testng.SuiteRunnerWorker.runSuite(SuiteRunnerWorker.java:52)
	at org.testng.SuiteRunnerWorker.run(SuiteRunnerWorker.java:86)
	at org.testng.TestNG.runSuitesSequentially(TestNG.java:1244)
	at org.testng.TestNG.runSuitesLocally(TestNG.java:1169)
	at org.testng.TestNG.run(TestNG.java:1064)
	at org.apache.maven.surefire.testng.TestNGExecutor.run(TestNGExecutor.java:282)
	at org.apache.maven.surefire.testng.TestNGXmlTestSuite.execute(TestNGXmlTestSuite.java:83)
	at org.apache.maven.surefire.testng.TestNGProvider.invoke(TestNGProvider.java:114)
	at org.apache.maven.surefire.booter.ForkedBooter.invokeProviderInSameClassLoader(ForkedBooter.java:286)
	at org.apache.maven.surefire.booter.ForkedBooter.runSuitesInProcess(ForkedBooter.java:240)
	at org.apache.maven.surefire.booter.ForkedBooter.main(ForkedBooter.java:121)
]]>
            </full-stacktrace>
          </exception> <!-- org.openqa.selenium.NoSuchWindowException -->
          <reporter-output>
            <line>
              <![CDATA[Step Description--> click Nostro Utility]]>
            </line>
            <line>
              <![CDATA[<a href=C:\Users\Dilip\git\InwardRemittance/target/surefire-reports/ScreenShot/FCC_CG_IRM_0020_verifyverifyFieldValidationRealisatiopExportBillsInwardRemittance	arget="_blank">Screenshot link</a>]]>
            </line>
            <line>
              <![CDATA[<br>]]>
            </line>
            <line>
              <![CDATA[<a href="C:\Users\Dilip\git\InwardRemittance/target/surefire-reports/ScreenShot/FCC_CG_IRM_0020_verifyverifyFieldValidationRealisatiopExportBillsInwardRemittance" target="_blank"><img hight=200 width=200 src="C:\Users\Dilip\git\InwardRemittance/target/surefire-reports/ScreenShot/FCC_CG_IRM_0020_verifyverifyFieldValidationRealisatiopExportBillsInwardRemittance"></a>]]>
            </line>
            <line>
              <![CDATA[Capturing Screenshot for the Failed test -- TCID_FCCCGIRM033verifyFunctionalityOfPullBackFCCSubmenu]]>
            </line>
          </reporter-output>
        </test-method> <!-- TCID_FCCCGIRM033verifyFunctionalityOfPullBackFCCSubmenu -->
        <test-method status="FAIL" signature="tearDownEnvironment()[pri:0, instance:com.Script.kotak.fcc.product.InwardRemittanceTest@4037cdb0]" name="tearDownEnvironment" is-config="true" duration-ms="0" started-at="2022-09-22T00:56:01Z" finished-at="2022-09-22T00:56:01Z">
          <exception class="java.lang.NullPointerException">
            <full-stacktrace>
              <![CDATA[java.lang.NullPointerException
	at com.generic.BaseTest.tearDownWebEnvironment(BaseTest.java:199)
	at com.Script.kotak.fcc.product.InwardRemittanceTest.tearDownEnvironment(InwardRemittanceTest.java:60)
	at sun.reflect.NativeMethodAccessorImpl.invoke0(Native Method)
	at sun.reflect.NativeMethodAccessorImpl.invoke(NativeMethodAccessorImpl.java:62)
	at sun.reflect.DelegatingMethodAccessorImpl.invoke(DelegatingMethodAccessorImpl.java:43)
	at java.lang.reflect.Method.invoke(Method.java:498)
	at org.testng.internal.MethodInvocationHelper.invokeMethod(MethodInvocationHelper.java:86)
	at org.testng.internal.Invoker.invokeConfigurationMethod(Invoker.java:514)
	at org.testng.internal.Invoker.invokeConfigurations(Invoker.java:215)
	at org.testng.internal.Invoker.invokeConfigurations(Invoker.java:142)
	at org.testng.internal.TestMethodWorker.invokeAfterClassMethods(TestMethodWorker.java:232)
	at org.testng.internal.TestMethodWorker.run(TestMethodWorker.java:115)
	at org.testng.TestRunner.privateRun(TestRunner.java:782)
	at org.testng.TestRunner.run(TestRunner.java:632)
	at org.testng.SuiteRunner.runTest(SuiteRunner.java:366)
	at org.testng.SuiteRunner.runSequentially(SuiteRunner.java:361)
	at org.testng.SuiteRunner.privateRun(SuiteRunner.java:319)
	at org.testng.SuiteRunner.run(SuiteRunner.java:268)
	at org.testng.SuiteRunnerWorker.runSuite(SuiteRunnerWorker.java:52)
	at org.testng.SuiteRunnerWorker.run(SuiteRunnerWorker.java:86)
	at org.testng.TestNG.runSuitesSequentially(TestNG.java:1244)
	at org.testng.TestNG.runSuitesLocally(TestNG.java:1169)
	at org.testng.TestNG.run(TestNG.java:1064)
	at org.apache.maven.surefire.testng.TestNGExecutor.run(TestNGExecutor.java:282)
	at org.apache.maven.surefire.testng.TestNGXmlTestSuite.execute(TestNGXmlTestSuite.java:83)
	at org.apache.maven.surefire.testng.TestNGProvider.invoke(TestNGProvider.java:114)
	at org.apache.maven.surefire.booter.ForkedBooter.invokeProviderInSameClassLoader(ForkedBooter.java:286)
	at org.apache.maven.surefire.booter.ForkedBooter.runSuitesInProcess(ForkedBooter.java:240)
	at org.apache.maven.surefire.booter.ForkedBooter.main(ForkedBooter.java:121)
]]>
            </full-stacktrace>
          </exception> <!-- java.lang.NullPointerException -->
          <reporter-output>
          </reporter-output>
        </test-method> <!-- tearDownEnvironment -->
      </class> <!-- com.Script.kotak.fcc.product.InwardRemittanceTest -->
    </test> <!-- SMOKE TEST SUITE -->
  </suite> <!-- Kotak InwardRemittance -->
</testng-results>
