<?xml version="1.0" encoding="UTF-8"?>
<testng-results skipped="0" failed="7" total="15" passed="8">
  <reporter-output>
    <line>
      <![CDATA[Step Description--> open new URL ]]>
    </line>
    <line>
      <![CDATA[Step Description--> Open AUT URL -----> https://nbuat.kotak.com/knb2/]]>
    </line>
    <line>
      <![CDATA[Step Description--> Set user name|| Input Value : 105360700]]>
    </line>
    <line>
      <![CDATA[Step Description--> Click 'Next' button]]>
    </line>
    <line>
      <![CDATA[Step Description--> Set password|| Input Value : Quality123]]>
    </line>
    <line>
      <![CDATA[Step Description--> Click 'SecureLogin' button]]>
    </line>
    <line>
      <![CDATA[Step Description--> Verify user login is successfull by using page title || Expected Result : Kotak Net Banking || Actual Result : Kotak Net Banking]]>
    </line>
    <line>
      <![CDATA[Step Description--> Click 'Trade Link' ]]>
    </line>
    <line>
      <![CDATA[Step Description--> Click 'Trade Link' ]]>
    </line>
    <line>
      <![CDATA[Step Description--> Click DI Inward Remittance]]>
    </line>
    <line>
      <![CDATA[Step Description--> Click DI Inward Remittance]]>
    </line>
    <line>
      <![CDATA[Step Description--> check Edit Transactions Displayed]]>
    </line>
    <line>
      <![CDATA[Step Description--> check Review Displayed]]>
    </line>
    <line>
      <![CDATA[Step Description--> Click Inward Remittance]]>
    </line>
    <line>
      <![CDATA[Step Description--> Click DI Inward Remittance]]>
    </line>
    <line>
      <![CDATA[Step Description--> clickFTInquiry]]>
    </line>
    <line>
      <![CDATA[Step Description--> click Filter Button]]>
    </line>
    <line>
      <![CDATA[Step Description--> check Portal RefId Displayed]]>
    </line>
    <line>
      <![CDATA[Step Description--> check Customer Reference Displayed]]>
    </line>
    <line>
      <![CDATA[<a href=C:\Users\Dilip\git\InwardRemittance/target/surefire-reports/ScreenShot/FCC_CG_IRM_0008_VerifySearchCriteriaTransactions	arget="_blank">Screenshot link</a>]]>
    </line>
    <line>
      <![CDATA[<br>]]>
    </line>
    <line>
      <![CDATA[<a href="C:\Users\Dilip\git\InwardRemittance/target/surefire-reports/ScreenShot/FCC_CG_IRM_0008_VerifySearchCriteriaTransactions" target="_blank"><img hight=200 width=200 src="C:\Users\Dilip\git\InwardRemittance/target/surefire-reports/ScreenShot/FCC_CG_IRM_0008_VerifySearchCriteriaTransactions"></a>]]>
    </line>
    <line>
      <![CDATA[Capturing Screenshot for the Failed test -- TCID_FCCCGIRM0008VerifySearchCriteriaTransactions]]>
    </line>
    <line>
      <![CDATA[Step Description--> Click DI Inward Remittance]]>
    </line>
    <line>
      <![CDATA[Step Description--> Click DI Inward Remittance]]>
    </line>
    <line>
      <![CDATA[Step Description--> check DI Inward Remittance Displayed]]>
    </line>
    <line>
      <![CDATA[Step Description--> Click DI Inward Remittance]]>
    </line>
    <line>
      <![CDATA[Step Description--> Click DI Inward Remittance]]>
    </line>
    <line>
      <![CDATA[Step Description--> click Edit Transactions]]>
    </line>
    <line>
      <![CDATA[Step Description--> check Transactions Received From Nostro Utility Displayed]]>
    </line>
    <line>
      <![CDATA[Step Description--> Click Inward Remittance]]>
    </line>
    <line>
      <![CDATA[Step Description--> Click DI Inward Remittance]]>
    </line>
    <line>
      <![CDATA[Step Description--> click On Details]]>
    </line>
    <line>
      <![CDATA[Step Description--> click On Transction Button]]>
    </line>
    <line>
      <![CDATA[Step Description--> Click DI Inward Remittance]]>
    </line>
    <line>
      <![CDATA[Step Description--> Click DI Inward Remittance]]>
    </line>
    <line>
      <![CDATA[Step Description--> click On Details]]>
    </line>
    <line>
      <![CDATA[Step Description--> click On Transction Button]]>
    </line>
    <line>
      <![CDATA[Step Description--> Click DI Inward Remittance]]>
    </line>
    <line>
      <![CDATA[Step Description--> Click DI Inward Remittance]]>
    </line>
    <line>
      <![CDATA[Step Description--> click On View]]>
    </line>
    <line>
      <![CDATA[Step Description--> click On Download]]>
    </line>
    <line>
      <![CDATA[Step Description--> Click DI Inward Remittance]]>
    </line>
    <line>
      <![CDATA[Step Description--> Click DI Inward Remittance]]>
    </line>
    <line>
      <![CDATA[<a href=C:\Users\Dilip\git\InwardRemittance/target/surefire-reports/ScreenShot/FCC_CG_IRM_0034_verifyTransactionCopyValidation	arget="_blank">Screenshot link</a>]]>
    </line>
    <line>
      <![CDATA[<br>]]>
    </line>
    <line>
      <![CDATA[<a href="C:\Users\Dilip\git\InwardRemittance/target/surefire-reports/ScreenShot/FCC_CG_IRM_0034_verifyTransactionCopyValidation" target="_blank"><img hight=200 width=200 src="C:\Users\Dilip\git\InwardRemittance/target/surefire-reports/ScreenShot/FCC_CG_IRM_0034_verifyTransactionCopyValidation"></a>]]>
    </line>
    <line>
      <![CDATA[Capturing Screenshot for the Failed test -- FCC_CGIRM0017verifySubProductDisposalInstructions]]>
    </line>
    <line>
      <![CDATA[Step Description--> Click DI Inward Remittance]]>
    </line>
    <line>
      <![CDATA[Step Description--> Click DI Inward Remittance]]>
    </line>
    <line>
      <![CDATA[Step Description--> click Edit Transactions]]>
    </line>
    <line>
      <![CDATA[Step Description--> clickFTInquiry]]>
    </line>
    <line>
      <![CDATA[Step Description--> click Next Button]]>
    </line>
    <line>
      <![CDATA[Step Description--> click On type]]>
    </line>
    <line>
      <![CDATA[Step Description--> click On Option]]>
    </line>
    <line>
      <![CDATA[Step Description--> Verify Disposal Value]]>
    </line>
    <line>
      <![CDATA[Step Description--> Verify Feild mandatory ]]>
    </line>
    <line>
      <![CDATA[Step Description--> Verify Feild mandatory ]]>
    </line>
    <line>
      <![CDATA[Step Description--> Click DI Inward Remittance]]>
    </line>
    <line>
      <![CDATA[Step Description--> Click DI Inward Remittance]]>
    </line>
    <line>
      <![CDATA[Step Description--> click Edit Transactions]]>
    </line>
    <line>
      <![CDATA[Step Description--> clickFTInquiry]]>
    </line>
    <line>
      <![CDATA[Step Description--> click Next Button]]>
    </line>
    <line>
      <![CDATA[Step Description--> click On type]]>
    </line>
    <line>
      <![CDATA[Step Description--> click On Option]]>
    </line>
    <line>
      <![CDATA[Step Description--> Verify Disposal Value]]>
    </line>
    <line>
      <![CDATA[Step Description--> click Edit Transactions]]>
    </line>
    <line>
      <![CDATA[<a href=C:\Users\Dilip\git\InwardRemittance/target/surefire-reports/ScreenShot/FCC_CGIRM0021verifyFieldValidationPurposeTypeOtherReceiptMISCInwardRemittance	arget="_blank">Screenshot link</a>]]>
    </line>
    <line>
      <![CDATA[<br>]]>
    </line>
    <line>
      <![CDATA[<a href="C:\Users\Dilip\git\InwardRemittance/target/surefire-reports/ScreenShot/FCC_CGIRM0021verifyFieldValidationPurposeTypeOtherReceiptMISCInwardRemittance" target="_blank"><img hight=200 width=200 src="C:\Users\Dilip\git\InwardRemittance/target/surefire-reports/ScreenShot/FCC_CGIRM0021verifyFieldValidationPurposeTypeOtherReceiptMISCInwardRemittance"></a>]]>
    </line>
    <line>
      <![CDATA[Capturing Screenshot for the Failed test -- FCC_CGIRM0021verifyFieldValidationPurposeTypeOtherReceiptMISCInwardRemittance]]>
    </line>
    <line>
      <![CDATA[Step Description--> Click DI Inward Remittance]]>
    </line>
    <line>
      <![CDATA[Step Description--> Click DI Inward Remittance]]>
    </line>
    <line>
      <![CDATA[<a href=C:\Users\Dilip\git\InwardRemittance/target/surefire-reports/ScreenShot/FCC_CGIRM0023verifyInwardRemittanceSwiftDetails	arget="_blank">Screenshot link</a>]]>
    </line>
    <line>
      <![CDATA[<br>]]>
    </line>
    <line>
      <![CDATA[<a href="C:\Users\Dilip\git\InwardRemittance/target/surefire-reports/ScreenShot/FCC_CGIRM0023verifyInwardRemittanceSwiftDetails" target="_blank"><img hight=200 width=200 src="C:\Users\Dilip\git\InwardRemittance/target/surefire-reports/ScreenShot/FCC_CGIRM0023verifyInwardRemittanceSwiftDetails"></a>]]>
    </line>
    <line>
      <![CDATA[Capturing Screenshot for the Failed test -- FCC_CGIRM0023verifyInwardRemittanceSwiftDetails]]>
    </line>
    <line>
      <![CDATA[<a href=C:\Users\Dilip\git\InwardRemittance/target/surefire-reports/ScreenShot/FCC_CGIRM0023verifyInwardRemittanceSwiftDetails	arget="_blank">Screenshot link</a>]]>
    </line>
    <line>
      <![CDATA[<br>]]>
    </line>
    <line>
      <![CDATA[<a href="C:\Users\Dilip\git\InwardRemittance/target/surefire-reports/ScreenShot/FCC_CGIRM0023verifyInwardRemittanceSwiftDetails" target="_blank"><img hight=200 width=200 src="C:\Users\Dilip\git\InwardRemittance/target/surefire-reports/ScreenShot/FCC_CGIRM0023verifyInwardRemittanceSwiftDetails"></a>]]>
    </line>
    <line>
      <![CDATA[Capturing Screenshot for the Failed test -- TCID_FCCCGIRM031verifyPullBackMenuOptionsInFTI]]>
    </line>
    <line>
      <![CDATA[<a href=C:\Users\Dilip\git\InwardRemittance/target/surefire-reports/ScreenShot/FCC_CGIRM0023verifyInwardRemittanceSwiftDetails	arget="_blank">Screenshot link</a>]]>
    </line>
    <line>
      <![CDATA[<br>]]>
    </line>
    <line>
      <![CDATA[<a href="C:\Users\Dilip\git\InwardRemittance/target/surefire-reports/ScreenShot/FCC_CGIRM0023verifyInwardRemittanceSwiftDetails" target="_blank"><img hight=200 width=200 src="C:\Users\Dilip\git\InwardRemittance/target/surefire-reports/ScreenShot/FCC_CGIRM0023verifyInwardRemittanceSwiftDetails"></a>]]>
    </line>
    <line>
      <![CDATA[Capturing Screenshot for the Failed test -- TCID_FCCCGIRM032verifyPullBackEnquirySubmenuInFTI]]>
    </line>
    <line>
      <![CDATA[<a href=C:\Users\Dilip\git\InwardRemittance/target/surefire-reports/ScreenShot/FCC_CGIRM0023verifyInwardRemittanceSwiftDetails	arget="_blank">Screenshot link</a>]]>
    </line>
    <line>
      <![CDATA[<br>]]>
    </line>
    <line>
      <![CDATA[<a href="C:\Users\Dilip\git\InwardRemittance/target/surefire-reports/ScreenShot/FCC_CGIRM0023verifyInwardRemittanceSwiftDetails" target="_blank"><img hight=200 width=200 src="C:\Users\Dilip\git\InwardRemittance/target/surefire-reports/ScreenShot/FCC_CGIRM0023verifyInwardRemittanceSwiftDetails"></a>]]>
    </line>
    <line>
      <![CDATA[Capturing Screenshot for the Failed test -- TCID_FCCCGIRM033verifyFunctionalityOfPullBackFCCSubmenu]]>
    </line>
  </reporter-output>
  <suite name="Kotak InwardRemittance" duration-ms="481772" started-at="2022-09-21T18:54:48Z" finished-at="2022-09-21T19:02:50Z">
    <groups>
      <group name="InwardRemittance_Verification">
        <method signature="InwardRemittanceTest.FCC_CGIRM0017verifySubProductDisposalInstructions()[pri:8, instance:com.Script.kotak.fcc.product.InwardRemittanceTest@305289b3]" name="FCC_CGIRM0017verifySubProductDisposalInstructions" class="com.Script.kotak.fcc.product.InwardRemittanceTest"/>
        <method signature="InwardRemittanceTest.FCC_CGIRM0019verifyFieldValidationPurposeType()[pri:9, instance:com.Script.kotak.fcc.product.InwardRemittanceTest@305289b3]" name="FCC_CGIRM0019verifyFieldValidationPurposeType" class="com.Script.kotak.fcc.product.InwardRemittanceTest"/>
        <method signature="InwardRemittanceTest.FCC_CGIRM0020verifyverifyFieldValidationRealisatiopExportBillsInwardRemittance()[pri:10, instance:com.Script.kotak.fcc.product.InwardRemittanceTest@305289b3]" name="FCC_CGIRM0020verifyverifyFieldValidationRealisatiopExportBillsInwardRemittance" class="com.Script.kotak.fcc.product.InwardRemittanceTest"/>
        <method signature="InwardRemittanceTest.FCC_CGIRM0021verifyFieldValidationPurposeTypeOtherReceiptMISCInwardRemittance()[pri:11, instance:com.Script.kotak.fcc.product.InwardRemittanceTest@305289b3]" name="FCC_CGIRM0021verifyFieldValidationPurposeTypeOtherReceiptMISCInwardRemittance" class="com.Script.kotak.fcc.product.InwardRemittanceTest"/>
        <method signature="InwardRemittanceTest.FCC_CGIRM0023verifyInwardRemittanceSwiftDetails()[pri:12, instance:com.Script.kotak.fcc.product.InwardRemittanceTest@305289b3]" name="FCC_CGIRM0023verifyInwardRemittanceSwiftDetails" class="com.Script.kotak.fcc.product.InwardRemittanceTest"/>
        <method signature="InwardRemittanceTest.TCIDFCCCGIRM001MessageToBankMenuOptionsVerification()[pri:1, instance:com.Script.kotak.fcc.product.InwardRemittanceTest@305289b3]" name="TCIDFCCCGIRM001MessageToBankMenuOptionsVerification" class="com.Script.kotak.fcc.product.InwardRemittanceTest"/>
        <method signature="InwardRemittanceTest.TCID_FCCCGIRM0008VerifySearchCriteriaTransactions()[pri:2, instance:com.Script.kotak.fcc.product.InwardRemittanceTest@305289b3]" name="TCID_FCCCGIRM0008VerifySearchCriteriaTransactions" class="com.Script.kotak.fcc.product.InwardRemittanceTest"/>
        <method signature="InwardRemittanceTest.TCID_FCCCGIRM0010VerifyMenuOptionsAvailable()[pri:3, instance:com.Script.kotak.fcc.product.InwardRemittanceTest@305289b3]" name="TCID_FCCCGIRM0010VerifyMenuOptionsAvailable" class="com.Script.kotak.fcc.product.InwardRemittanceTest"/>
        <method signature="InwardRemittanceTest.TCID_FCCCGIRM0011VerifyTransactionsReceivedFromNostroUtility()[pri:4, instance:com.Script.kotak.fcc.product.InwardRemittanceTest@305289b3]" name="TCID_FCCCGIRM0011VerifyTransactionsReceivedFromNostroUtility" class="com.Script.kotak.fcc.product.InwardRemittanceTest"/>
        <method signature="InwardRemittanceTest.TCID_FCCCGIRM0025verifyAuditDetailsForInwardRemittanceTransaction()[pri:5, instance:com.Script.kotak.fcc.product.InwardRemittanceTest@305289b3]" name="TCID_FCCCGIRM0025verifyAuditDetailsForInwardRemittanceTransaction" class="com.Script.kotak.fcc.product.InwardRemittanceTest"/>
        <method signature="InwardRemittanceTest.TCID_FCCCGIRM0026verifyAuditDetailsForRemittanceCreditTransaction()[pri:6, instance:com.Script.kotak.fcc.product.InwardRemittanceTest@305289b3]" name="TCID_FCCCGIRM0026verifyAuditDetailsForRemittanceCreditTransaction" class="com.Script.kotak.fcc.product.InwardRemittanceTest"/>
        <method signature="InwardRemittanceTest.TCID_FCCCGIRM0034verifyTransactionCopyValidation()[pri:7, instance:com.Script.kotak.fcc.product.InwardRemittanceTest@305289b3]" name="TCID_FCCCGIRM0034verifyTransactionCopyValidation" class="com.Script.kotak.fcc.product.InwardRemittanceTest"/>
        <method signature="InwardRemittanceTest.TCID_FCCCGIRM031verifyPullBackMenuOptionsInFTI()[pri:16, instance:com.Script.kotak.fcc.product.InwardRemittanceTest@305289b3]" name="TCID_FCCCGIRM031verifyPullBackMenuOptionsInFTI" class="com.Script.kotak.fcc.product.InwardRemittanceTest"/>
        <method signature="InwardRemittanceTest.TCID_FCCCGIRM032verifyPullBackEnquirySubmenuInFTI()[pri:17, instance:com.Script.kotak.fcc.product.InwardRemittanceTest@305289b3]" name="TCID_FCCCGIRM032verifyPullBackEnquirySubmenuInFTI" class="com.Script.kotak.fcc.product.InwardRemittanceTest"/>
        <method signature="InwardRemittanceTest.TCID_FCCCGIRM033verifyFunctionalityOfPullBackFCCSubmenu()[pri:19, instance:com.Script.kotak.fcc.product.InwardRemittanceTest@305289b3]" name="TCID_FCCCGIRM033verifyFunctionalityOfPullBackFCCSubmenu" class="com.Script.kotak.fcc.product.InwardRemittanceTest"/>
      </group> <!-- InwardRemittance_Verification -->
    </groups>
    <test name="SMOKE TEST SUITE" duration-ms="481772" started-at="2022-09-21T18:54:48Z" finished-at="2022-09-21T19:02:50Z">
      <class name="com.Script.kotak.fcc.product.InwardRemittanceTest">
        <test-method status="PASS" signature="initializeEnvironment()[pri:0, instance:com.Script.kotak.fcc.product.InwardRemittanceTest@305289b3]" name="initializeEnvironment" is-config="true" duration-ms="11805" started-at="2022-09-22T00:24:48Z" finished-at="2022-09-22T00:25:00Z">
          <reporter-output>
          </reporter-output>
        </test-method> <!-- initializeEnvironment -->
        <test-method status="PASS" signature="redirect_Me_To_HomePage_On_FCC_Application(java.lang.reflect.Method)[pri:0, instance:com.Script.kotak.fcc.product.InwardRemittanceTest@305289b3]" name="redirect_Me_To_HomePage_On_FCC_Application" is-config="true" duration-ms="5229" started-at="2022-09-22T00:25:00Z" finished-at="2022-09-22T00:25:05Z">
          <params>
            <param index="0">
              <value>
                <![CDATA[public void com.Script.kotak.fcc.product.InwardRemittanceTest.TCIDFCCCGIRM001MessageToBankMenuOptionsVerification()]]>
              </value>
            </param>
          </params>
          <reporter-output>
          </reporter-output>
        </test-method> <!-- redirect_Me_To_HomePage_On_FCC_Application -->
        <test-method status="PASS" signature="TCIDFCCCGIRM001MessageToBankMenuOptionsVerification()[pri:1, instance:com.Script.kotak.fcc.product.InwardRemittanceTest@305289b3]" name="TCIDFCCCGIRM001MessageToBankMenuOptionsVerification" duration-ms="95636" started-at="2022-09-22T00:25:05Z" finished-at="2022-09-22T00:26:41Z">
          <reporter-output>
            <line>
              <![CDATA[Step Description--> open new URL ]]>
            </line>
            <line>
              <![CDATA[Step Description--> Open AUT URL -----> https://nbuat.kotak.com/knb2/]]>
            </line>
            <line>
              <![CDATA[Step Description--> Set user name|| Input Value : 105360700]]>
            </line>
            <line>
              <![CDATA[Step Description--> Click 'Next' button]]>
            </line>
            <line>
              <![CDATA[Step Description--> Set password|| Input Value : Quality123]]>
            </line>
            <line>
              <![CDATA[Step Description--> Click 'SecureLogin' button]]>
            </line>
            <line>
              <![CDATA[Step Description--> Verify user login is successfull by using page title || Expected Result : Kotak Net Banking || Actual Result : Kotak Net Banking]]>
            </line>
            <line>
              <![CDATA[Step Description--> Click 'Trade Link' ]]>
            </line>
            <line>
              <![CDATA[Step Description--> Click 'Trade Link' ]]>
            </line>
            <line>
              <![CDATA[Step Description--> Click DI Inward Remittance]]>
            </line>
            <line>
              <![CDATA[Step Description--> Click DI Inward Remittance]]>
            </line>
            <line>
              <![CDATA[Step Description--> check Edit Transactions Displayed]]>
            </line>
            <line>
              <![CDATA[Step Description--> check Review Displayed]]>
            </line>
          </reporter-output>
        </test-method> <!-- TCIDFCCCGIRM001MessageToBankMenuOptionsVerification -->
        <test-method status="PASS" signature="redirect_Me_To_HomePage_On_FCC_Application(java.lang.reflect.Method)[pri:0, instance:com.Script.kotak.fcc.product.InwardRemittanceTest@305289b3]" name="redirect_Me_To_HomePage_On_FCC_Application" is-config="true" duration-ms="5016" started-at="2022-09-22T00:26:41Z" finished-at="2022-09-22T00:26:46Z">
          <params>
            <param index="0">
              <value>
                <![CDATA[public void com.Script.kotak.fcc.product.InwardRemittanceTest.TCID_FCCCGIRM0008VerifySearchCriteriaTransactions()]]>
              </value>
            </param>
          </params>
          <reporter-output>
          </reporter-output>
        </test-method> <!-- redirect_Me_To_HomePage_On_FCC_Application -->
        <test-method status="FAIL" signature="TCID_FCCCGIRM0008VerifySearchCriteriaTransactions()[pri:2, instance:com.Script.kotak.fcc.product.InwardRemittanceTest@305289b3]" name="TCID_FCCCGIRM0008VerifySearchCriteriaTransactions" duration-ms="38481" started-at="2022-09-22T00:26:46Z" finished-at="2022-09-22T00:27:24Z">
          <exception class="java.lang.AssertionError">
            <message>
              <![CDATA[expected [true] but found [false]]]>
            </message>
            <full-stacktrace>
              <![CDATA[java.lang.AssertionError: expected [true] but found [false]
	at org.testng.Assert.fail(Assert.java:94)
	at org.testng.Assert.failNotEquals(Assert.java:513)
	at org.testng.Assert.assertTrue(Assert.java:42)
	at org.testng.Assert.assertTrue(Assert.java:52)
	at com.generic.Utilities.addAssertTakeScreenShot(Utilities.java:399)
	at com.generic.Utilities.logReporter(Utilities.java:341)
	at com.kotak.fcc.product.InwardRemittance.IR.checkCustomerReferenceDisplayed(IR.java:126)
	at com.kotak.fcc.product.InwardRemittance.IR.verifySearchCriteriaTransactions(IR.java:168)
	at com.Script.kotak.fcc.product.InwardRemittanceTest.TCID_FCCCGIRM0008VerifySearchCriteriaTransactions(InwardRemittanceTest.java:111)
	at sun.reflect.NativeMethodAccessorImpl.invoke0(Native Method)
	at sun.reflect.NativeMethodAccessorImpl.invoke(NativeMethodAccessorImpl.java:62)
	at sun.reflect.DelegatingMethodAccessorImpl.invoke(DelegatingMethodAccessorImpl.java:43)
	at java.lang.reflect.Method.invoke(Method.java:498)
	at org.testng.internal.MethodInvocationHelper.invokeMethod(MethodInvocationHelper.java:86)
	at org.testng.internal.Invoker.invokeMethod(Invoker.java:643)
	at org.testng.internal.Invoker.invokeTestMethod(Invoker.java:820)
	at org.testng.internal.Invoker.invokeTestMethods(Invoker.java:1128)
	at org.testng.internal.TestMethodWorker.invokeTestMethods(TestMethodWorker.java:129)
	at org.testng.internal.TestMethodWorker.run(TestMethodWorker.java:112)
	at org.testng.TestRunner.privateRun(TestRunner.java:782)
	at org.testng.TestRunner.run(TestRunner.java:632)
	at org.testng.SuiteRunner.runTest(SuiteRunner.java:366)
	at org.testng.SuiteRunner.runSequentially(SuiteRunner.java:361)
	at org.testng.SuiteRunner.privateRun(SuiteRunner.java:319)
	at org.testng.SuiteRunner.run(SuiteRunner.java:268)
	at org.testng.SuiteRunnerWorker.runSuite(SuiteRunnerWorker.java:52)
	at org.testng.SuiteRunnerWorker.run(SuiteRunnerWorker.java:86)
	at org.testng.TestNG.runSuitesSequentially(TestNG.java:1244)
	at org.testng.TestNG.runSuitesLocally(TestNG.java:1169)
	at org.testng.TestNG.run(TestNG.java:1064)
	at org.apache.maven.surefire.testng.TestNGExecutor.run(TestNGExecutor.java:282)
	at org.apache.maven.surefire.testng.TestNGXmlTestSuite.execute(TestNGXmlTestSuite.java:83)
	at org.apache.maven.surefire.testng.TestNGProvider.invoke(TestNGProvider.java:114)
	at org.apache.maven.surefire.booter.ForkedBooter.invokeProviderInSameClassLoader(ForkedBooter.java:286)
	at org.apache.maven.surefire.booter.ForkedBooter.runSuitesInProcess(ForkedBooter.java:240)
	at org.apache.maven.surefire.booter.ForkedBooter.main(ForkedBooter.java:121)
]]>
            </full-stacktrace>
          </exception> <!-- java.lang.AssertionError -->
          <reporter-output>
            <line>
              <![CDATA[Step Description--> Click Inward Remittance]]>
            </line>
            <line>
              <![CDATA[Step Description--> Click DI Inward Remittance]]>
            </line>
            <line>
              <![CDATA[Step Description--> clickFTInquiry]]>
            </line>
            <line>
              <![CDATA[Step Description--> click Filter Button]]>
            </line>
            <line>
              <![CDATA[Step Description--> check Portal RefId Displayed]]>
            </line>
            <line>
              <![CDATA[Step Description--> check Customer Reference Displayed]]>
            </line>
            <line>
              <![CDATA[<a href=C:\Users\Dilip\git\InwardRemittance/target/surefire-reports/ScreenShot/FCC_CG_IRM_0008_VerifySearchCriteriaTransactions	arget="_blank">Screenshot link</a>]]>
            </line>
            <line>
              <![CDATA[<br>]]>
            </line>
            <line>
              <![CDATA[<a href="C:\Users\Dilip\git\InwardRemittance/target/surefire-reports/ScreenShot/FCC_CG_IRM_0008_VerifySearchCriteriaTransactions" target="_blank"><img hight=200 width=200 src="C:\Users\Dilip\git\InwardRemittance/target/surefire-reports/ScreenShot/FCC_CG_IRM_0008_VerifySearchCriteriaTransactions"></a>]]>
            </line>
            <line>
              <![CDATA[Capturing Screenshot for the Failed test -- TCID_FCCCGIRM0008VerifySearchCriteriaTransactions]]>
            </line>
          </reporter-output>
        </test-method> <!-- TCID_FCCCGIRM0008VerifySearchCriteriaTransactions -->
        <test-method status="PASS" signature="redirect_Me_To_HomePage_On_FCC_Application(java.lang.reflect.Method)[pri:0, instance:com.Script.kotak.fcc.product.InwardRemittanceTest@305289b3]" name="redirect_Me_To_HomePage_On_FCC_Application" is-config="true" duration-ms="5017" started-at="2022-09-22T00:27:27Z" finished-at="2022-09-22T00:27:32Z">
          <params>
            <param index="0">
              <value>
                <![CDATA[public void com.Script.kotak.fcc.product.InwardRemittanceTest.TCID_FCCCGIRM0010VerifyMenuOptionsAvailable()]]>
              </value>
            </param>
          </params>
          <reporter-output>
          </reporter-output>
        </test-method> <!-- redirect_Me_To_HomePage_On_FCC_Application -->
        <test-method status="PASS" signature="TCID_FCCCGIRM0010VerifyMenuOptionsAvailable()[pri:3, instance:com.Script.kotak.fcc.product.InwardRemittanceTest@305289b3]" name="TCID_FCCCGIRM0010VerifyMenuOptionsAvailable" duration-ms="17763" started-at="2022-09-22T00:27:32Z" finished-at="2022-09-22T00:27:49Z">
          <reporter-output>
            <line>
              <![CDATA[Step Description--> Click DI Inward Remittance]]>
            </line>
            <line>
              <![CDATA[Step Description--> Click DI Inward Remittance]]>
            </line>
            <line>
              <![CDATA[Step Description--> check DI Inward Remittance Displayed]]>
            </line>
          </reporter-output>
        </test-method> <!-- TCID_FCCCGIRM0010VerifyMenuOptionsAvailable -->
        <test-method status="PASS" signature="redirect_Me_To_HomePage_On_FCC_Application(java.lang.reflect.Method)[pri:0, instance:com.Script.kotak.fcc.product.InwardRemittanceTest@305289b3]" name="redirect_Me_To_HomePage_On_FCC_Application" is-config="true" duration-ms="5040" started-at="2022-09-22T00:27:50Z" finished-at="2022-09-22T00:27:55Z">
          <params>
            <param index="0">
              <value>
                <![CDATA[public void com.Script.kotak.fcc.product.InwardRemittanceTest.TCID_FCCCGIRM0011VerifyTransactionsReceivedFromNostroUtility()]]>
              </value>
            </param>
          </params>
          <reporter-output>
          </reporter-output>
        </test-method> <!-- redirect_Me_To_HomePage_On_FCC_Application -->
        <test-method status="PASS" signature="TCID_FCCCGIRM0011VerifyTransactionsReceivedFromNostroUtility()[pri:4, instance:com.Script.kotak.fcc.product.InwardRemittanceTest@305289b3]" name="TCID_FCCCGIRM0011VerifyTransactionsReceivedFromNostroUtility" duration-ms="20248" started-at="2022-09-22T00:27:55Z" finished-at="2022-09-22T00:28:15Z">
          <reporter-output>
            <line>
              <![CDATA[Step Description--> Click DI Inward Remittance]]>
            </line>
            <line>
              <![CDATA[Step Description--> Click DI Inward Remittance]]>
            </line>
            <line>
              <![CDATA[Step Description--> click Edit Transactions]]>
            </line>
            <line>
              <![CDATA[Step Description--> check Transactions Received From Nostro Utility Displayed]]>
            </line>
          </reporter-output>
        </test-method> <!-- TCID_FCCCGIRM0011VerifyTransactionsReceivedFromNostroUtility -->
        <test-method status="PASS" signature="redirect_Me_To_HomePage_On_FCC_Application(java.lang.reflect.Method)[pri:0, instance:com.Script.kotak.fcc.product.InwardRemittanceTest@305289b3]" name="redirect_Me_To_HomePage_On_FCC_Application" is-config="true" duration-ms="5060" started-at="2022-09-22T00:28:15Z" finished-at="2022-09-22T00:28:20Z">
          <params>
            <param index="0">
              <value>
                <![CDATA[public void com.Script.kotak.fcc.product.InwardRemittanceTest.TCID_FCCCGIRM0025verifyAuditDetailsForInwardRemittanceTransaction()]]>
              </value>
            </param>
          </params>
          <reporter-output>
          </reporter-output>
        </test-method> <!-- redirect_Me_To_HomePage_On_FCC_Application -->
        <test-method status="PASS" signature="TCID_FCCCGIRM0025verifyAuditDetailsForInwardRemittanceTransaction()[pri:5, instance:com.Script.kotak.fcc.product.InwardRemittanceTest@305289b3]" name="TCID_FCCCGIRM0025verifyAuditDetailsForInwardRemittanceTransaction" duration-ms="12278" started-at="2022-09-22T00:28:20Z" finished-at="2022-09-22T00:28:33Z">
          <reporter-output>
            <line>
              <![CDATA[Step Description--> Click Inward Remittance]]>
            </line>
            <line>
              <![CDATA[Step Description--> Click DI Inward Remittance]]>
            </line>
            <line>
              <![CDATA[Step Description--> click On Details]]>
            </line>
            <line>
              <![CDATA[Step Description--> click On Transction Button]]>
            </line>
          </reporter-output>
        </test-method> <!-- TCID_FCCCGIRM0025verifyAuditDetailsForInwardRemittanceTransaction -->
        <test-method status="PASS" signature="redirect_Me_To_HomePage_On_FCC_Application(java.lang.reflect.Method)[pri:0, instance:com.Script.kotak.fcc.product.InwardRemittanceTest@305289b3]" name="redirect_Me_To_HomePage_On_FCC_Application" is-config="true" duration-ms="5026" started-at="2022-09-22T00:28:33Z" finished-at="2022-09-22T00:28:38Z">
          <params>
            <param index="0">
              <value>
                <![CDATA[public void com.Script.kotak.fcc.product.InwardRemittanceTest.TCID_FCCCGIRM0026verifyAuditDetailsForRemittanceCreditTransaction()]]>
              </value>
            </param>
          </params>
          <reporter-output>
          </reporter-output>
        </test-method> <!-- redirect_Me_To_HomePage_On_FCC_Application -->
        <test-method status="PASS" signature="TCID_FCCCGIRM0026verifyAuditDetailsForRemittanceCreditTransaction()[pri:6, instance:com.Script.kotak.fcc.product.InwardRemittanceTest@305289b3]" name="TCID_FCCCGIRM0026verifyAuditDetailsForRemittanceCreditTransaction" duration-ms="21526" started-at="2022-09-22T00:28:38Z" finished-at="2022-09-22T00:29:00Z">
          <reporter-output>
            <line>
              <![CDATA[Step Description--> Click DI Inward Remittance]]>
            </line>
            <line>
              <![CDATA[Step Description--> Click DI Inward Remittance]]>
            </line>
            <line>
              <![CDATA[Step Description--> click On Details]]>
            </line>
            <line>
              <![CDATA[Step Description--> click On Transction Button]]>
            </line>
          </reporter-output>
        </test-method> <!-- TCID_FCCCGIRM0026verifyAuditDetailsForRemittanceCreditTransaction -->
        <test-method status="PASS" signature="redirect_Me_To_HomePage_On_FCC_Application(java.lang.reflect.Method)[pri:0, instance:com.Script.kotak.fcc.product.InwardRemittanceTest@305289b3]" name="redirect_Me_To_HomePage_On_FCC_Application" is-config="true" duration-ms="5022" started-at="2022-09-22T00:29:00Z" finished-at="2022-09-22T00:29:05Z">
          <params>
            <param index="0">
              <value>
                <![CDATA[public void com.Script.kotak.fcc.product.InwardRemittanceTest.TCID_FCCCGIRM0034verifyTransactionCopyValidation()]]>
              </value>
            </param>
          </params>
          <reporter-output>
          </reporter-output>
        </test-method> <!-- redirect_Me_To_HomePage_On_FCC_Application -->
        <test-method status="PASS" signature="TCID_FCCCGIRM0034verifyTransactionCopyValidation()[pri:7, instance:com.Script.kotak.fcc.product.InwardRemittanceTest@305289b3]" name="TCID_FCCCGIRM0034verifyTransactionCopyValidation" duration-ms="40604" started-at="2022-09-22T00:29:05Z" finished-at="2022-09-22T00:29:46Z">
          <reporter-output>
            <line>
              <![CDATA[Step Description--> Click DI Inward Remittance]]>
            </line>
            <line>
              <![CDATA[Step Description--> Click DI Inward Remittance]]>
            </line>
            <line>
              <![CDATA[Step Description--> click On View]]>
            </line>
            <line>
              <![CDATA[Step Description--> click On Download]]>
            </line>
            <line>
              <![CDATA[Step Description--> Click DI Inward Remittance]]>
            </line>
            <line>
              <![CDATA[Step Description--> Click DI Inward Remittance]]>
            </line>
          </reporter-output>
        </test-method> <!-- TCID_FCCCGIRM0034verifyTransactionCopyValidation -->
        <test-method status="PASS" signature="redirect_Me_To_HomePage_On_FCC_Application(java.lang.reflect.Method)[pri:0, instance:com.Script.kotak.fcc.product.InwardRemittanceTest@305289b3]" name="redirect_Me_To_HomePage_On_FCC_Application" is-config="true" duration-ms="5063" started-at="2022-09-22T00:29:46Z" finished-at="2022-09-22T00:29:51Z">
          <params>
            <param index="0">
              <value>
                <![CDATA[public void com.Script.kotak.fcc.product.InwardRemittanceTest.FCC_CGIRM0017verifySubProductDisposalInstructions()]]>
              </value>
            </param>
          </params>
          <reporter-output>
          </reporter-output>
        </test-method> <!-- redirect_Me_To_HomePage_On_FCC_Application -->
        <test-method status="FAIL" signature="FCC_CGIRM0017verifySubProductDisposalInstructions()[pri:8, instance:com.Script.kotak.fcc.product.InwardRemittanceTest@305289b3]" name="FCC_CGIRM0017verifySubProductDisposalInstructions" duration-ms="4" started-at="2022-09-22T00:29:51Z" finished-at="2022-09-22T00:29:51Z">
          <exception class="java.lang.RuntimeException">
            <message>
              <![CDATA[java.lang.NullPointerException]]>
            </message>
            <full-stacktrace>
              <![CDATA[java.lang.RuntimeException: java.lang.NullPointerException
	at com.generic.Utilities.dpString(Utilities.java:515)
	at com.Script.kotak.fcc.product.InwardRemittanceTest.FCC_CGIRM0017verifySubProductDisposalInstructions(InwardRemittanceTest.java:198)
	at sun.reflect.NativeMethodAccessorImpl.invoke0(Native Method)
	at sun.reflect.NativeMethodAccessorImpl.invoke(NativeMethodAccessorImpl.java:62)
	at sun.reflect.DelegatingMethodAccessorImpl.invoke(DelegatingMethodAccessorImpl.java:43)
	at java.lang.reflect.Method.invoke(Method.java:498)
	at org.testng.internal.MethodInvocationHelper.invokeMethod(MethodInvocationHelper.java:86)
	at org.testng.internal.Invoker.invokeMethod(Invoker.java:643)
	at org.testng.internal.Invoker.invokeTestMethod(Invoker.java:820)
	at org.testng.internal.Invoker.invokeTestMethods(Invoker.java:1128)
	at org.testng.internal.TestMethodWorker.invokeTestMethods(TestMethodWorker.java:129)
	at org.testng.internal.TestMethodWorker.run(TestMethodWorker.java:112)
	at org.testng.TestRunner.privateRun(TestRunner.java:782)
	at org.testng.TestRunner.run(TestRunner.java:632)
	at org.testng.SuiteRunner.runTest(SuiteRunner.java:366)
	at org.testng.SuiteRunner.runSequentially(SuiteRunner.java:361)
	at org.testng.SuiteRunner.privateRun(SuiteRunner.java:319)
	at org.testng.SuiteRunner.run(SuiteRunner.java:268)
	at org.testng.SuiteRunnerWorker.runSuite(SuiteRunnerWorker.java:52)
	at org.testng.SuiteRunnerWorker.run(SuiteRunnerWorker.java:86)
	at org.testng.TestNG.runSuitesSequentially(TestNG.java:1244)
	at org.testng.TestNG.runSuitesLocally(TestNG.java:1169)
	at org.testng.TestNG.run(TestNG.java:1064)
	at org.apache.maven.surefire.testng.TestNGExecutor.run(TestNGExecutor.java:282)
	at org.apache.maven.surefire.testng.TestNGXmlTestSuite.execute(TestNGXmlTestSuite.java:83)
	at org.apache.maven.surefire.testng.TestNGProvider.invoke(TestNGProvider.java:114)
	at org.apache.maven.surefire.booter.ForkedBooter.invokeProviderInSameClassLoader(ForkedBooter.java:286)
	at org.apache.maven.surefire.booter.ForkedBooter.runSuitesInProcess(ForkedBooter.java:240)
	at org.apache.maven.surefire.booter.ForkedBooter.main(ForkedBooter.java:121)
Caused by: java.lang.NullPointerException
	at com.generic.Utilities.dpString(Utilities.java:504)
	... 28 more
]]>
            </full-stacktrace>
          </exception> <!-- java.lang.RuntimeException -->
          <reporter-output>
            <line>
              <![CDATA[<a href=C:\Users\Dilip\git\InwardRemittance/target/surefire-reports/ScreenShot/FCC_CG_IRM_0034_verifyTransactionCopyValidation	arget="_blank">Screenshot link</a>]]>
            </line>
            <line>
              <![CDATA[<br>]]>
            </line>
            <line>
              <![CDATA[<a href="C:\Users\Dilip\git\InwardRemittance/target/surefire-reports/ScreenShot/FCC_CG_IRM_0034_verifyTransactionCopyValidation" target="_blank"><img hight=200 width=200 src="C:\Users\Dilip\git\InwardRemittance/target/surefire-reports/ScreenShot/FCC_CG_IRM_0034_verifyTransactionCopyValidation"></a>]]>
            </line>
            <line>
              <![CDATA[Capturing Screenshot for the Failed test -- FCC_CGIRM0017verifySubProductDisposalInstructions]]>
            </line>
          </reporter-output>
        </test-method> <!-- FCC_CGIRM0017verifySubProductDisposalInstructions -->
        <test-method status="PASS" signature="redirect_Me_To_HomePage_On_FCC_Application(java.lang.reflect.Method)[pri:0, instance:com.Script.kotak.fcc.product.InwardRemittanceTest@305289b3]" name="redirect_Me_To_HomePage_On_FCC_Application" is-config="true" duration-ms="5142" started-at="2022-09-22T00:29:51Z" finished-at="2022-09-22T00:29:56Z">
          <params>
            <param index="0">
              <value>
                <![CDATA[public void com.Script.kotak.fcc.product.InwardRemittanceTest.FCC_CGIRM0019verifyFieldValidationPurposeType()]]>
              </value>
            </param>
          </params>
          <reporter-output>
          </reporter-output>
        </test-method> <!-- redirect_Me_To_HomePage_On_FCC_Application -->
        <test-method status="PASS" signature="FCC_CGIRM0019verifyFieldValidationPurposeType()[pri:9, instance:com.Script.kotak.fcc.product.InwardRemittanceTest@305289b3]" name="FCC_CGIRM0019verifyFieldValidationPurposeType" duration-ms="35577" started-at="2022-09-22T00:29:56Z" finished-at="2022-09-22T00:30:32Z">
          <reporter-output>
            <line>
              <![CDATA[Step Description--> Click DI Inward Remittance]]>
            </line>
            <line>
              <![CDATA[Step Description--> Click DI Inward Remittance]]>
            </line>
            <line>
              <![CDATA[Step Description--> click Edit Transactions]]>
            </line>
            <line>
              <![CDATA[Step Description--> clickFTInquiry]]>
            </line>
            <line>
              <![CDATA[Step Description--> click Next Button]]>
            </line>
            <line>
              <![CDATA[Step Description--> click On type]]>
            </line>
            <line>
              <![CDATA[Step Description--> click On Option]]>
            </line>
            <line>
              <![CDATA[Step Description--> Verify Disposal Value]]>
            </line>
            <line>
              <![CDATA[Step Description--> Verify Feild mandatory ]]>
            </line>
            <line>
              <![CDATA[Step Description--> Verify Feild mandatory ]]>
            </line>
          </reporter-output>
        </test-method> <!-- FCC_CGIRM0019verifyFieldValidationPurposeType -->
        <test-method status="PASS" signature="redirect_Me_To_HomePage_On_FCC_Application(java.lang.reflect.Method)[pri:0, instance:com.Script.kotak.fcc.product.InwardRemittanceTest@305289b3]" name="redirect_Me_To_HomePage_On_FCC_Application" is-config="true" duration-ms="5015" started-at="2022-09-22T00:30:32Z" finished-at="2022-09-22T00:30:37Z">
          <params>
            <param index="0">
              <value>
                <![CDATA[public void com.Script.kotak.fcc.product.InwardRemittanceTest.FCC_CGIRM0020verifyverifyFieldValidationRealisatiopExportBillsInwardRemittance()]]>
              </value>
            </param>
          </params>
          <reporter-output>
          </reporter-output>
        </test-method> <!-- redirect_Me_To_HomePage_On_FCC_Application -->
        <test-method status="PASS" signature="FCC_CGIRM0020verifyverifyFieldValidationRealisatiopExportBillsInwardRemittance()[pri:10, instance:com.Script.kotak.fcc.product.InwardRemittanceTest@305289b3]" name="FCC_CGIRM0020verifyverifyFieldValidationRealisatiopExportBillsInwardRemittance" duration-ms="33165" started-at="2022-09-22T00:30:37Z" finished-at="2022-09-22T00:31:10Z">
          <reporter-output>
            <line>
              <![CDATA[Step Description--> Click DI Inward Remittance]]>
            </line>
            <line>
              <![CDATA[Step Description--> Click DI Inward Remittance]]>
            </line>
            <line>
              <![CDATA[Step Description--> click Edit Transactions]]>
            </line>
            <line>
              <![CDATA[Step Description--> clickFTInquiry]]>
            </line>
            <line>
              <![CDATA[Step Description--> click Next Button]]>
            </line>
            <line>
              <![CDATA[Step Description--> click On type]]>
            </line>
            <line>
              <![CDATA[Step Description--> click On Option]]>
            </line>
            <line>
              <![CDATA[Step Description--> Verify Disposal Value]]>
            </line>
          </reporter-output>
        </test-method> <!-- FCC_CGIRM0020verifyverifyFieldValidationRealisatiopExportBillsInwardRemittance -->
        <test-method status="PASS" signature="redirect_Me_To_HomePage_On_FCC_Application(java.lang.reflect.Method)[pri:0, instance:com.Script.kotak.fcc.product.InwardRemittanceTest@305289b3]" name="redirect_Me_To_HomePage_On_FCC_Application" is-config="true" duration-ms="5049" started-at="2022-09-22T00:31:11Z" finished-at="2022-09-22T00:31:16Z">
          <params>
            <param index="0">
              <value>
                <![CDATA[public void com.Script.kotak.fcc.product.InwardRemittanceTest.FCC_CGIRM0021verifyFieldValidationPurposeTypeOtherReceiptMISCInwardRemittance()]]>
              </value>
            </param>
          </params>
          <reporter-output>
          </reporter-output>
        </test-method> <!-- redirect_Me_To_HomePage_On_FCC_Application -->
        <test-method status="FAIL" signature="FCC_CGIRM0021verifyFieldValidationPurposeTypeOtherReceiptMISCInwardRemittance()[pri:11, instance:com.Script.kotak.fcc.product.InwardRemittanceTest@305289b3]" name="FCC_CGIRM0021verifyFieldValidationPurposeTypeOtherReceiptMISCInwardRemittance" duration-ms="22372" started-at="2022-09-22T00:31:16Z" finished-at="2022-09-22T00:31:38Z">
          <exception class="java.lang.AssertionError">
            <message>
              <![CDATA[expected [true] but found [false]]]>
            </message>
            <full-stacktrace>
              <![CDATA[java.lang.AssertionError: expected [true] but found [false]
	at org.testng.Assert.fail(Assert.java:94)
	at org.testng.Assert.failNotEquals(Assert.java:513)
	at org.testng.Assert.assertTrue(Assert.java:42)
	at org.testng.Assert.assertTrue(Assert.java:52)
	at com.generic.Utilities.addAssertTakeScreenShot(Utilities.java:399)
	at com.generic.Utilities.logReporter(Utilities.java:341)
	at com.kotak.fcc.product.InwardRemittance.IR.clickEditTransactions(IR.java:76)
	at com.Script.kotak.fcc.product.InwardRemittanceTest.FCC_CGIRM0021verifyFieldValidationPurposeTypeOtherReceiptMISCInwardRemittance(InwardRemittanceTest.java:278)
	at sun.reflect.NativeMethodAccessorImpl.invoke0(Native Method)
	at sun.reflect.NativeMethodAccessorImpl.invoke(NativeMethodAccessorImpl.java:62)
	at sun.reflect.DelegatingMethodAccessorImpl.invoke(DelegatingMethodAccessorImpl.java:43)
	at java.lang.reflect.Method.invoke(Method.java:498)
	at org.testng.internal.MethodInvocationHelper.invokeMethod(MethodInvocationHelper.java:86)
	at org.testng.internal.Invoker.invokeMethod(Invoker.java:643)
	at org.testng.internal.Invoker.invokeTestMethod(Invoker.java:820)
	at org.testng.internal.Invoker.invokeTestMethods(Invoker.java:1128)
	at org.testng.internal.TestMethodWorker.invokeTestMethods(TestMethodWorker.java:129)
	at org.testng.internal.TestMethodWorker.run(TestMethodWorker.java:112)
	at org.testng.TestRunner.privateRun(TestRunner.java:782)
	at org.testng.TestRunner.run(TestRunner.java:632)
	at org.testng.SuiteRunner.runTest(SuiteRunner.java:366)
	at org.testng.SuiteRunner.runSequentially(SuiteRunner.java:361)
	at org.testng.SuiteRunner.privateRun(SuiteRunner.java:319)
	at org.testng.SuiteRunner.run(SuiteRunner.java:268)
	at org.testng.SuiteRunnerWorker.runSuite(SuiteRunnerWorker.java:52)
	at org.testng.SuiteRunnerWorker.run(SuiteRunnerWorker.java:86)
	at org.testng.TestNG.runSuitesSequentially(TestNG.java:1244)
	at org.testng.TestNG.runSuitesLocally(TestNG.java:1169)
	at org.testng.TestNG.run(TestNG.java:1064)
	at org.apache.maven.surefire.testng.TestNGExecutor.run(TestNGExecutor.java:282)
	at org.apache.maven.surefire.testng.TestNGXmlTestSuite.execute(TestNGXmlTestSuite.java:83)
	at org.apache.maven.surefire.testng.TestNGProvider.invoke(TestNGProvider.java:114)
	at org.apache.maven.surefire.booter.ForkedBooter.invokeProviderInSameClassLoader(ForkedBooter.java:286)
	at org.apache.maven.surefire.booter.ForkedBooter.runSuitesInProcess(ForkedBooter.java:240)
	at org.apache.maven.surefire.booter.ForkedBooter.main(ForkedBooter.java:121)
]]>
            </full-stacktrace>
          </exception> <!-- java.lang.AssertionError -->
          <reporter-output>
            <line>
              <![CDATA[Step Description--> click Edit Transactions]]>
            </line>
            <line>
              <![CDATA[<a href=C:\Users\Dilip\git\InwardRemittance/target/surefire-reports/ScreenShot/FCC_CGIRM0021verifyFieldValidationPurposeTypeOtherReceiptMISCInwardRemittance	arget="_blank">Screenshot link</a>]]>
            </line>
            <line>
              <![CDATA[<br>]]>
            </line>
            <line>
              <![CDATA[<a href="C:\Users\Dilip\git\InwardRemittance/target/surefire-reports/ScreenShot/FCC_CGIRM0021verifyFieldValidationPurposeTypeOtherReceiptMISCInwardRemittance" target="_blank"><img hight=200 width=200 src="C:\Users\Dilip\git\InwardRemittance/target/surefire-reports/ScreenShot/FCC_CGIRM0021verifyFieldValidationPurposeTypeOtherReceiptMISCInwardRemittance"></a>]]>
            </line>
            <line>
              <![CDATA[Capturing Screenshot for the Failed test -- FCC_CGIRM0021verifyFieldValidationPurposeTypeOtherReceiptMISCInwardRemittance]]>
            </line>
          </reporter-output>
        </test-method> <!-- FCC_CGIRM0021verifyFieldValidationPurposeTypeOtherReceiptMISCInwardRemittance -->
        <test-method status="PASS" signature="redirect_Me_To_HomePage_On_FCC_Application(java.lang.reflect.Method)[pri:0, instance:com.Script.kotak.fcc.product.InwardRemittanceTest@305289b3]" name="redirect_Me_To_HomePage_On_FCC_Application" is-config="true" duration-ms="5012" started-at="2022-09-22T00:31:39Z" finished-at="2022-09-22T00:31:44Z">
          <params>
            <param index="0">
              <value>
                <![CDATA[public void com.Script.kotak.fcc.product.InwardRemittanceTest.FCC_CGIRM0023verifyInwardRemittanceSwiftDetails()]]>
              </value>
            </param>
          </params>
          <reporter-output>
          </reporter-output>
        </test-method> <!-- redirect_Me_To_HomePage_On_FCC_Application -->
        <test-method status="FAIL" signature="FCC_CGIRM0023verifyInwardRemittanceSwiftDetails()[pri:12, instance:com.Script.kotak.fcc.product.InwardRemittanceTest@305289b3]" name="FCC_CGIRM0023verifyInwardRemittanceSwiftDetails" duration-ms="35176" started-at="2022-09-22T00:31:44Z" finished-at="2022-09-22T00:32:19Z">
          <exception class="java.lang.AssertionError">
            <message>
              <![CDATA[expected [true] but found [false]]]>
            </message>
            <full-stacktrace>
              <![CDATA[java.lang.AssertionError: expected [true] but found [false]
	at org.testng.Assert.fail(Assert.java:94)
	at org.testng.Assert.failNotEquals(Assert.java:513)
	at org.testng.Assert.assertTrue(Assert.java:42)
	at org.testng.Assert.assertTrue(Assert.java:52)
	at com.generic.Utilities.addAssertTakeScreenShot(Utilities.java:399)
	at com.generic.Utilities.logReporter(Utilities.java:341)
	at com.flows.commonFlows.CommonFlow.navigateToDIInwardRemittance(CommonFlow.java:78)
	at com.Script.kotak.fcc.product.InwardRemittanceTest.FCC_CGIRM0023verifyInwardRemittanceSwiftDetails(InwardRemittanceTest.java:300)
	at sun.reflect.NativeMethodAccessorImpl.invoke0(Native Method)
	at sun.reflect.NativeMethodAccessorImpl.invoke(NativeMethodAccessorImpl.java:62)
	at sun.reflect.DelegatingMethodAccessorImpl.invoke(DelegatingMethodAccessorImpl.java:43)
	at java.lang.reflect.Method.invoke(Method.java:498)
	at org.testng.internal.MethodInvocationHelper.invokeMethod(MethodInvocationHelper.java:86)
	at org.testng.internal.Invoker.invokeMethod(Invoker.java:643)
	at org.testng.internal.Invoker.invokeTestMethod(Invoker.java:820)
	at org.testng.internal.Invoker.invokeTestMethods(Invoker.java:1128)
	at org.testng.internal.TestMethodWorker.invokeTestMethods(TestMethodWorker.java:129)
	at org.testng.internal.TestMethodWorker.run(TestMethodWorker.java:112)
	at org.testng.TestRunner.privateRun(TestRunner.java:782)
	at org.testng.TestRunner.run(TestRunner.java:632)
	at org.testng.SuiteRunner.runTest(SuiteRunner.java:366)
	at org.testng.SuiteRunner.runSequentially(SuiteRunner.java:361)
	at org.testng.SuiteRunner.privateRun(SuiteRunner.java:319)
	at org.testng.SuiteRunner.run(SuiteRunner.java:268)
	at org.testng.SuiteRunnerWorker.runSuite(SuiteRunnerWorker.java:52)
	at org.testng.SuiteRunnerWorker.run(SuiteRunnerWorker.java:86)
	at org.testng.TestNG.runSuitesSequentially(TestNG.java:1244)
	at org.testng.TestNG.runSuitesLocally(TestNG.java:1169)
	at org.testng.TestNG.run(TestNG.java:1064)
	at org.apache.maven.surefire.testng.TestNGExecutor.run(TestNGExecutor.java:282)
	at org.apache.maven.surefire.testng.TestNGXmlTestSuite.execute(TestNGXmlTestSuite.java:83)
	at org.apache.maven.surefire.testng.TestNGProvider.invoke(TestNGProvider.java:114)
	at org.apache.maven.surefire.booter.ForkedBooter.invokeProviderInSameClassLoader(ForkedBooter.java:286)
	at org.apache.maven.surefire.booter.ForkedBooter.runSuitesInProcess(ForkedBooter.java:240)
	at org.apache.maven.surefire.booter.ForkedBooter.main(ForkedBooter.java:121)
]]>
            </full-stacktrace>
          </exception> <!-- java.lang.AssertionError -->
          <reporter-output>
            <line>
              <![CDATA[Step Description--> Click DI Inward Remittance]]>
            </line>
            <line>
              <![CDATA[Step Description--> Click DI Inward Remittance]]>
            </line>
            <line>
              <![CDATA[<a href=C:\Users\Dilip\git\InwardRemittance/target/surefire-reports/ScreenShot/FCC_CGIRM0023verifyInwardRemittanceSwiftDetails	arget="_blank">Screenshot link</a>]]>
            </line>
            <line>
              <![CDATA[<br>]]>
            </line>
            <line>
              <![CDATA[<a href="C:\Users\Dilip\git\InwardRemittance/target/surefire-reports/ScreenShot/FCC_CGIRM0023verifyInwardRemittanceSwiftDetails" target="_blank"><img hight=200 width=200 src="C:\Users\Dilip\git\InwardRemittance/target/surefire-reports/ScreenShot/FCC_CGIRM0023verifyInwardRemittanceSwiftDetails"></a>]]>
            </line>
            <line>
              <![CDATA[Capturing Screenshot for the Failed test -- FCC_CGIRM0023verifyInwardRemittanceSwiftDetails]]>
            </line>
          </reporter-output>
        </test-method> <!-- FCC_CGIRM0023verifyInwardRemittanceSwiftDetails -->
        <test-method status="PASS" signature="redirect_Me_To_HomePage_On_FCC_Application(java.lang.reflect.Method)[pri:0, instance:com.Script.kotak.fcc.product.InwardRemittanceTest@305289b3]" name="redirect_Me_To_HomePage_On_FCC_Application" is-config="true" duration-ms="5024" started-at="2022-09-22T00:32:19Z" finished-at="2022-09-22T00:32:24Z">
          <params>
            <param index="0">
              <value>
                <![CDATA[public void com.Script.kotak.fcc.product.InwardRemittanceTest.TCID_FCCCGIRM031verifyPullBackMenuOptionsInFTI()]]>
              </value>
            </param>
          </params>
          <reporter-output>
          </reporter-output>
        </test-method> <!-- redirect_Me_To_HomePage_On_FCC_Application -->
        <test-method status="FAIL" signature="TCID_FCCCGIRM031verifyPullBackMenuOptionsInFTI()[pri:16, instance:com.Script.kotak.fcc.product.InwardRemittanceTest@305289b3]" name="TCID_FCCCGIRM031verifyPullBackMenuOptionsInFTI" duration-ms="2" started-at="2022-09-22T00:32:24Z" finished-at="2022-09-22T00:32:24Z">
          <exception class="java.lang.RuntimeException">
            <message>
              <![CDATA[java.lang.NullPointerException]]>
            </message>
            <full-stacktrace>
              <![CDATA[java.lang.RuntimeException: java.lang.NullPointerException
	at com.generic.Utilities.dpString(Utilities.java:515)
	at com.Script.kotak.fcc.product.InwardRemittanceTest.TCID_FCCCGIRM031verifyPullBackMenuOptionsInFTI(InwardRemittanceTest.java:313)
	at sun.reflect.NativeMethodAccessorImpl.invoke0(Native Method)
	at sun.reflect.NativeMethodAccessorImpl.invoke(NativeMethodAccessorImpl.java:62)
	at sun.reflect.DelegatingMethodAccessorImpl.invoke(DelegatingMethodAccessorImpl.java:43)
	at java.lang.reflect.Method.invoke(Method.java:498)
	at org.testng.internal.MethodInvocationHelper.invokeMethod(MethodInvocationHelper.java:86)
	at org.testng.internal.Invoker.invokeMethod(Invoker.java:643)
	at org.testng.internal.Invoker.invokeTestMethod(Invoker.java:820)
	at org.testng.internal.Invoker.invokeTestMethods(Invoker.java:1128)
	at org.testng.internal.TestMethodWorker.invokeTestMethods(TestMethodWorker.java:129)
	at org.testng.internal.TestMethodWorker.run(TestMethodWorker.java:112)
	at org.testng.TestRunner.privateRun(TestRunner.java:782)
	at org.testng.TestRunner.run(TestRunner.java:632)
	at org.testng.SuiteRunner.runTest(SuiteRunner.java:366)
	at org.testng.SuiteRunner.runSequentially(SuiteRunner.java:361)
	at org.testng.SuiteRunner.privateRun(SuiteRunner.java:319)
	at org.testng.SuiteRunner.run(SuiteRunner.java:268)
	at org.testng.SuiteRunnerWorker.runSuite(SuiteRunnerWorker.java:52)
	at org.testng.SuiteRunnerWorker.run(SuiteRunnerWorker.java:86)
	at org.testng.TestNG.runSuitesSequentially(TestNG.java:1244)
	at org.testng.TestNG.runSuitesLocally(TestNG.java:1169)
	at org.testng.TestNG.run(TestNG.java:1064)
	at org.apache.maven.surefire.testng.TestNGExecutor.run(TestNGExecutor.java:282)
	at org.apache.maven.surefire.testng.TestNGXmlTestSuite.execute(TestNGXmlTestSuite.java:83)
	at org.apache.maven.surefire.testng.TestNGProvider.invoke(TestNGProvider.java:114)
	at org.apache.maven.surefire.booter.ForkedBooter.invokeProviderInSameClassLoader(ForkedBooter.java:286)
	at org.apache.maven.surefire.booter.ForkedBooter.runSuitesInProcess(ForkedBooter.java:240)
	at org.apache.maven.surefire.booter.ForkedBooter.main(ForkedBooter.java:121)
Caused by: java.lang.NullPointerException
	at com.generic.Utilities.dpString(Utilities.java:504)
	... 28 more
]]>
            </full-stacktrace>
          </exception> <!-- java.lang.RuntimeException -->
          <reporter-output>
            <line>
              <![CDATA[<a href=C:\Users\Dilip\git\InwardRemittance/target/surefire-reports/ScreenShot/FCC_CGIRM0023verifyInwardRemittanceSwiftDetails	arget="_blank">Screenshot link</a>]]>
            </line>
            <line>
              <![CDATA[<br>]]>
            </line>
            <line>
              <![CDATA[<a href="C:\Users\Dilip\git\InwardRemittance/target/surefire-reports/ScreenShot/FCC_CGIRM0023verifyInwardRemittanceSwiftDetails" target="_blank"><img hight=200 width=200 src="C:\Users\Dilip\git\InwardRemittance/target/surefire-reports/ScreenShot/FCC_CGIRM0023verifyInwardRemittanceSwiftDetails"></a>]]>
            </line>
            <line>
              <![CDATA[Capturing Screenshot for the Failed test -- TCID_FCCCGIRM031verifyPullBackMenuOptionsInFTI]]>
            </line>
          </reporter-output>
        </test-method> <!-- TCID_FCCCGIRM031verifyPullBackMenuOptionsInFTI -->
        <test-method status="PASS" signature="redirect_Me_To_HomePage_On_FCC_Application(java.lang.reflect.Method)[pri:0, instance:com.Script.kotak.fcc.product.InwardRemittanceTest@305289b3]" name="redirect_Me_To_HomePage_On_FCC_Application" is-config="true" duration-ms="5031" started-at="2022-09-22T00:32:25Z" finished-at="2022-09-22T00:32:30Z">
          <params>
            <param index="0">
              <value>
                <![CDATA[public void com.Script.kotak.fcc.product.InwardRemittanceTest.TCID_FCCCGIRM032verifyPullBackEnquirySubmenuInFTI()]]>
              </value>
            </param>
          </params>
          <reporter-output>
          </reporter-output>
        </test-method> <!-- redirect_Me_To_HomePage_On_FCC_Application -->
        <test-method status="FAIL" signature="TCID_FCCCGIRM032verifyPullBackEnquirySubmenuInFTI()[pri:17, instance:com.Script.kotak.fcc.product.InwardRemittanceTest@305289b3]" name="TCID_FCCCGIRM032verifyPullBackEnquirySubmenuInFTI" duration-ms="4" started-at="2022-09-22T00:32:30Z" finished-at="2022-09-22T00:32:30Z">
          <exception class="java.lang.RuntimeException">
            <message>
              <![CDATA[java.lang.NullPointerException]]>
            </message>
            <full-stacktrace>
              <![CDATA[java.lang.RuntimeException: java.lang.NullPointerException
	at com.generic.Utilities.dpString(Utilities.java:515)
	at com.Script.kotak.fcc.product.InwardRemittanceTest.TCID_FCCCGIRM032verifyPullBackEnquirySubmenuInFTI(InwardRemittanceTest.java:327)
	at sun.reflect.NativeMethodAccessorImpl.invoke0(Native Method)
	at sun.reflect.NativeMethodAccessorImpl.invoke(NativeMethodAccessorImpl.java:62)
	at sun.reflect.DelegatingMethodAccessorImpl.invoke(DelegatingMethodAccessorImpl.java:43)
	at java.lang.reflect.Method.invoke(Method.java:498)
	at org.testng.internal.MethodInvocationHelper.invokeMethod(MethodInvocationHelper.java:86)
	at org.testng.internal.Invoker.invokeMethod(Invoker.java:643)
	at org.testng.internal.Invoker.invokeTestMethod(Invoker.java:820)
	at org.testng.internal.Invoker.invokeTestMethods(Invoker.java:1128)
	at org.testng.internal.TestMethodWorker.invokeTestMethods(TestMethodWorker.java:129)
	at org.testng.internal.TestMethodWorker.run(TestMethodWorker.java:112)
	at org.testng.TestRunner.privateRun(TestRunner.java:782)
	at org.testng.TestRunner.run(TestRunner.java:632)
	at org.testng.SuiteRunner.runTest(SuiteRunner.java:366)
	at org.testng.SuiteRunner.runSequentially(SuiteRunner.java:361)
	at org.testng.SuiteRunner.privateRun(SuiteRunner.java:319)
	at org.testng.SuiteRunner.run(SuiteRunner.java:268)
	at org.testng.SuiteRunnerWorker.runSuite(SuiteRunnerWorker.java:52)
	at org.testng.SuiteRunnerWorker.run(SuiteRunnerWorker.java:86)
	at org.testng.TestNG.runSuitesSequentially(TestNG.java:1244)
	at org.testng.TestNG.runSuitesLocally(TestNG.java:1169)
	at org.testng.TestNG.run(TestNG.java:1064)
	at org.apache.maven.surefire.testng.TestNGExecutor.run(TestNGExecutor.java:282)
	at org.apache.maven.surefire.testng.TestNGXmlTestSuite.execute(TestNGXmlTestSuite.java:83)
	at org.apache.maven.surefire.testng.TestNGProvider.invoke(TestNGProvider.java:114)
	at org.apache.maven.surefire.booter.ForkedBooter.invokeProviderInSameClassLoader(ForkedBooter.java:286)
	at org.apache.maven.surefire.booter.ForkedBooter.runSuitesInProcess(ForkedBooter.java:240)
	at org.apache.maven.surefire.booter.ForkedBooter.main(ForkedBooter.java:121)
Caused by: java.lang.NullPointerException
	at com.generic.Utilities.dpString(Utilities.java:504)
	... 28 more
]]>
            </full-stacktrace>
          </exception> <!-- java.lang.RuntimeException -->
          <reporter-output>
            <line>
              <![CDATA[<a href=C:\Users\Dilip\git\InwardRemittance/target/surefire-reports/ScreenShot/FCC_CGIRM0023verifyInwardRemittanceSwiftDetails	arget="_blank">Screenshot link</a>]]>
            </line>
            <line>
              <![CDATA[<br>]]>
            </line>
            <line>
              <![CDATA[<a href="C:\Users\Dilip\git\InwardRemittance/target/surefire-reports/ScreenShot/FCC_CGIRM0023verifyInwardRemittanceSwiftDetails" target="_blank"><img hight=200 width=200 src="C:\Users\Dilip\git\InwardRemittance/target/surefire-reports/ScreenShot/FCC_CGIRM0023verifyInwardRemittanceSwiftDetails"></a>]]>
            </line>
            <line>
              <![CDATA[Capturing Screenshot for the Failed test -- TCID_FCCCGIRM032verifyPullBackEnquirySubmenuInFTI]]>
            </line>
          </reporter-output>
        </test-method> <!-- TCID_FCCCGIRM032verifyPullBackEnquirySubmenuInFTI -->
        <test-method status="PASS" signature="redirect_Me_To_HomePage_On_FCC_Application(java.lang.reflect.Method)[pri:0, instance:com.Script.kotak.fcc.product.InwardRemittanceTest@305289b3]" name="redirect_Me_To_HomePage_On_FCC_Application" is-config="true" duration-ms="5030" started-at="2022-09-22T00:32:30Z" finished-at="2022-09-22T00:32:35Z">
          <params>
            <param index="0">
              <value>
                <![CDATA[public void com.Script.kotak.fcc.product.InwardRemittanceTest.TCID_FCCCGIRM033verifyFunctionalityOfPullBackFCCSubmenu()]]>
              </value>
            </param>
          </params>
          <reporter-output>
          </reporter-output>
        </test-method> <!-- redirect_Me_To_HomePage_On_FCC_Application -->
        <test-method status="FAIL" signature="TCID_FCCCGIRM033verifyFunctionalityOfPullBackFCCSubmenu()[pri:19, instance:com.Script.kotak.fcc.product.InwardRemittanceTest@305289b3]" name="TCID_FCCCGIRM033verifyFunctionalityOfPullBackFCCSubmenu" duration-ms="3" started-at="2022-09-22T00:32:35Z" finished-at="2022-09-22T00:32:35Z">
          <exception class="java.lang.RuntimeException">
            <message>
              <![CDATA[java.lang.NullPointerException]]>
            </message>
            <full-stacktrace>
              <![CDATA[java.lang.RuntimeException: java.lang.NullPointerException
	at com.generic.Utilities.dpString(Utilities.java:515)
	at com.Script.kotak.fcc.product.InwardRemittanceTest.TCID_FCCCGIRM033verifyFunctionalityOfPullBackFCCSubmenu(InwardRemittanceTest.java:345)
	at sun.reflect.NativeMethodAccessorImpl.invoke0(Native Method)
	at sun.reflect.NativeMethodAccessorImpl.invoke(NativeMethodAccessorImpl.java:62)
	at sun.reflect.DelegatingMethodAccessorImpl.invoke(DelegatingMethodAccessorImpl.java:43)
	at java.lang.reflect.Method.invoke(Method.java:498)
	at org.testng.internal.MethodInvocationHelper.invokeMethod(MethodInvocationHelper.java:86)
	at org.testng.internal.Invoker.invokeMethod(Invoker.java:643)
	at org.testng.internal.Invoker.invokeTestMethod(Invoker.java:820)
	at org.testng.internal.Invoker.invokeTestMethods(Invoker.java:1128)
	at org.testng.internal.TestMethodWorker.invokeTestMethods(TestMethodWorker.java:129)
	at org.testng.internal.TestMethodWorker.run(TestMethodWorker.java:112)
	at org.testng.TestRunner.privateRun(TestRunner.java:782)
	at org.testng.TestRunner.run(TestRunner.java:632)
	at org.testng.SuiteRunner.runTest(SuiteRunner.java:366)
	at org.testng.SuiteRunner.runSequentially(SuiteRunner.java:361)
	at org.testng.SuiteRunner.privateRun(SuiteRunner.java:319)
	at org.testng.SuiteRunner.run(SuiteRunner.java:268)
	at org.testng.SuiteRunnerWorker.runSuite(SuiteRunnerWorker.java:52)
	at org.testng.SuiteRunnerWorker.run(SuiteRunnerWorker.java:86)
	at org.testng.TestNG.runSuitesSequentially(TestNG.java:1244)
	at org.testng.TestNG.runSuitesLocally(TestNG.java:1169)
	at org.testng.TestNG.run(TestNG.java:1064)
	at org.apache.maven.surefire.testng.TestNGExecutor.run(TestNGExecutor.java:282)
	at org.apache.maven.surefire.testng.TestNGXmlTestSuite.execute(TestNGXmlTestSuite.java:83)
	at org.apache.maven.surefire.testng.TestNGProvider.invoke(TestNGProvider.java:114)
	at org.apache.maven.surefire.booter.ForkedBooter.invokeProviderInSameClassLoader(ForkedBooter.java:286)
	at org.apache.maven.surefire.booter.ForkedBooter.runSuitesInProcess(ForkedBooter.java:240)
	at org.apache.maven.surefire.booter.ForkedBooter.main(ForkedBooter.java:121)
Caused by: java.lang.NullPointerException
	at com.generic.Utilities.dpString(Utilities.java:504)
	... 28 more
]]>
            </full-stacktrace>
          </exception> <!-- java.lang.RuntimeException -->
          <reporter-output>
            <line>
              <![CDATA[<a href=C:\Users\Dilip\git\InwardRemittance/target/surefire-reports/ScreenShot/FCC_CGIRM0023verifyInwardRemittanceSwiftDetails	arget="_blank">Screenshot link</a>]]>
            </line>
            <line>
              <![CDATA[<br>]]>
            </line>
            <line>
              <![CDATA[<a href="C:\Users\Dilip\git\InwardRemittance/target/surefire-reports/ScreenShot/FCC_CGIRM0023verifyInwardRemittanceSwiftDetails" target="_blank"><img hight=200 width=200 src="C:\Users\Dilip\git\InwardRemittance/target/surefire-reports/ScreenShot/FCC_CGIRM0023verifyInwardRemittanceSwiftDetails"></a>]]>
            </line>
            <line>
              <![CDATA[Capturing Screenshot for the Failed test -- TCID_FCCCGIRM033verifyFunctionalityOfPullBackFCCSubmenu]]>
            </line>
          </reporter-output>
        </test-method> <!-- TCID_FCCCGIRM033verifyFunctionalityOfPullBackFCCSubmenu -->
        <test-method status="PASS" signature="tearDownEnvironment()[pri:0, instance:com.Script.kotak.fcc.product.InwardRemittanceTest@305289b3]" name="tearDownEnvironment" is-config="true" duration-ms="14128" started-at="2022-09-22T00:32:35Z" finished-at="2022-09-22T00:32:50Z">
          <reporter-output>
          </reporter-output>
        </test-method> <!-- tearDownEnvironment -->
      </class> <!-- com.Script.kotak.fcc.product.InwardRemittanceTest -->
    </test> <!-- SMOKE TEST SUITE -->
  </suite> <!-- Kotak InwardRemittance -->
</testng-results>
