<?xml version="1.0" encoding="utf-8" ?>
<!DOCTYPE html PUBLIC "-//W3C//DTD XHTML 1.0 Strict//EN"
        "http://www.w3.org/TR/xhtml1/DTD/xhtml1-strict.dtd">
<html xmlns="http://www.w3.org/1999/xhtml" xml:lang="" lang="">
<head>
  <title>Test Results Report - SMOKE TEST SUITE</title>
  <meta http-equiv="Content-Type" content="text/html;charset=utf-8" />
  <meta name="description" content="TestNG unit test results." />
  <link href="reportng.css" rel="stylesheet" type="text/css" />
    <script type="text/javascript" src="reportng.js"></script>
</head>
<body>
<h1>SMOKE TEST SUITE</h1>
<p>
  Test duration: 354.524s
</p>



  <table class="resultsTable">
    <tr><th colspan="3" class="header failed">Failed Tests</th></tr>
          <tr>
        <td colspan="3" class="group">com.Script.kotak.fcc.product.InwardRemittanceTest</td>
      </tr>
            
<tr>
  <td class="method">
                  TCID_FCC_CG_IRM_0008_VerifySearchCriteriaTransactions
      </td>
  <td class="duration">
    48.727s
  </td>
  <td class="result">
        
    
            <div class="testOutput">
                        Step Description--> Click Inward Remittance
                                Step Description--> Click DI Inward Remittance
                                Step Description--> clickFTInquiry
                                Step Description--> click Filter Button
                                Step Description--> check Portal RefId Displayed
                                Step Description--> check Customer Reference Displayed
                                <a href=C:\Users\Dilip\git\InwardRemittance/target/surefire-reports/ScreenShot/TCID_FCC_CG_IRM_0008_VerifySearchCriteriaTransactions	arget="_blank">Screenshot link</a>
                                <br>
                                <a href="C:\Users\Dilip\git\InwardRemittance/target/surefire-reports/ScreenShot/TCID_FCC_CG_IRM_0008_VerifySearchCriteriaTransactions" target="_blank"><img hight=200 width=200 src="C:\Users\Dilip\git\InwardRemittance/target/surefire-reports/ScreenShot/TCID_FCC_CG_IRM_0008_VerifySearchCriteriaTransactions"></a>
                                Capturing Screenshot for the Failed test -- TCID_FCC_CG_IRM_0008_VerifySearchCriteriaTransactions
                  </div>
    

        <a href="javascript:toggleElement('exception-0', 'block')" title="Click to expand/collapse"><b>java.lang.AssertionError: expected [true] but found [false]</b></a><br />
    <div class="stackTrace" id="exception-0">
              org.testng.Assert.fail(Assert.java:94)<br />
              org.testng.Assert.failNotEquals(Assert.java:513)<br />
              org.testng.Assert.assertTrue(Assert.java:42)<br />
              org.testng.Assert.assertTrue(Assert.java:52)<br />
              com.generic.Utilities.addAssertTakeScreenShot(Utilities.java:399)<br />
              com.generic.Utilities.logReporter(Utilities.java:341)<br />
              com.kotak.fcc.product.InwardRemittance.IR.checkCustomerReferenceDisplayed(IR.java:126)<br />
              com.kotak.fcc.product.InwardRemittance.IR.verifySearchCriteriaTransactions(IR.java:168)<br />
              com.Script.kotak.fcc.product.InwardRemittanceTest.TCID_FCC_CG_IRM_0008_VerifySearchCriteriaTransactions(InwardRemittanceTest.java:104)<br />
              sun.reflect.NativeMethodAccessorImpl.invoke0(Native Method)<br />
              sun.reflect.NativeMethodAccessorImpl.invoke(NativeMethodAccessorImpl.java:62)<br />
              sun.reflect.DelegatingMethodAccessorImpl.invoke(DelegatingMethodAccessorImpl.java:43)<br />
              java.lang.reflect.Method.invoke(Method.java:498)<br />
              org.testng.internal.MethodInvocationHelper.invokeMethod(MethodInvocationHelper.java:86)<br />
              org.testng.internal.Invoker.invokeMethod(Invoker.java:643)<br />
              org.testng.internal.Invoker.invokeTestMethod(Invoker.java:820)<br />
              org.testng.internal.Invoker.invokeTestMethods(Invoker.java:1128)<br />
              org.testng.internal.TestMethodWorker.invokeTestMethods(TestMethodWorker.java:129)<br />
              org.testng.internal.TestMethodWorker.run(TestMethodWorker.java:112)<br />
              org.testng.TestRunner.privateRun(TestRunner.java:782)<br />
              org.testng.TestRunner.run(TestRunner.java:632)<br />
              org.testng.SuiteRunner.runTest(SuiteRunner.java:366)<br />
              org.testng.SuiteRunner.runSequentially(SuiteRunner.java:361)<br />
              org.testng.SuiteRunner.privateRun(SuiteRunner.java:319)<br />
              org.testng.SuiteRunner.run(SuiteRunner.java:268)<br />
              org.testng.SuiteRunnerWorker.runSuite(SuiteRunnerWorker.java:52)<br />
              org.testng.SuiteRunnerWorker.run(SuiteRunnerWorker.java:86)<br />
              org.testng.TestNG.runSuitesSequentially(TestNG.java:1244)<br />
              org.testng.TestNG.runSuitesLocally(TestNG.java:1169)<br />
              org.testng.TestNG.run(TestNG.java:1064)<br />
              org.apache.maven.surefire.testng.TestNGExecutor.run(TestNGExecutor.java:282)<br />
              org.apache.maven.surefire.testng.TestNGXmlTestSuite.execute(TestNGXmlTestSuite.java:83)<br />
              org.apache.maven.surefire.testng.TestNGProvider.invoke(TestNGProvider.java:114)<br />
              org.apache.maven.surefire.booter.ForkedBooter.invokeProviderInSameClassLoader(ForkedBooter.java:286)<br />
              org.apache.maven.surefire.booter.ForkedBooter.runSuitesInProcess(ForkedBooter.java:240)<br />
              org.apache.maven.surefire.booter.ForkedBooter.main(ForkedBooter.java:121)<br />
                </div>
      </td>
</tr>
<tr>
  <td class="method">
                  TCID_FCC_CG_IRM_031_verifyPullBackMenuOptionsInFTI
      </td>
  <td class="duration">
    22.482s
  </td>
  <td class="result">
        
    
            <div class="testOutput">
                        Step Description--> click Nostro Utility
                                <a href=C:\Users\Dilip\git\InwardRemittance/target/surefire-reports/ScreenShot/TCID_FCC_CG_IRM_031_verifyPullBackMenuOptionsInFTI	arget="_blank">Screenshot link</a>
                                <br>
                                <a href="C:\Users\Dilip\git\InwardRemittance/target/surefire-reports/ScreenShot/TCID_FCC_CG_IRM_031_verifyPullBackMenuOptionsInFTI" target="_blank"><img hight=200 width=200 src="C:\Users\Dilip\git\InwardRemittance/target/surefire-reports/ScreenShot/TCID_FCC_CG_IRM_031_verifyPullBackMenuOptionsInFTI"></a>
                                Capturing Screenshot for the Failed test -- TCID_FCC_CG_IRM_031_verifyPullBackMenuOptionsInFTI
                  </div>
    

        <a href="javascript:toggleElement('exception-1', 'block')" title="Click to expand/collapse"><b>java.lang.AssertionError: expected [true] but found [false]</b></a><br />
    <div class="stackTrace" id="exception-1">
              org.testng.Assert.fail(Assert.java:94)<br />
              org.testng.Assert.failNotEquals(Assert.java:513)<br />
              org.testng.Assert.assertTrue(Assert.java:42)<br />
              org.testng.Assert.assertTrue(Assert.java:52)<br />
              com.generic.Utilities.addAssertTakeScreenShot(Utilities.java:399)<br />
              com.generic.Utilities.logReporter(Utilities.java:341)<br />
              com.kotak.fcc.product.InwardRemittance.FTI.clickNostroUtility(FTI.java:121)<br />
              com.Script.kotak.fcc.product.InwardRemittanceTest.TCID_FCC_CG_IRM_031_verifyPullBackMenuOptionsInFTI(InwardRemittanceTest.java:195)<br />
              sun.reflect.NativeMethodAccessorImpl.invoke0(Native Method)<br />
              sun.reflect.NativeMethodAccessorImpl.invoke(NativeMethodAccessorImpl.java:62)<br />
              sun.reflect.DelegatingMethodAccessorImpl.invoke(DelegatingMethodAccessorImpl.java:43)<br />
              java.lang.reflect.Method.invoke(Method.java:498)<br />
              org.testng.internal.MethodInvocationHelper.invokeMethod(MethodInvocationHelper.java:86)<br />
              org.testng.internal.Invoker.invokeMethod(Invoker.java:643)<br />
              org.testng.internal.Invoker.invokeTestMethod(Invoker.java:820)<br />
              org.testng.internal.Invoker.invokeTestMethods(Invoker.java:1128)<br />
              org.testng.internal.TestMethodWorker.invokeTestMethods(TestMethodWorker.java:129)<br />
              org.testng.internal.TestMethodWorker.run(TestMethodWorker.java:112)<br />
              org.testng.TestRunner.privateRun(TestRunner.java:782)<br />
              org.testng.TestRunner.run(TestRunner.java:632)<br />
              org.testng.SuiteRunner.runTest(SuiteRunner.java:366)<br />
              org.testng.SuiteRunner.runSequentially(SuiteRunner.java:361)<br />
              org.testng.SuiteRunner.privateRun(SuiteRunner.java:319)<br />
              org.testng.SuiteRunner.run(SuiteRunner.java:268)<br />
              org.testng.SuiteRunnerWorker.runSuite(SuiteRunnerWorker.java:52)<br />
              org.testng.SuiteRunnerWorker.run(SuiteRunnerWorker.java:86)<br />
              org.testng.TestNG.runSuitesSequentially(TestNG.java:1244)<br />
              org.testng.TestNG.runSuitesLocally(TestNG.java:1169)<br />
              org.testng.TestNG.run(TestNG.java:1064)<br />
              org.apache.maven.surefire.testng.TestNGExecutor.run(TestNGExecutor.java:282)<br />
              org.apache.maven.surefire.testng.TestNGXmlTestSuite.execute(TestNGXmlTestSuite.java:83)<br />
              org.apache.maven.surefire.testng.TestNGProvider.invoke(TestNGProvider.java:114)<br />
              org.apache.maven.surefire.booter.ForkedBooter.invokeProviderInSameClassLoader(ForkedBooter.java:286)<br />
              org.apache.maven.surefire.booter.ForkedBooter.runSuitesInProcess(ForkedBooter.java:240)<br />
              org.apache.maven.surefire.booter.ForkedBooter.main(ForkedBooter.java:121)<br />
                </div>
      </td>
</tr>
<tr>
  <td class="method">
                  TCID_FCC_CG_IRM_032_verifyPullBackEnquirySubmenuInFTI
      </td>
  <td class="duration">
    22.560s
  </td>
  <td class="result">
        
    
            <div class="testOutput">
                        Step Description--> click Nostro Utility
                                <a href=C:\Users\Dilip\git\InwardRemittance/target/surefire-reports/ScreenShot/TCID_FCC_CG_IRM_032_verifyPullBackEnquirySubmenuInFTI	arget="_blank">Screenshot link</a>
                                <br>
                                <a href="C:\Users\Dilip\git\InwardRemittance/target/surefire-reports/ScreenShot/TCID_FCC_CG_IRM_032_verifyPullBackEnquirySubmenuInFTI" target="_blank"><img hight=200 width=200 src="C:\Users\Dilip\git\InwardRemittance/target/surefire-reports/ScreenShot/TCID_FCC_CG_IRM_032_verifyPullBackEnquirySubmenuInFTI"></a>
                                Capturing Screenshot for the Failed test -- TCID_FCC_CG_IRM_032_verifyPullBackEnquirySubmenuInFTI
                  </div>
    

        <a href="javascript:toggleElement('exception-2', 'block')" title="Click to expand/collapse"><b>java.lang.AssertionError: expected [true] but found [false]</b></a><br />
    <div class="stackTrace" id="exception-2">
              org.testng.Assert.fail(Assert.java:94)<br />
              org.testng.Assert.failNotEquals(Assert.java:513)<br />
              org.testng.Assert.assertTrue(Assert.java:42)<br />
              org.testng.Assert.assertTrue(Assert.java:52)<br />
              com.generic.Utilities.addAssertTakeScreenShot(Utilities.java:399)<br />
              com.generic.Utilities.logReporter(Utilities.java:341)<br />
              com.kotak.fcc.product.InwardRemittance.FTI.clickNostroUtility(FTI.java:121)<br />
              com.Script.kotak.fcc.product.InwardRemittanceTest.TCID_FCC_CG_IRM_032_verifyPullBackEnquirySubmenuInFTI(InwardRemittanceTest.java:209)<br />
              sun.reflect.NativeMethodAccessorImpl.invoke0(Native Method)<br />
              sun.reflect.NativeMethodAccessorImpl.invoke(NativeMethodAccessorImpl.java:62)<br />
              sun.reflect.DelegatingMethodAccessorImpl.invoke(DelegatingMethodAccessorImpl.java:43)<br />
              java.lang.reflect.Method.invoke(Method.java:498)<br />
              org.testng.internal.MethodInvocationHelper.invokeMethod(MethodInvocationHelper.java:86)<br />
              org.testng.internal.Invoker.invokeMethod(Invoker.java:643)<br />
              org.testng.internal.Invoker.invokeTestMethod(Invoker.java:820)<br />
              org.testng.internal.Invoker.invokeTestMethods(Invoker.java:1128)<br />
              org.testng.internal.TestMethodWorker.invokeTestMethods(TestMethodWorker.java:129)<br />
              org.testng.internal.TestMethodWorker.run(TestMethodWorker.java:112)<br />
              org.testng.TestRunner.privateRun(TestRunner.java:782)<br />
              org.testng.TestRunner.run(TestRunner.java:632)<br />
              org.testng.SuiteRunner.runTest(SuiteRunner.java:366)<br />
              org.testng.SuiteRunner.runSequentially(SuiteRunner.java:361)<br />
              org.testng.SuiteRunner.privateRun(SuiteRunner.java:319)<br />
              org.testng.SuiteRunner.run(SuiteRunner.java:268)<br />
              org.testng.SuiteRunnerWorker.runSuite(SuiteRunnerWorker.java:52)<br />
              org.testng.SuiteRunnerWorker.run(SuiteRunnerWorker.java:86)<br />
              org.testng.TestNG.runSuitesSequentially(TestNG.java:1244)<br />
              org.testng.TestNG.runSuitesLocally(TestNG.java:1169)<br />
              org.testng.TestNG.run(TestNG.java:1064)<br />
              org.apache.maven.surefire.testng.TestNGExecutor.run(TestNGExecutor.java:282)<br />
              org.apache.maven.surefire.testng.TestNGXmlTestSuite.execute(TestNGXmlTestSuite.java:83)<br />
              org.apache.maven.surefire.testng.TestNGProvider.invoke(TestNGProvider.java:114)<br />
              org.apache.maven.surefire.booter.ForkedBooter.invokeProviderInSameClassLoader(ForkedBooter.java:286)<br />
              org.apache.maven.surefire.booter.ForkedBooter.runSuitesInProcess(ForkedBooter.java:240)<br />
              org.apache.maven.surefire.booter.ForkedBooter.main(ForkedBooter.java:121)<br />
                </div>
      </td>
</tr>
<tr>
  <td class="method">
                  TCID_FCC_CG_IRM_033_verifyFunctionalityOfPullBackFCCSubmenu
      </td>
  <td class="duration">
    23.081s
  </td>
  <td class="result">
        
    
            <div class="testOutput">
                        Step Description--> click Nostro Utility
                                <a href=C:\Users\Dilip\git\InwardRemittance/target/surefire-reports/ScreenShot/TCID_FCC_CG_IRM_033_verifyFunctionalityOfPullBackFCCSubmenu	arget="_blank">Screenshot link</a>
                                <br>
                                <a href="C:\Users\Dilip\git\InwardRemittance/target/surefire-reports/ScreenShot/TCID_FCC_CG_IRM_033_verifyFunctionalityOfPullBackFCCSubmenu" target="_blank"><img hight=200 width=200 src="C:\Users\Dilip\git\InwardRemittance/target/surefire-reports/ScreenShot/TCID_FCC_CG_IRM_033_verifyFunctionalityOfPullBackFCCSubmenu"></a>
                                Capturing Screenshot for the Failed test -- TCID_FCC_CG_IRM_033_verifyFunctionalityOfPullBackFCCSubmenu
                  </div>
    

        <a href="javascript:toggleElement('exception-3', 'block')" title="Click to expand/collapse"><b>java.lang.AssertionError: expected [true] but found [false]</b></a><br />
    <div class="stackTrace" id="exception-3">
              org.testng.Assert.fail(Assert.java:94)<br />
              org.testng.Assert.failNotEquals(Assert.java:513)<br />
              org.testng.Assert.assertTrue(Assert.java:42)<br />
              org.testng.Assert.assertTrue(Assert.java:52)<br />
              com.generic.Utilities.addAssertTakeScreenShot(Utilities.java:399)<br />
              com.generic.Utilities.logReporter(Utilities.java:341)<br />
              com.kotak.fcc.product.InwardRemittance.FTI.clickNostroUtility(FTI.java:121)<br />
              com.Script.kotak.fcc.product.InwardRemittanceTest.TCID_FCC_CG_IRM_033_verifyFunctionalityOfPullBackFCCSubmenu(InwardRemittanceTest.java:227)<br />
              sun.reflect.NativeMethodAccessorImpl.invoke0(Native Method)<br />
              sun.reflect.NativeMethodAccessorImpl.invoke(NativeMethodAccessorImpl.java:62)<br />
              sun.reflect.DelegatingMethodAccessorImpl.invoke(DelegatingMethodAccessorImpl.java:43)<br />
              java.lang.reflect.Method.invoke(Method.java:498)<br />
              org.testng.internal.MethodInvocationHelper.invokeMethod(MethodInvocationHelper.java:86)<br />
              org.testng.internal.Invoker.invokeMethod(Invoker.java:643)<br />
              org.testng.internal.Invoker.invokeTestMethod(Invoker.java:820)<br />
              org.testng.internal.Invoker.invokeTestMethods(Invoker.java:1128)<br />
              org.testng.internal.TestMethodWorker.invokeTestMethods(TestMethodWorker.java:129)<br />
              org.testng.internal.TestMethodWorker.run(TestMethodWorker.java:112)<br />
              org.testng.TestRunner.privateRun(TestRunner.java:782)<br />
              org.testng.TestRunner.run(TestRunner.java:632)<br />
              org.testng.SuiteRunner.runTest(SuiteRunner.java:366)<br />
              org.testng.SuiteRunner.runSequentially(SuiteRunner.java:361)<br />
              org.testng.SuiteRunner.privateRun(SuiteRunner.java:319)<br />
              org.testng.SuiteRunner.run(SuiteRunner.java:268)<br />
              org.testng.SuiteRunnerWorker.runSuite(SuiteRunnerWorker.java:52)<br />
              org.testng.SuiteRunnerWorker.run(SuiteRunnerWorker.java:86)<br />
              org.testng.TestNG.runSuitesSequentially(TestNG.java:1244)<br />
              org.testng.TestNG.runSuitesLocally(TestNG.java:1169)<br />
              org.testng.TestNG.run(TestNG.java:1064)<br />
              org.apache.maven.surefire.testng.TestNGExecutor.run(TestNGExecutor.java:282)<br />
              org.apache.maven.surefire.testng.TestNGXmlTestSuite.execute(TestNGXmlTestSuite.java:83)<br />
              org.apache.maven.surefire.testng.TestNGProvider.invoke(TestNGProvider.java:114)<br />
              org.apache.maven.surefire.booter.ForkedBooter.invokeProviderInSameClassLoader(ForkedBooter.java:286)<br />
              org.apache.maven.surefire.booter.ForkedBooter.runSuitesInProcess(ForkedBooter.java:240)<br />
              org.apache.maven.surefire.booter.ForkedBooter.main(ForkedBooter.java:121)<br />
                </div>
      </td>
</tr>
      </table>


  <table class="resultsTable">
    <tr><th colspan="3" class="header passed">Passed Tests</th></tr>
          <tr>
        <td colspan="3" class="group">com.Script.kotak.fcc.product.InwardRemittanceTest</td>
      </tr>
            
<tr>
  <td class="method">
                  TCID_FCC_CG_IRM_0010_VerifyMenuOptionsAvailable
      </td>
  <td class="duration">
    7.621s
  </td>
  <td class="result">
        
    
            <div class="testOutput">
                        Step Description--> Click Inward Remittance
                                Step Description--> Click DI Inward Remittance
                                Step Description--> check DI Inward Remittance Displayed
                  </div>
    

      </td>
</tr>
<tr>
  <td class="method">
                  TCID_FCC_CG_IRM_0011_VerifyTransactionsReceivedFromNostroUtility
      </td>
  <td class="duration">
    10.335s
  </td>
  <td class="result">
        
    
            <div class="testOutput">
                        Step Description--> Click Inward Remittance
                                Step Description--> Click DI Inward Remittance
                                Step Description--> click Edit Transactions
                                Step Description--> check Transactions Received From Nostro Utility Displayed
                  </div>
    

      </td>
</tr>
<tr>
  <td class="method">
                  TCID_FCC_CG_IRM_001_MessageToBank_MenuOptions_Verification
      </td>
  <td class="duration">
    90.918s
  </td>
  <td class="result">
        
    
            <div class="testOutput">
                        Step Description--> open new URL 
                                Step Description--> Open AUT URL -----> https://nbuat.kotak.com/knb2/
                                Step Description--> Set user name|| Input Value : 105360700
                                Step Description--> Click 'Next' button
                                Step Description--> Set password|| Input Value : Quality123
                                Step Description--> Click 'SecureLogin' button
                                Step Description--> Verify user login is successfull by using page title || Expected Result : Kotak Net Banking || Actual Result : Kotak Net Banking
                                Step Description--> Click 'Trade Link' 
                                Step Description--> Click 'Trade Link' 
                                Step Description--> Click Inward Remittance
                                Step Description--> Click DI Inward Remittance
                                Step Description--> check Edit Transactions Displayed
                                Step Description--> check Review Displayed
                  </div>
    

      </td>
</tr>
<tr>
  <td class="method">
                  TCID_FCC_CG_IRM_0025_verifyAuditDetailsForInwardRemittanceTransaction
      </td>
  <td class="duration">
    15.349s
  </td>
  <td class="result">
        
    
            <div class="testOutput">
                        Step Description--> Click Inward Remittance
                                Step Description--> Click DI Inward Remittance
                                Step Description--> click On Details
                                Step Description--> click On Transction Button
                  </div>
    

      </td>
</tr>
<tr>
  <td class="method">
                  TCID_FCC_CG_IRM_0026_verifyAuditDetailsForRemittanceCreditTransaction
      </td>
  <td class="duration">
    11.333s
  </td>
  <td class="result">
        
    
            <div class="testOutput">
                        Step Description--> Click Inward Remittance
                                Step Description--> Click DI Inward Remittance
                                Step Description--> click On Details
                                Step Description--> click On Transction Button
                  </div>
    

      </td>
</tr>
<tr>
  <td class="method">
                  TCID_FCC_CG_IRM_0034_verifyTransactionCopyValidation
      </td>
  <td class="duration">
    21.339s
  </td>
  <td class="result">
        
    
            <div class="testOutput">
                        Step Description--> Click Inward Remittance
                                Step Description--> Click DI Inward Remittance
                                Step Description--> click On View
                                Step Description--> click On Download
                                Step Description--> Click Inward Remittance
                                Step Description--> Click DI Inward Remittance
                  </div>
    

      </td>
</tr>
      </table>
  
</body>
</html>
