<html>
<head>
<title>TestNG:  SMOKE TEST SUITE</title>
<link href="../testng.css" rel="stylesheet" type="text/css" />
<link href="../my-testng.css" rel="stylesheet" type="text/css" />

<style type="text/css">
.log { display: none;} 
.stack-trace { display: none;} 
</style>
<script type="text/javascript">
<!--
function flip(e) {
  current = e.style.display;
  if (current == 'block') {
    e.style.display = 'none';
    return 0;
  }
  else {
    e.style.display = 'block';
    return 1;
  }
}

function toggleBox(szDivId, elem, msg1, msg2)
{
  var res = -1;  if (document.getElementById) {
    res = flip(document.getElementById(szDivId));
  }
  else if (document.all) {
    // this is the way old msie versions work
    res = flip(document.all[szDivId]);
  }
  if(elem) {
    if(res == 0) elem.innerHTML = msg1; else elem.innerHTML = msg2;
  }

}

function toggleAllBoxes() {
  if (document.getElementsByTagName) {
    d = document.getElementsByTagName('div');
    for (i = 0; i < d.length; i++) {
      if (d[i].className == 'log') {
        flip(d[i]);
      }
    }
  }
}

// -->
</script>

</head>
<body>
<h2 align='center'>SMOKE TEST SUITE</h2><table border='1' align="center">
<tr>
<td>Tests passed/Failed/Skipped:</td><td>8/7/0</td>
</tr><tr>
<td>Started on:</td><td>Thu Sep 22 00:24:48 IST 2022</td>
</tr>
<tr><td>Total time:</td><td>481 seconds (481772 ms)</td>
</tr><tr>
<td>Included groups:</td><td></td>
</tr><tr>
<td>Excluded groups:</td><td></td>
</tr>
</table><p/>
<small><i>(Hover the method name to see the test class name)</i></small><p/>
<table width='100%' border='1' class='invocation-failed'>
<tr><td colspan='4' align='center'><b>FAILED TESTS</b></td></tr>
<tr><td><b>Test method</b></td>
<td width="30%"><b>Exception</b></td>
<td width="10%"><b>Time (seconds)</b></td>
<td><b>Instance</b></td>
</tr>
<tr>
<td title='com.Script.kotak.fcc.product.InwardRemittanceTest.FCC_CGIRM0017verifySubProductDisposalInstructions()'><b>FCC_CGIRM0017verifySubProductDisposalInstructions</b><br>Test class: com.Script.kotak.fcc.product.InwardRemittanceTest<br/>
<a href="#Output-730606907" onClick='toggleBox("Output-730606907", this, "Show output", "Hide output");'>Show output</a>

<a href="#Output-730606907" onClick="toggleAllBoxes();">Show all outputs</a>
<div class='log' id="Output-730606907">
<a href=C:\Users\Dilip\git\InwardRemittance/target/surefire-reports/ScreenShot/FCC_CG_IRM_0034_verifyTransactionCopyValidation	arget="_blank">Screenshot link</a><br/>
<br><br/>
<a href="C:\Users\Dilip\git\InwardRemittance/target/surefire-reports/ScreenShot/FCC_CG_IRM_0034_verifyTransactionCopyValidation" target="_blank"><img hight=200 width=200 src="C:\Users\Dilip\git\InwardRemittance/target/surefire-reports/ScreenShot/FCC_CG_IRM_0034_verifyTransactionCopyValidation"></a><br/>
Capturing Screenshot for the Failed test -- FCC_CGIRM0017verifySubProductDisposalInstructions<br/>
</div>
</td>
<td><div><pre>java.lang.RuntimeException: java.lang.NullPointerException
	at com.generic.Utilities.dpString(Utilities.java:515)
	at com.Script.kotak.fcc.product.InwardRemittanceTest.FCC_CGIRM0017verifySubProductDisposalInstructions(InwardRemittanceTest.java:198)
Caused by: java.lang.NullPointerException
	at com.generic.Utilities.dpString(Utilities.java:504)
	... 28 more
... Removed 27 stack frames</pre></div><a href='#' onClick='toggleBox("stack-trace730606907", this, "Click to show all stack frames", "Click to hide stack frames")'>Click to show all stack frames</a>
<div class='stack-trace' id='stack-trace730606907'><pre>java.lang.RuntimeException: java.lang.NullPointerException
	at com.generic.Utilities.dpString(Utilities.java:515)
	at com.Script.kotak.fcc.product.InwardRemittanceTest.FCC_CGIRM0017verifySubProductDisposalInstructions(InwardRemittanceTest.java:198)
	at sun.reflect.NativeMethodAccessorImpl.invoke0(Native Method)
	at sun.reflect.NativeMethodAccessorImpl.invoke(NativeMethodAccessorImpl.java:62)
	at sun.reflect.DelegatingMethodAccessorImpl.invoke(DelegatingMethodAccessorImpl.java:43)
	at java.lang.reflect.Method.invoke(Method.java:498)
	at org.testng.internal.MethodInvocationHelper.invokeMethod(MethodInvocationHelper.java:86)
	at org.testng.internal.Invoker.invokeMethod(Invoker.java:643)
	at org.testng.internal.Invoker.invokeTestMethod(Invoker.java:820)
	at org.testng.internal.Invoker.invokeTestMethods(Invoker.java:1128)
	at org.testng.internal.TestMethodWorker.invokeTestMethods(TestMethodWorker.java:129)
	at org.testng.internal.TestMethodWorker.run(TestMethodWorker.java:112)
	at org.testng.TestRunner.privateRun(TestRunner.java:782)
	at org.testng.TestRunner.run(TestRunner.java:632)
	at org.testng.SuiteRunner.runTest(SuiteRunner.java:366)
	at org.testng.SuiteRunner.runSequentially(SuiteRunner.java:361)
	at org.testng.SuiteRunner.privateRun(SuiteRunner.java:319)
	at org.testng.SuiteRunner.run(SuiteRunner.java:268)
	at org.testng.SuiteRunnerWorker.runSuite(SuiteRunnerWorker.java:52)
	at org.testng.SuiteRunnerWorker.run(SuiteRunnerWorker.java:86)
	at org.testng.TestNG.runSuitesSequentially(TestNG.java:1244)
	at org.testng.TestNG.runSuitesLocally(TestNG.java:1169)
	at org.testng.TestNG.run(TestNG.java:1064)
	at org.apache.maven.surefire.testng.TestNGExecutor.run(TestNGExecutor.java:282)
	at org.apache.maven.surefire.testng.TestNGXmlTestSuite.execute(TestNGXmlTestSuite.java:83)
	at org.apache.maven.surefire.testng.TestNGProvider.invoke(TestNGProvider.java:114)
	at org.apache.maven.surefire.booter.ForkedBooter.invokeProviderInSameClassLoader(ForkedBooter.java:286)
	at org.apache.maven.surefire.booter.ForkedBooter.runSuitesInProcess(ForkedBooter.java:240)
	at org.apache.maven.surefire.booter.ForkedBooter.main(ForkedBooter.java:121)
Caused by: java.lang.NullPointerException
	at com.generic.Utilities.dpString(Utilities.java:504)
	... 28 more
</pre></div></td>
<td>0</td>
<td>com.Script.kotak.fcc.product.InwardRemittanceTest@305289b3</td></tr>
<tr>
<td title='com.Script.kotak.fcc.product.InwardRemittanceTest.FCC_CGIRM0021verifyFieldValidationPurposeTypeOtherReceiptMISCInwardRemittance()'><b>FCC_CGIRM0021verifyFieldValidationPurposeTypeOtherReceiptMISCInwardRemittance</b><br>Test class: com.Script.kotak.fcc.product.InwardRemittanceTest<br/>
<a href="#Output-1861072814" onClick='toggleBox("Output-1861072814", this, "Show output", "Hide output");'>Show output</a>

<a href="#Output-1861072814" onClick="toggleAllBoxes();">Show all outputs</a>
<div class='log' id="Output-1861072814">
Step Description--> click Edit Transactions<br/>
<a href=C:\Users\Dilip\git\InwardRemittance/target/surefire-reports/ScreenShot/FCC_CGIRM0021verifyFieldValidationPurposeTypeOtherReceiptMISCInwardRemittance	arget="_blank">Screenshot link</a><br/>
<br><br/>
<a href="C:\Users\Dilip\git\InwardRemittance/target/surefire-reports/ScreenShot/FCC_CGIRM0021verifyFieldValidationPurposeTypeOtherReceiptMISCInwardRemittance" target="_blank"><img hight=200 width=200 src="C:\Users\Dilip\git\InwardRemittance/target/surefire-reports/ScreenShot/FCC_CGIRM0021verifyFieldValidationPurposeTypeOtherReceiptMISCInwardRemittance"></a><br/>
Capturing Screenshot for the Failed test -- FCC_CGIRM0021verifyFieldValidationPurposeTypeOtherReceiptMISCInwardRemittance<br/>
</div>
</td>
<td><div><pre>java.lang.AssertionError: expected [true] but found [false]
	at com.generic.Utilities.addAssertTakeScreenShot(Utilities.java:399)
	at com.generic.Utilities.logReporter(Utilities.java:341)
	at com.kotak.fcc.product.InwardRemittance.IR.clickEditTransactions(IR.java:76)
	at com.Script.kotak.fcc.product.InwardRemittanceTest.FCC_CGIRM0021verifyFieldValidationPurposeTypeOtherReceiptMISCInwardRemittance(InwardRemittanceTest.java:278)
... Removed 31 stack frames</pre></div><a href='#' onClick='toggleBox("stack-trace1861072814", this, "Click to show all stack frames", "Click to hide stack frames")'>Click to show all stack frames</a>
<div class='stack-trace' id='stack-trace1861072814'><pre>java.lang.AssertionError: expected [true] but found [false]
	at org.testng.Assert.fail(Assert.java:94)
	at org.testng.Assert.failNotEquals(Assert.java:513)
	at org.testng.Assert.assertTrue(Assert.java:42)
	at org.testng.Assert.assertTrue(Assert.java:52)
	at com.generic.Utilities.addAssertTakeScreenShot(Utilities.java:399)
	at com.generic.Utilities.logReporter(Utilities.java:341)
	at com.kotak.fcc.product.InwardRemittance.IR.clickEditTransactions(IR.java:76)
	at com.Script.kotak.fcc.product.InwardRemittanceTest.FCC_CGIRM0021verifyFieldValidationPurposeTypeOtherReceiptMISCInwardRemittance(InwardRemittanceTest.java:278)
	at sun.reflect.NativeMethodAccessorImpl.invoke0(Native Method)
	at sun.reflect.NativeMethodAccessorImpl.invoke(NativeMethodAccessorImpl.java:62)
	at sun.reflect.DelegatingMethodAccessorImpl.invoke(DelegatingMethodAccessorImpl.java:43)
	at java.lang.reflect.Method.invoke(Method.java:498)
	at org.testng.internal.MethodInvocationHelper.invokeMethod(MethodInvocationHelper.java:86)
	at org.testng.internal.Invoker.invokeMethod(Invoker.java:643)
	at org.testng.internal.Invoker.invokeTestMethod(Invoker.java:820)
	at org.testng.internal.Invoker.invokeTestMethods(Invoker.java:1128)
	at org.testng.internal.TestMethodWorker.invokeTestMethods(TestMethodWorker.java:129)
	at org.testng.internal.TestMethodWorker.run(TestMethodWorker.java:112)
	at org.testng.TestRunner.privateRun(TestRunner.java:782)
	at org.testng.TestRunner.run(TestRunner.java:632)
	at org.testng.SuiteRunner.runTest(SuiteRunner.java:366)
	at org.testng.SuiteRunner.runSequentially(SuiteRunner.java:361)
	at org.testng.SuiteRunner.privateRun(SuiteRunner.java:319)
	at org.testng.SuiteRunner.run(SuiteRunner.java:268)
	at org.testng.SuiteRunnerWorker.runSuite(SuiteRunnerWorker.java:52)
	at org.testng.SuiteRunnerWorker.run(SuiteRunnerWorker.java:86)
	at org.testng.TestNG.runSuitesSequentially(TestNG.java:1244)
	at org.testng.TestNG.runSuitesLocally(TestNG.java:1169)
	at org.testng.TestNG.run(TestNG.java:1064)
	at org.apache.maven.surefire.testng.TestNGExecutor.run(TestNGExecutor.java:282)
	at org.apache.maven.surefire.testng.TestNGXmlTestSuite.execute(TestNGXmlTestSuite.java:83)
	at org.apache.maven.surefire.testng.TestNGProvider.invoke(TestNGProvider.java:114)
	at org.apache.maven.surefire.booter.ForkedBooter.invokeProviderInSameClassLoader(ForkedBooter.java:286)
	at org.apache.maven.surefire.booter.ForkedBooter.runSuitesInProcess(ForkedBooter.java:240)
	at org.apache.maven.surefire.booter.ForkedBooter.main(ForkedBooter.java:121)
</pre></div></td>
<td>22</td>
<td>com.Script.kotak.fcc.product.InwardRemittanceTest@305289b3</td></tr>
<tr>
<td title='com.Script.kotak.fcc.product.InwardRemittanceTest.FCC_CGIRM0023verifyInwardRemittanceSwiftDetails()'><b>FCC_CGIRM0023verifyInwardRemittanceSwiftDetails</b><br>Test class: com.Script.kotak.fcc.product.InwardRemittanceTest<br/>
<a href="#Output-1270391341" onClick='toggleBox("Output-1270391341", this, "Show output", "Hide output");'>Show output</a>

<a href="#Output-1270391341" onClick="toggleAllBoxes();">Show all outputs</a>
<div class='log' id="Output-1270391341">
Step Description--> Click DI Inward Remittance<br/>
Step Description--> Click DI Inward Remittance<br/>
<a href=C:\Users\Dilip\git\InwardRemittance/target/surefire-reports/ScreenShot/FCC_CGIRM0023verifyInwardRemittanceSwiftDetails	arget="_blank">Screenshot link</a><br/>
<br><br/>
<a href="C:\Users\Dilip\git\InwardRemittance/target/surefire-reports/ScreenShot/FCC_CGIRM0023verifyInwardRemittanceSwiftDetails" target="_blank"><img hight=200 width=200 src="C:\Users\Dilip\git\InwardRemittance/target/surefire-reports/ScreenShot/FCC_CGIRM0023verifyInwardRemittanceSwiftDetails"></a><br/>
Capturing Screenshot for the Failed test -- FCC_CGIRM0023verifyInwardRemittanceSwiftDetails<br/>
</div>
</td>
<td><div><pre>java.lang.AssertionError: expected [true] but found [false]
	at com.generic.Utilities.addAssertTakeScreenShot(Utilities.java:399)
	at com.generic.Utilities.logReporter(Utilities.java:341)
	at com.flows.commonFlows.CommonFlow.navigateToDIInwardRemittance(CommonFlow.java:78)
	at com.Script.kotak.fcc.product.InwardRemittanceTest.FCC_CGIRM0023verifyInwardRemittanceSwiftDetails(InwardRemittanceTest.java:300)
... Removed 31 stack frames</pre></div><a href='#' onClick='toggleBox("stack-trace1270391341", this, "Click to show all stack frames", "Click to hide stack frames")'>Click to show all stack frames</a>
<div class='stack-trace' id='stack-trace1270391341'><pre>java.lang.AssertionError: expected [true] but found [false]
	at org.testng.Assert.fail(Assert.java:94)
	at org.testng.Assert.failNotEquals(Assert.java:513)
	at org.testng.Assert.assertTrue(Assert.java:42)
	at org.testng.Assert.assertTrue(Assert.java:52)
	at com.generic.Utilities.addAssertTakeScreenShot(Utilities.java:399)
	at com.generic.Utilities.logReporter(Utilities.java:341)
	at com.flows.commonFlows.CommonFlow.navigateToDIInwardRemittance(CommonFlow.java:78)
	at com.Script.kotak.fcc.product.InwardRemittanceTest.FCC_CGIRM0023verifyInwardRemittanceSwiftDetails(InwardRemittanceTest.java:300)
	at sun.reflect.NativeMethodAccessorImpl.invoke0(Native Method)
	at sun.reflect.NativeMethodAccessorImpl.invoke(NativeMethodAccessorImpl.java:62)
	at sun.reflect.DelegatingMethodAccessorImpl.invoke(DelegatingMethodAccessorImpl.java:43)
	at java.lang.reflect.Method.invoke(Method.java:498)
	at org.testng.internal.MethodInvocationHelper.invokeMethod(MethodInvocationHelper.java:86)
	at org.testng.internal.Invoker.invokeMethod(Invoker.java:643)
	at org.testng.internal.Invoker.invokeTestMethod(Invoker.java:820)
	at org.testng.internal.Invoker.invokeTestMethods(Invoker.java:1128)
	at org.testng.internal.TestMethodWorker.invokeTestMethods(TestMethodWorker.java:129)
	at org.testng.internal.TestMethodWorker.run(TestMethodWorker.java:112)
	at org.testng.TestRunner.privateRun(TestRunner.java:782)
	at org.testng.TestRunner.run(TestRunner.java:632)
	at org.testng.SuiteRunner.runTest(SuiteRunner.java:366)
	at org.testng.SuiteRunner.runSequentially(SuiteRunner.java:361)
	at org.testng.SuiteRunner.privateRun(SuiteRunner.java:319)
	at org.testng.SuiteRunner.run(SuiteRunner.java:268)
	at org.testng.SuiteRunnerWorker.runSuite(SuiteRunnerWorker.java:52)
	at org.testng.SuiteRunnerWorker.run(SuiteRunnerWorker.java:86)
	at org.testng.TestNG.runSuitesSequentially(TestNG.java:1244)
	at org.testng.TestNG.runSuitesLocally(TestNG.java:1169)
	at org.testng.TestNG.run(TestNG.java:1064)
	at org.apache.maven.surefire.testng.TestNGExecutor.run(TestNGExecutor.java:282)
	at org.apache.maven.surefire.testng.TestNGXmlTestSuite.execute(TestNGXmlTestSuite.java:83)
	at org.apache.maven.surefire.testng.TestNGProvider.invoke(TestNGProvider.java:114)
	at org.apache.maven.surefire.booter.ForkedBooter.invokeProviderInSameClassLoader(ForkedBooter.java:286)
	at org.apache.maven.surefire.booter.ForkedBooter.runSuitesInProcess(ForkedBooter.java:240)
	at org.apache.maven.surefire.booter.ForkedBooter.main(ForkedBooter.java:121)
</pre></div></td>
<td>35</td>
<td>com.Script.kotak.fcc.product.InwardRemittanceTest@305289b3</td></tr>
<tr>
<td title='com.Script.kotak.fcc.product.InwardRemittanceTest.TCID_FCCCGIRM0008VerifySearchCriteriaTransactions()'><b>TCID_FCCCGIRM0008VerifySearchCriteriaTransactions</b><br>Test class: com.Script.kotak.fcc.product.InwardRemittanceTest<br/>
<a href="#Output-966413521" onClick='toggleBox("Output-966413521", this, "Show output", "Hide output");'>Show output</a>

<a href="#Output-966413521" onClick="toggleAllBoxes();">Show all outputs</a>
<div class='log' id="Output-966413521">
Step Description--> Click Inward Remittance<br/>
Step Description--> Click DI Inward Remittance<br/>
Step Description--> clickFTInquiry<br/>
Step Description--> click Filter Button<br/>
Step Description--> check Portal RefId Displayed<br/>
Step Description--> check Customer Reference Displayed<br/>
<a href=C:\Users\Dilip\git\InwardRemittance/target/surefire-reports/ScreenShot/FCC_CG_IRM_0008_VerifySearchCriteriaTransactions	arget="_blank">Screenshot link</a><br/>
<br><br/>
<a href="C:\Users\Dilip\git\InwardRemittance/target/surefire-reports/ScreenShot/FCC_CG_IRM_0008_VerifySearchCriteriaTransactions" target="_blank"><img hight=200 width=200 src="C:\Users\Dilip\git\InwardRemittance/target/surefire-reports/ScreenShot/FCC_CG_IRM_0008_VerifySearchCriteriaTransactions"></a><br/>
Capturing Screenshot for the Failed test -- TCID_FCCCGIRM0008VerifySearchCriteriaTransactions<br/>
</div>
</td>
<td><div><pre>java.lang.AssertionError: expected [true] but found [false]
	at com.generic.Utilities.addAssertTakeScreenShot(Utilities.java:399)
	at com.generic.Utilities.logReporter(Utilities.java:341)
	at com.kotak.fcc.product.InwardRemittance.IR.checkCustomerReferenceDisplayed(IR.java:126)
	at com.kotak.fcc.product.InwardRemittance.IR.verifySearchCriteriaTransactions(IR.java:168)
	at com.Script.kotak.fcc.product.InwardRemittanceTest.TCID_FCCCGIRM0008VerifySearchCriteriaTransactions(InwardRemittanceTest.java:111)
... Removed 31 stack frames</pre></div><a href='#' onClick='toggleBox("stack-trace966413521", this, "Click to show all stack frames", "Click to hide stack frames")'>Click to show all stack frames</a>
<div class='stack-trace' id='stack-trace966413521'><pre>java.lang.AssertionError: expected [true] but found [false]
	at org.testng.Assert.fail(Assert.java:94)
	at org.testng.Assert.failNotEquals(Assert.java:513)
	at org.testng.Assert.assertTrue(Assert.java:42)
	at org.testng.Assert.assertTrue(Assert.java:52)
	at com.generic.Utilities.addAssertTakeScreenShot(Utilities.java:399)
	at com.generic.Utilities.logReporter(Utilities.java:341)
	at com.kotak.fcc.product.InwardRemittance.IR.checkCustomerReferenceDisplayed(IR.java:126)
	at com.kotak.fcc.product.InwardRemittance.IR.verifySearchCriteriaTransactions(IR.java:168)
	at com.Script.kotak.fcc.product.InwardRemittanceTest.TCID_FCCCGIRM0008VerifySearchCriteriaTransactions(InwardRemittanceTest.java:111)
	at sun.reflect.NativeMethodAccessorImpl.invoke0(Native Method)
	at sun.reflect.NativeMethodAccessorImpl.invoke(NativeMethodAccessorImpl.java:62)
	at sun.reflect.DelegatingMethodAccessorImpl.invoke(DelegatingMethodAccessorImpl.java:43)
	at java.lang.reflect.Method.invoke(Method.java:498)
	at org.testng.internal.MethodInvocationHelper.invokeMethod(MethodInvocationHelper.java:86)
	at org.testng.internal.Invoker.invokeMethod(Invoker.java:643)
	at org.testng.internal.Invoker.invokeTestMethod(Invoker.java:820)
	at org.testng.internal.Invoker.invokeTestMethods(Invoker.java:1128)
	at org.testng.internal.TestMethodWorker.invokeTestMethods(TestMethodWorker.java:129)
	at org.testng.internal.TestMethodWorker.run(TestMethodWorker.java:112)
	at org.testng.TestRunner.privateRun(TestRunner.java:782)
	at org.testng.TestRunner.run(TestRunner.java:632)
	at org.testng.SuiteRunner.runTest(SuiteRunner.java:366)
	at org.testng.SuiteRunner.runSequentially(SuiteRunner.java:361)
	at org.testng.SuiteRunner.privateRun(SuiteRunner.java:319)
	at org.testng.SuiteRunner.run(SuiteRunner.java:268)
	at org.testng.SuiteRunnerWorker.runSuite(SuiteRunnerWorker.java:52)
	at org.testng.SuiteRunnerWorker.run(SuiteRunnerWorker.java:86)
	at org.testng.TestNG.runSuitesSequentially(TestNG.java:1244)
	at org.testng.TestNG.runSuitesLocally(TestNG.java:1169)
	at org.testng.TestNG.run(TestNG.java:1064)
	at org.apache.maven.surefire.testng.TestNGExecutor.run(TestNGExecutor.java:282)
	at org.apache.maven.surefire.testng.TestNGXmlTestSuite.execute(TestNGXmlTestSuite.java:83)
	at org.apache.maven.surefire.testng.TestNGProvider.invoke(TestNGProvider.java:114)
	at org.apache.maven.surefire.booter.ForkedBooter.invokeProviderInSameClassLoader(ForkedBooter.java:286)
	at org.apache.maven.surefire.booter.ForkedBooter.runSuitesInProcess(ForkedBooter.java:240)
	at org.apache.maven.surefire.booter.ForkedBooter.main(ForkedBooter.java:121)
</pre></div></td>
<td>38</td>
<td>com.Script.kotak.fcc.product.InwardRemittanceTest@305289b3</td></tr>
<tr>
<td title='com.Script.kotak.fcc.product.InwardRemittanceTest.TCID_FCCCGIRM031verifyPullBackMenuOptionsInFTI()'><b>TCID_FCCCGIRM031verifyPullBackMenuOptionsInFTI</b><br>Test class: com.Script.kotak.fcc.product.InwardRemittanceTest<br/>
<a href="#Output-1978879260" onClick='toggleBox("Output-1978879260", this, "Show output", "Hide output");'>Show output</a>

<a href="#Output-1978879260" onClick="toggleAllBoxes();">Show all outputs</a>
<div class='log' id="Output-1978879260">
<a href=C:\Users\Dilip\git\InwardRemittance/target/surefire-reports/ScreenShot/FCC_CGIRM0023verifyInwardRemittanceSwiftDetails	arget="_blank">Screenshot link</a><br/>
<br><br/>
<a href="C:\Users\Dilip\git\InwardRemittance/target/surefire-reports/ScreenShot/FCC_CGIRM0023verifyInwardRemittanceSwiftDetails" target="_blank"><img hight=200 width=200 src="C:\Users\Dilip\git\InwardRemittance/target/surefire-reports/ScreenShot/FCC_CGIRM0023verifyInwardRemittanceSwiftDetails"></a><br/>
Capturing Screenshot for the Failed test -- TCID_FCCCGIRM031verifyPullBackMenuOptionsInFTI<br/>
</div>
</td>
<td><div><pre>java.lang.RuntimeException: java.lang.NullPointerException
	at com.generic.Utilities.dpString(Utilities.java:515)
	at com.Script.kotak.fcc.product.InwardRemittanceTest.TCID_FCCCGIRM031verifyPullBackMenuOptionsInFTI(InwardRemittanceTest.java:313)
Caused by: java.lang.NullPointerException
	at com.generic.Utilities.dpString(Utilities.java:504)
	... 28 more
... Removed 27 stack frames</pre></div><a href='#' onClick='toggleBox("stack-trace1978879260", this, "Click to show all stack frames", "Click to hide stack frames")'>Click to show all stack frames</a>
<div class='stack-trace' id='stack-trace1978879260'><pre>java.lang.RuntimeException: java.lang.NullPointerException
	at com.generic.Utilities.dpString(Utilities.java:515)
	at com.Script.kotak.fcc.product.InwardRemittanceTest.TCID_FCCCGIRM031verifyPullBackMenuOptionsInFTI(InwardRemittanceTest.java:313)
	at sun.reflect.NativeMethodAccessorImpl.invoke0(Native Method)
	at sun.reflect.NativeMethodAccessorImpl.invoke(NativeMethodAccessorImpl.java:62)
	at sun.reflect.DelegatingMethodAccessorImpl.invoke(DelegatingMethodAccessorImpl.java:43)
	at java.lang.reflect.Method.invoke(Method.java:498)
	at org.testng.internal.MethodInvocationHelper.invokeMethod(MethodInvocationHelper.java:86)
	at org.testng.internal.Invoker.invokeMethod(Invoker.java:643)
	at org.testng.internal.Invoker.invokeTestMethod(Invoker.java:820)
	at org.testng.internal.Invoker.invokeTestMethods(Invoker.java:1128)
	at org.testng.internal.TestMethodWorker.invokeTestMethods(TestMethodWorker.java:129)
	at org.testng.internal.TestMethodWorker.run(TestMethodWorker.java:112)
	at org.testng.TestRunner.privateRun(TestRunner.java:782)
	at org.testng.TestRunner.run(TestRunner.java:632)
	at org.testng.SuiteRunner.runTest(SuiteRunner.java:366)
	at org.testng.SuiteRunner.runSequentially(SuiteRunner.java:361)
	at org.testng.SuiteRunner.privateRun(SuiteRunner.java:319)
	at org.testng.SuiteRunner.run(SuiteRunner.java:268)
	at org.testng.SuiteRunnerWorker.runSuite(SuiteRunnerWorker.java:52)
	at org.testng.SuiteRunnerWorker.run(SuiteRunnerWorker.java:86)
	at org.testng.TestNG.runSuitesSequentially(TestNG.java:1244)
	at org.testng.TestNG.runSuitesLocally(TestNG.java:1169)
	at org.testng.TestNG.run(TestNG.java:1064)
	at org.apache.maven.surefire.testng.TestNGExecutor.run(TestNGExecutor.java:282)
	at org.apache.maven.surefire.testng.TestNGXmlTestSuite.execute(TestNGXmlTestSuite.java:83)
	at org.apache.maven.surefire.testng.TestNGProvider.invoke(TestNGProvider.java:114)
	at org.apache.maven.surefire.booter.ForkedBooter.invokeProviderInSameClassLoader(ForkedBooter.java:286)
	at org.apache.maven.surefire.booter.ForkedBooter.runSuitesInProcess(ForkedBooter.java:240)
	at org.apache.maven.surefire.booter.ForkedBooter.main(ForkedBooter.java:121)
Caused by: java.lang.NullPointerException
	at com.generic.Utilities.dpString(Utilities.java:504)
	... 28 more
</pre></div></td>
<td>0</td>
<td>com.Script.kotak.fcc.product.InwardRemittanceTest@305289b3</td></tr>
<tr>
<td title='com.Script.kotak.fcc.product.InwardRemittanceTest.TCID_FCCCGIRM032verifyPullBackEnquirySubmenuInFTI()'><b>TCID_FCCCGIRM032verifyPullBackEnquirySubmenuInFTI</b><br>Test class: com.Script.kotak.fcc.product.InwardRemittanceTest<br/>
<a href="#Output-385676080" onClick='toggleBox("Output-385676080", this, "Show output", "Hide output");'>Show output</a>

<a href="#Output-385676080" onClick="toggleAllBoxes();">Show all outputs</a>
<div class='log' id="Output-385676080">
<a href=C:\Users\Dilip\git\InwardRemittance/target/surefire-reports/ScreenShot/FCC_CGIRM0023verifyInwardRemittanceSwiftDetails	arget="_blank">Screenshot link</a><br/>
<br><br/>
<a href="C:\Users\Dilip\git\InwardRemittance/target/surefire-reports/ScreenShot/FCC_CGIRM0023verifyInwardRemittanceSwiftDetails" target="_blank"><img hight=200 width=200 src="C:\Users\Dilip\git\InwardRemittance/target/surefire-reports/ScreenShot/FCC_CGIRM0023verifyInwardRemittanceSwiftDetails"></a><br/>
Capturing Screenshot for the Failed test -- TCID_FCCCGIRM032verifyPullBackEnquirySubmenuInFTI<br/>
</div>
</td>
<td><div><pre>java.lang.RuntimeException: java.lang.NullPointerException
	at com.generic.Utilities.dpString(Utilities.java:515)
	at com.Script.kotak.fcc.product.InwardRemittanceTest.TCID_FCCCGIRM032verifyPullBackEnquirySubmenuInFTI(InwardRemittanceTest.java:327)
Caused by: java.lang.NullPointerException
	at com.generic.Utilities.dpString(Utilities.java:504)
	... 28 more
... Removed 27 stack frames</pre></div><a href='#' onClick='toggleBox("stack-trace385676080", this, "Click to show all stack frames", "Click to hide stack frames")'>Click to show all stack frames</a>
<div class='stack-trace' id='stack-trace385676080'><pre>java.lang.RuntimeException: java.lang.NullPointerException
	at com.generic.Utilities.dpString(Utilities.java:515)
	at com.Script.kotak.fcc.product.InwardRemittanceTest.TCID_FCCCGIRM032verifyPullBackEnquirySubmenuInFTI(InwardRemittanceTest.java:327)
	at sun.reflect.NativeMethodAccessorImpl.invoke0(Native Method)
	at sun.reflect.NativeMethodAccessorImpl.invoke(NativeMethodAccessorImpl.java:62)
	at sun.reflect.DelegatingMethodAccessorImpl.invoke(DelegatingMethodAccessorImpl.java:43)
	at java.lang.reflect.Method.invoke(Method.java:498)
	at org.testng.internal.MethodInvocationHelper.invokeMethod(MethodInvocationHelper.java:86)
	at org.testng.internal.Invoker.invokeMethod(Invoker.java:643)
	at org.testng.internal.Invoker.invokeTestMethod(Invoker.java:820)
	at org.testng.internal.Invoker.invokeTestMethods(Invoker.java:1128)
	at org.testng.internal.TestMethodWorker.invokeTestMethods(TestMethodWorker.java:129)
	at org.testng.internal.TestMethodWorker.run(TestMethodWorker.java:112)
	at org.testng.TestRunner.privateRun(TestRunner.java:782)
	at org.testng.TestRunner.run(TestRunner.java:632)
	at org.testng.SuiteRunner.runTest(SuiteRunner.java:366)
	at org.testng.SuiteRunner.runSequentially(SuiteRunner.java:361)
	at org.testng.SuiteRunner.privateRun(SuiteRunner.java:319)
	at org.testng.SuiteRunner.run(SuiteRunner.java:268)
	at org.testng.SuiteRunnerWorker.runSuite(SuiteRunnerWorker.java:52)
	at org.testng.SuiteRunnerWorker.run(SuiteRunnerWorker.java:86)
	at org.testng.TestNG.runSuitesSequentially(TestNG.java:1244)
	at org.testng.TestNG.runSuitesLocally(TestNG.java:1169)
	at org.testng.TestNG.run(TestNG.java:1064)
	at org.apache.maven.surefire.testng.TestNGExecutor.run(TestNGExecutor.java:282)
	at org.apache.maven.surefire.testng.TestNGXmlTestSuite.execute(TestNGXmlTestSuite.java:83)
	at org.apache.maven.surefire.testng.TestNGProvider.invoke(TestNGProvider.java:114)
	at org.apache.maven.surefire.booter.ForkedBooter.invokeProviderInSameClassLoader(ForkedBooter.java:286)
	at org.apache.maven.surefire.booter.ForkedBooter.runSuitesInProcess(ForkedBooter.java:240)
	at org.apache.maven.surefire.booter.ForkedBooter.main(ForkedBooter.java:121)
Caused by: java.lang.NullPointerException
	at com.generic.Utilities.dpString(Utilities.java:504)
	... 28 more
</pre></div></td>
<td>0</td>
<td>com.Script.kotak.fcc.product.InwardRemittanceTest@305289b3</td></tr>
<tr>
<td title='com.Script.kotak.fcc.product.InwardRemittanceTest.TCID_FCCCGIRM033verifyFunctionalityOfPullBackFCCSubmenu()'><b>TCID_FCCCGIRM033verifyFunctionalityOfPullBackFCCSubmenu</b><br>Test class: com.Script.kotak.fcc.product.InwardRemittanceTest<br/>
<a href="#Output-1853216042" onClick='toggleBox("Output-1853216042", this, "Show output", "Hide output");'>Show output</a>

<a href="#Output-1853216042" onClick="toggleAllBoxes();">Show all outputs</a>
<div class='log' id="Output-1853216042">
<a href=C:\Users\Dilip\git\InwardRemittance/target/surefire-reports/ScreenShot/FCC_CGIRM0023verifyInwardRemittanceSwiftDetails	arget="_blank">Screenshot link</a><br/>
<br><br/>
<a href="C:\Users\Dilip\git\InwardRemittance/target/surefire-reports/ScreenShot/FCC_CGIRM0023verifyInwardRemittanceSwiftDetails" target="_blank"><img hight=200 width=200 src="C:\Users\Dilip\git\InwardRemittance/target/surefire-reports/ScreenShot/FCC_CGIRM0023verifyInwardRemittanceSwiftDetails"></a><br/>
Capturing Screenshot for the Failed test -- TCID_FCCCGIRM033verifyFunctionalityOfPullBackFCCSubmenu<br/>
</div>
</td>
<td><div><pre>java.lang.RuntimeException: java.lang.NullPointerException
	at com.generic.Utilities.dpString(Utilities.java:515)
	at com.Script.kotak.fcc.product.InwardRemittanceTest.TCID_FCCCGIRM033verifyFunctionalityOfPullBackFCCSubmenu(InwardRemittanceTest.java:345)
Caused by: java.lang.NullPointerException
	at com.generic.Utilities.dpString(Utilities.java:504)
	... 28 more
... Removed 27 stack frames</pre></div><a href='#' onClick='toggleBox("stack-trace1853216042", this, "Click to show all stack frames", "Click to hide stack frames")'>Click to show all stack frames</a>
<div class='stack-trace' id='stack-trace1853216042'><pre>java.lang.RuntimeException: java.lang.NullPointerException
	at com.generic.Utilities.dpString(Utilities.java:515)
	at com.Script.kotak.fcc.product.InwardRemittanceTest.TCID_FCCCGIRM033verifyFunctionalityOfPullBackFCCSubmenu(InwardRemittanceTest.java:345)
	at sun.reflect.NativeMethodAccessorImpl.invoke0(Native Method)
	at sun.reflect.NativeMethodAccessorImpl.invoke(NativeMethodAccessorImpl.java:62)
	at sun.reflect.DelegatingMethodAccessorImpl.invoke(DelegatingMethodAccessorImpl.java:43)
	at java.lang.reflect.Method.invoke(Method.java:498)
	at org.testng.internal.MethodInvocationHelper.invokeMethod(MethodInvocationHelper.java:86)
	at org.testng.internal.Invoker.invokeMethod(Invoker.java:643)
	at org.testng.internal.Invoker.invokeTestMethod(Invoker.java:820)
	at org.testng.internal.Invoker.invokeTestMethods(Invoker.java:1128)
	at org.testng.internal.TestMethodWorker.invokeTestMethods(TestMethodWorker.java:129)
	at org.testng.internal.TestMethodWorker.run(TestMethodWorker.java:112)
	at org.testng.TestRunner.privateRun(TestRunner.java:782)
	at org.testng.TestRunner.run(TestRunner.java:632)
	at org.testng.SuiteRunner.runTest(SuiteRunner.java:366)
	at org.testng.SuiteRunner.runSequentially(SuiteRunner.java:361)
	at org.testng.SuiteRunner.privateRun(SuiteRunner.java:319)
	at org.testng.SuiteRunner.run(SuiteRunner.java:268)
	at org.testng.SuiteRunnerWorker.runSuite(SuiteRunnerWorker.java:52)
	at org.testng.SuiteRunnerWorker.run(SuiteRunnerWorker.java:86)
	at org.testng.TestNG.runSuitesSequentially(TestNG.java:1244)
	at org.testng.TestNG.runSuitesLocally(TestNG.java:1169)
	at org.testng.TestNG.run(TestNG.java:1064)
	at org.apache.maven.surefire.testng.TestNGExecutor.run(TestNGExecutor.java:282)
	at org.apache.maven.surefire.testng.TestNGXmlTestSuite.execute(TestNGXmlTestSuite.java:83)
	at org.apache.maven.surefire.testng.TestNGProvider.invoke(TestNGProvider.java:114)
	at org.apache.maven.surefire.booter.ForkedBooter.invokeProviderInSameClassLoader(ForkedBooter.java:286)
	at org.apache.maven.surefire.booter.ForkedBooter.runSuitesInProcess(ForkedBooter.java:240)
	at org.apache.maven.surefire.booter.ForkedBooter.main(ForkedBooter.java:121)
Caused by: java.lang.NullPointerException
	at com.generic.Utilities.dpString(Utilities.java:504)
	... 28 more
</pre></div></td>
<td>0</td>
<td>com.Script.kotak.fcc.product.InwardRemittanceTest@305289b3</td></tr>
</table><p>
<table width='100%' border='1' class='invocation-passed'>
<tr><td colspan='4' align='center'><b>PASSED TESTS</b></td></tr>
<tr><td><b>Test method</b></td>
<td width="30%"><b>Exception</b></td>
<td width="10%"><b>Time (seconds)</b></td>
<td><b>Instance</b></td>
</tr>
<tr>
<td title='com.Script.kotak.fcc.product.InwardRemittanceTest.FCC_CGIRM0019verifyFieldValidationPurposeType()'><b>FCC_CGIRM0019verifyFieldValidationPurposeType</b><br>Test class: com.Script.kotak.fcc.product.InwardRemittanceTest<br/>
<a href="#Output-1035130833" onClick='toggleBox("Output-1035130833", this, "Show output", "Hide output");'>Show output</a>

<a href="#Output-1035130833" onClick="toggleAllBoxes();">Show all outputs</a>
<div class='log' id="Output-1035130833">
Step Description--> Click DI Inward Remittance<br/>
Step Description--> Click DI Inward Remittance<br/>
Step Description--> click Edit Transactions<br/>
Step Description--> clickFTInquiry<br/>
Step Description--> click Next Button<br/>
Step Description--> click On type<br/>
Step Description--> click On Option<br/>
Step Description--> Verify Disposal Value<br/>
Step Description--> Verify Feild mandatory <br/>
Step Description--> Verify Feild mandatory <br/>
</div>
</td>
<td></td>
<td>35</td>
<td>com.Script.kotak.fcc.product.InwardRemittanceTest@305289b3</td></tr>
<tr>
<td title='com.Script.kotak.fcc.product.InwardRemittanceTest.FCC_CGIRM0020verifyverifyFieldValidationRealisatiopExportBillsInwardRemittance()'><b>FCC_CGIRM0020verifyverifyFieldValidationRealisatiopExportBillsInwardRemittance</b><br>Test class: com.Script.kotak.fcc.product.InwardRemittanceTest<br/>
<a href="#Output-947535197" onClick='toggleBox("Output-947535197", this, "Show output", "Hide output");'>Show output</a>

<a href="#Output-947535197" onClick="toggleAllBoxes();">Show all outputs</a>
<div class='log' id="Output-947535197">
Step Description--> Click DI Inward Remittance<br/>
Step Description--> Click DI Inward Remittance<br/>
Step Description--> click Edit Transactions<br/>
Step Description--> clickFTInquiry<br/>
Step Description--> click Next Button<br/>
Step Description--> click On type<br/>
Step Description--> click On Option<br/>
Step Description--> Verify Disposal Value<br/>
</div>
</td>
<td></td>
<td>33</td>
<td>com.Script.kotak.fcc.product.InwardRemittanceTest@305289b3</td></tr>
<tr>
<td title='com.Script.kotak.fcc.product.InwardRemittanceTest.TCIDFCCCGIRM001MessageToBankMenuOptionsVerification()'><b>TCIDFCCCGIRM001MessageToBankMenuOptionsVerification</b><br>Test class: com.Script.kotak.fcc.product.InwardRemittanceTest<br/>
<a href="#Output-561206579" onClick='toggleBox("Output-561206579", this, "Show output", "Hide output");'>Show output</a>

<a href="#Output-561206579" onClick="toggleAllBoxes();">Show all outputs</a>
<div class='log' id="Output-561206579">
Step Description--> open new URL <br/>
Step Description--> Open AUT URL -----> https://nbuat.kotak.com/knb2/<br/>
Step Description--> Set user name|| Input Value : 105360700<br/>
Step Description--> Click 'Next' button<br/>
Step Description--> Set password|| Input Value : Quality123<br/>
Step Description--> Click 'SecureLogin' button<br/>
Step Description--> Verify user login is successfull by using page title || Expected Result : Kotak Net Banking || Actual Result : Kotak Net Banking<br/>
Step Description--> Click 'Trade Link' <br/>
Step Description--> Click 'Trade Link' <br/>
Step Description--> Click DI Inward Remittance<br/>
Step Description--> Click DI Inward Remittance<br/>
Step Description--> check Edit Transactions Displayed<br/>
Step Description--> check Review Displayed<br/>
</div>
</td>
<td></td>
<td>95</td>
<td>com.Script.kotak.fcc.product.InwardRemittanceTest@305289b3</td></tr>
<tr>
<td title='com.Script.kotak.fcc.product.InwardRemittanceTest.TCID_FCCCGIRM0010VerifyMenuOptionsAvailable()'><b>TCID_FCCCGIRM0010VerifyMenuOptionsAvailable</b><br>Test class: com.Script.kotak.fcc.product.InwardRemittanceTest<br/>
<a href="#Output-1182982351" onClick='toggleBox("Output-1182982351", this, "Show output", "Hide output");'>Show output</a>

<a href="#Output-1182982351" onClick="toggleAllBoxes();">Show all outputs</a>
<div class='log' id="Output-1182982351">
Step Description--> Click DI Inward Remittance<br/>
Step Description--> Click DI Inward Remittance<br/>
Step Description--> check DI Inward Remittance Displayed<br/>
</div>
</td>
<td></td>
<td>17</td>
<td>com.Script.kotak.fcc.product.InwardRemittanceTest@305289b3</td></tr>
<tr>
<td title='com.Script.kotak.fcc.product.InwardRemittanceTest.TCID_FCCCGIRM0011VerifyTransactionsReceivedFromNostroUtility()'><b>TCID_FCCCGIRM0011VerifyTransactionsReceivedFromNostroUtility</b><br>Test class: com.Script.kotak.fcc.product.InwardRemittanceTest<br/>
<a href="#Output-1755228778" onClick='toggleBox("Output-1755228778", this, "Show output", "Hide output");'>Show output</a>

<a href="#Output-1755228778" onClick="toggleAllBoxes();">Show all outputs</a>
<div class='log' id="Output-1755228778">
Step Description--> Click DI Inward Remittance<br/>
Step Description--> Click DI Inward Remittance<br/>
Step Description--> click Edit Transactions<br/>
Step Description--> check Transactions Received From Nostro Utility Displayed<br/>
</div>
</td>
<td></td>
<td>20</td>
<td>com.Script.kotak.fcc.product.InwardRemittanceTest@305289b3</td></tr>
<tr>
<td title='com.Script.kotak.fcc.product.InwardRemittanceTest.TCID_FCCCGIRM0025verifyAuditDetailsForInwardRemittanceTransaction()'><b>TCID_FCCCGIRM0025verifyAuditDetailsForInwardRemittanceTransaction</b><br>Test class: com.Script.kotak.fcc.product.InwardRemittanceTest<br/>
<a href="#Output-2058840263" onClick='toggleBox("Output-2058840263", this, "Show output", "Hide output");'>Show output</a>

<a href="#Output-2058840263" onClick="toggleAllBoxes();">Show all outputs</a>
<div class='log' id="Output-2058840263">
Step Description--> Click Inward Remittance<br/>
Step Description--> Click DI Inward Remittance<br/>
Step Description--> click On Details<br/>
Step Description--> click On Transction Button<br/>
</div>
</td>
<td></td>
<td>12</td>
<td>com.Script.kotak.fcc.product.InwardRemittanceTest@305289b3</td></tr>
<tr>
<td title='com.Script.kotak.fcc.product.InwardRemittanceTest.TCID_FCCCGIRM0026verifyAuditDetailsForRemittanceCreditTransaction()'><b>TCID_FCCCGIRM0026verifyAuditDetailsForRemittanceCreditTransaction</b><br>Test class: com.Script.kotak.fcc.product.InwardRemittanceTest<br/>
<a href="#Output-1111816930" onClick='toggleBox("Output-1111816930", this, "Show output", "Hide output");'>Show output</a>

<a href="#Output-1111816930" onClick="toggleAllBoxes();">Show all outputs</a>
<div class='log' id="Output-1111816930">
Step Description--> Click DI Inward Remittance<br/>
Step Description--> Click DI Inward Remittance<br/>
Step Description--> click On Details<br/>
Step Description--> click On Transction Button<br/>
</div>
</td>
<td></td>
<td>21</td>
<td>com.Script.kotak.fcc.product.InwardRemittanceTest@305289b3</td></tr>
<tr>
<td title='com.Script.kotak.fcc.product.InwardRemittanceTest.TCID_FCCCGIRM0034verifyTransactionCopyValidation()'><b>TCID_FCCCGIRM0034verifyTransactionCopyValidation</b><br>Test class: com.Script.kotak.fcc.product.InwardRemittanceTest<br/>
<a href="#Output-617293499" onClick='toggleBox("Output-617293499", this, "Show output", "Hide output");'>Show output</a>

<a href="#Output-617293499" onClick="toggleAllBoxes();">Show all outputs</a>
<div class='log' id="Output-617293499">
Step Description--> Click DI Inward Remittance<br/>
Step Description--> Click DI Inward Remittance<br/>
Step Description--> click On View<br/>
Step Description--> click On Download<br/>
Step Description--> Click DI Inward Remittance<br/>
Step Description--> Click DI Inward Remittance<br/>
</div>
</td>
<td></td>
<td>40</td>
<td>com.Script.kotak.fcc.product.InwardRemittanceTest@305289b3</td></tr>
</table><p>
</body>
</html>